0.350057   0.00274069    -5.81741e-05    4.51264e-05    
0.350806   0.00274027    -5.81741e-05    4.40884e-05    
0.351556   0.00273714    -5.81741e-05    4.30065e-05    
0.352305   0.00274485    -5.81741e-05    4.20917e-05    
0.353055   0.00275793    -5.81741e-05    4.12497e-05    
0.353805   0.00277904    -6.19888e-05    4.05133e-05    
0.354554   0.00277855    -6.00815e-05    3.94525e-05    
0.355304   0.00278611    -6.38962e-05    3.85019e-05    
0.356053   0.00302934    -6.67572e-05    4.07112e-05    
0.356803   0.00303099    -6.77109e-05    3.95791e-05    
0.357553   0.00302997    -6.77109e-05    3.84102e-05    
0.358302   0.00306888    -6.86646e-05    3.77314e-05    
0.359052   0.00401867    -8.10623e-05    4.7872e-05    
0.359801   0.0040527    -8.29697e-05    4.67254e-05    
0.360551   0.00450187    -8.96454e-05    5.01777e-05    
0.3613   0.00449781    -9.15527e-05    4.84054e-05    
0.36205   0.00463337    -9.44138e-05    4.80828e-05    
0.3628   0.00462906    -9.44138e-05    4.62559e-05    
0.363549   0.00464312    -9.63211e-05    4.46066e-05    
0.364299   0.00547651    -0.000114441    5.04993e-05    
0.365048   0.00548094    -0.000116348    4.84221e-05    
0.365798   0.00548014    -0.000117302    4.62947e-05    
0.366548   0.00547413    -0.000117302    4.41234e-05    
0.367297   0.00548114    -0.000117302    4.20541e-05    
0.368047   0.00548552    -0.000118256    3.99578e-05    
0.368796   0.00683973    -0.000160217    4.71634e-05    
0.369546   0.00683618    -0.000161171    4.44785e-05    
0.370296   0.0077495    -0.000188828    4.74017e-05    
0.371045   0.00776469    -0.000190735    4.44662e-05    
0.371795   0.00814662    -0.000199318    4.34725e-05    
0.372544   0.00815071    -0.000202179    4.03086e-05    
0.373294   0.00872704    -0.000225067    3.97442e-05    
0.374043   0.00887018    -0.000230789    3.69219e-05    
0.374793   0.00907127    -0.000235558    3.42025e-05    
0.375543   0.00907856    -0.000236511    3.06671e-05    
0.376292   0.00926576    -0.00024128    2.76596e-05    
0.377042   0.00960398    -0.000252724    2.48929e-05    
0.377791   0.00959502    -0.000254631    2.10933e-05    
0.378541   0.0110624    -0.000276566    1.99613e-05    
0.379291   0.0110607    -0.000278473    1.5597e-05    
0.38004   0.0122133    -0.000312805    1.24024e-05    
0.38079   0.0122118    -0.000315666    7.57734e-06    
0.381539   0.0122178    -0.000317574    2.75106e-06    
0.382289   0.0122761    -0.000320435    -2.09295e-06    
0.383039   0.0163677    -0.000450134    -9.27183e-06    
0.383788   0.02057    -0.000536919    -1.98042e-05    
0.384538   0.0206589    -0.000543594    -2.80834e-05    
0.385287   0.0210048    -0.000554085    -3.68909e-05    
0.386037   0.0220979    -0.000576973    -4.75886e-05    
0.386786   0.0310004    -0.000845909    -7.90835e-05    
0.387536   0.031285    -0.0008564    -9.22547e-05    
0.388286   0.0348989    -0.000954628    -0.000116804    
0.389035   0.0368541    -0.00101376    -0.000138029    
0.389785   0.0371747    -0.00102997    -0.000154049    
0.390534   0.0397089    -0.00110817    -0.00018039    
0.391284   0.0401617    -0.00112152    -0.000198478    
0.392034   0.0402382    -0.00112534    -0.000214927    
0.392783   0.040715    -0.00120068    -0.000233745    
0.393533   0.131109    -0.00372887    -0.000805127    
0.394282   0.143449    -0.00407028    -0.000938305    
0.395032   0.144495    -0.00414658    -0.00100299    
0.395782   0.14694    -0.00424767    -0.00107882    
0.396531   0.148954    -0.0043354    -0.00115331    
0.397281   0.151479    -0.00443935    -0.0012336    
0.39803   0.172724    -0.00510788    -0.00147591    
0.39878   0.19232    -0.00568962    -0.00172055    
0.399529   0.195189    -0.00581264    -0.00182459    
0.400279   0.208883    -0.0062685    -0.00203652    
0.401029   0.219425    -0.00663757    -0.00222749    
0.401778   0.32041    -0.00968361    -0.00338148    
0.402528   0.343624    -0.0104122    -0.0037647    
0.403277   0.37687    -0.0114536    -0.00428061    
0.404027   0.405554    -0.0123568    -0.00476968    
0.404777   0.409241    -0.0125484    -0.00497786    
0.405526   0.426247    -0.0131197    -0.00535644    
0.406276   0.432773    -0.0134211    -0.00561285    
0.407025   0.442826    -0.0137959    -0.00592176    
0.407775   0.600342    -0.0189295    -0.00827025    
0.408525   0.62727    -0.0198917    -0.00889424    
0.409274   0.674062    -0.0214672    -0.00982969    
0.410024   0.695028    -0.0222931    -0.0104159    
0.410773   0.710441    -0.0229406    -0.0109337    
0.411523   0.759036    -0.0247002    -0.0119881    
0.412272   0.774295    -0.0253477    -0.0125418    
0.413022   0.782008    -0.0257998    -0.0129826    
0.413772   0.789901    -0.0262289    -0.0134328    
0.414521   0.799771    -0.0267401    -0.0139239    
0.415271   0.806967    -0.027113    -0.0143753    
0.41602   0.819861    -0.0276976    -0.0149364    
0.41677   0.825464    -0.0280666    -0.0153722    
0.41752   0.832675    -0.0285282    -0.0158431    
0.418269   0.83715    -0.0288773    -0.0162668    
0.419019   0.839574    -0.0291605    -0.0166534    
0.419768   0.84636    -0.0295849    -0.0171303    
0.420518   0.849532    -0.0299082    -0.0175381    
0.421268   0.852863    -0.0302334    -0.0179518    
0.422017   0.85512    -0.0305233    -0.0183452    
0.422767   0.860937    -0.0309248    -0.0188182    
0.423516   0.863935    -0.0312767    -0.0192332    
0.424266   0.867178    -0.0316029    -0.0196561    
0.425015   0.876076    -0.0321627    -0.0202122    
0.425765   0.880228    -0.0325537    -0.0206639    
0.426515   0.884049    -0.0329323    -0.0211112    
0.427264   0.887277    -0.0332794    -0.0215471    
0.428014   0.889698    -0.0335951    -0.0219656    
0.428763   0.893348    -0.0339603    -0.0224169    
0.429513   0.895412    -0.0342722    -0.0228307    
0.430263   0.898966    -0.0346003    -0.0232846    
0.431012   0.904421    -0.035037    -0.0237915    
0.431762   0.907902    -0.0354195    -0.0242499    
0.432511   0.911722    -0.0357895    -0.0247203    
0.433261   0.913437    -0.0360699    -0.0251358    
0.434011   0.914914    -0.0363674    -0.0255459    
0.43476   0.917774    -0.0367184    -0.0259963    
0.43551   0.919186    -0.037035    -0.0264074    
0.436259   0.921463    -0.0373716    -0.0268446    
0.437009   0.922776    -0.037673    -0.0272552    
0.437758   0.924176    -0.0379982    -0.0276693    
0.438508   0.926119    -0.0383558    -0.028101    
0.439258   0.927943    -0.0386686    -0.0285304    
0.440007   0.929475    -0.0390015    -0.0289521    
0.440757   0.931436    -0.0393171    -0.0293884    
0.441506   0.933732    -0.0396185    -0.0298369    
0.442256   0.935063    -0.0399342    -0.0302558    
0.443006   0.936126    -0.0402861    -0.030667    
0.443755   0.937829    -0.0406427    -0.0311    
0.444505   0.9393    -0.0409451    -0.0315265    
0.445254   0.940923    -0.0412703    -0.0319592    
0.446004   0.942198    -0.0416059    -0.032381    
0.446754   0.943397    -0.0419941    -0.0328011    
0.447503   0.944481    -0.0423374    -0.0332179    
0.448253   0.945663    -0.0426588    -0.0336389    
0.449002   0.946658    -0.0429935    -0.0340539    
0.449752   0.947551    -0.0433445    -0.0344658    
0.450501   0.948455    -0.0436745    -0.0348787    
0.451251   0.949492    -0.0439959    -0.035297    
0.452001   0.950187    -0.0443344    -0.0357031    
0.45275   0.951388    -0.0446806    -0.0361288    
0.4535   0.952188    -0.0450068    -0.0365398    
0.454249   0.953793    -0.0453596    -0.0369824    
0.454999   0.954957    -0.0456743    -0.0374088    
0.455749   0.955623    -0.046032    -0.0378162    
0.456498   0.956664    -0.0463524    -0.0382389    
0.457248   0.957417    -0.0466576    -0.0386505    
0.457997   0.958171    -0.0469952    -0.0390626    
0.458747   0.959227    -0.0473318    -0.0394874    
0.459496   0.95981    -0.0476151    -0.0398931    
0.460246   0.960707    -0.0479631    -0.0403122    
0.460996   0.961435    -0.0483217    -0.0407246    
0.461745   0.962386    -0.0486536    -0.0411468    
0.462495   0.963051    -0.0489702    -0.0415572    
0.463244   0.964002    -0.0493183    -0.0419802    
0.463994   0.964804    -0.0496407    -0.0423972    
0.464744   0.965548    -0.0499802    -0.0428119    
0.465493   0.96627    -0.0503368    -0.0432259    
0.466243   0.966925    -0.0506611    -0.0436372    
0.466992   0.967542    -0.050993    -0.0440469    
0.467742   0.96813    -0.0513363    -0.0444555    
0.468492   0.968737    -0.0516729    -0.044865    
0.469241   0.969287    -0.0519896    -0.0452721    
0.469991   0.970024    -0.0523653    -0.0456881    
0.47074   0.970596    -0.0527077    -0.0460964    
0.47149   0.971252    -0.0530376    -0.0465089    
0.472239   0.971792    -0.0533466    -0.046916    
0.472989   0.97228    -0.0536661    -0.0473206    
0.473739   0.972956    -0.0540133    -0.0477344    
0.474488   0.973443    -0.0543766    -0.048139    
0.475238   0.97376    -0.0547018    -0.0485352    
0.475987   0.974184    -0.0550385    -0.0489366    
0.476737   0.975053    -0.0553875    -0.0493605    
0.477487   0.975689    -0.0557489    -0.0497728    
0.478236   0.976158    -0.0560627    -0.0501766    
0.478986   0.976587    -0.0563917    -0.0505783    
0.479735   0.977071    -0.0567188    -0.0509828    
0.480485   0.977474    -0.0570545    -0.051383    
0.481235   0.978042    -0.0573807    -0.0517918    
0.481984   0.97851    -0.0576963    -0.0521953    
0.482734   0.979021    -0.0580311    -0.052601    
0.483483   0.979275    -0.0583763    -0.0529928    
0.484233   0.979453    -0.0587053    -0.0533802    
0.484982   0.979844    -0.0590544    -0.0537791    
0.485732   0.980036    -0.0593901    -0.0541667    
0.486482   0.980312    -0.0596876    -0.0545587    
0.487231   0.980761    -0.0600433    -0.0549602    
0.487981   0.981113    -0.0603762    -0.0553561    
0.48873   0.981507    -0.0606928    -0.0557541    
0.48948   0.981929    -0.0610313    -0.0561536    
0.49023   0.982317    -0.0613794    -0.0565509    
0.490979   0.982707    -0.0617132    -0.0569482    
0.491729   0.98298    -0.0620422    -0.0573385    
0.492478   0.983375    -0.0623817    -0.0577357    
0.493228   0.983708    -0.0627136    -0.058129    
0.493978   0.983926    -0.0630579    -0.0585151    
0.494727   0.984141    -0.0633936    -0.0589008    
0.495477   0.984404    -0.0637388    -0.059289    
0.496226   0.98461    -0.0640554    -0.0596734    
0.496976   0.984915    -0.0643854    -0.0600635    
0.497725   0.985162    -0.0647202    -0.0604497    
0.498475   0.985393    -0.0650339    -0.0608346    
0.499225   0.985642    -0.0654116    -0.0612202    
0.499974   0.98598    -0.0657215    -0.0616111    
