0.350057   0.00304854    -6.38962e-05    5.01952e-05    
0.350806   0.00306106    -6.67572e-05    4.92496e-05    
0.351556   0.00305995    -6.67572e-05    4.80787e-05    
0.352305   0.00305886    -6.58035e-05    4.69069e-05    
0.353055   0.00305777    -6.67572e-05    4.57342e-05    
0.353805   0.00306476    -6.67572e-05    4.46786e-05    
0.354554   0.00308787    -6.67572e-05    4.38446e-05    
0.355304   0.00316188    -7.15256e-05    4.36948e-05    
0.356053   0.00347396    -7.72476e-05    4.66864e-05    
0.356803   0.00347468    -7.9155e-05    4.53729e-05    
0.357553   0.00348073    -7.9155e-05    4.41244e-05    
0.358302   0.00347877    -8.10623e-05    4.2771e-05    
0.359052   0.00347948    -8.2016e-05    4.1449e-05    
0.359801   0.00347488    -8.2016e-05    4.00635e-05    
0.360551   0.00352056    -8.2016e-05    3.924e-05    
0.3613   0.00352645    -8.10623e-05    3.79516e-05    
0.36205   0.00361925    -8.10623e-05    3.75587e-05    
0.3628   0.00361177    -8.10623e-05    3.60906e-05    
0.363549   0.00360695    -8.10623e-05    3.4652e-05    
0.364299   0.00360214    -8.2016e-05    3.32156e-05    
0.365048   0.00375933    -8.39233e-05    3.32123e-05    
0.365798   0.0041818    -9.44138e-05    3.53267e-05    
0.366548   0.00417585    -9.53674e-05    3.36588e-05    
0.367297   0.00417252    -9.53674e-05    3.20137e-05    
0.368047   0.00416661    -9.63211e-05    3.03506e-05    
0.368796   0.00441415    -0.000114441    3.04378e-05    
0.369546   0.00442068    -0.000116348    2.87624e-05    
0.370296   0.00443233    -0.000117302    2.71114e-05    
0.371045   0.00442595    -0.000117302    2.53462e-05    
0.371795   0.00445807    -0.000110626    2.37894e-05    
0.372544   0.00445934    -0.00011158    2.20533e-05    
0.373294   0.00445805    -0.00011158    2.03026e-05    
0.374043   0.00446186    -0.000118256    1.85724e-05    
0.374793   0.00447075    -0.000121117    1.68566e-05    
0.375543   0.00447198    -0.000114441    1.51062e-05    
0.376292   0.00541601    -0.0001297    1.61675e-05    
0.377042   0.00703921    -0.000125885    1.82452e-05    
0.377791   0.00703786    -0.000127792    1.54718e-05    
0.378541   0.00704912    -0.000128746    1.27196e-05    
0.379291   0.00706285    -0.000131607    9.95951e-06    
0.38004   0.00828605    -0.000211716    8.41435e-06    
0.38079   0.00827976    -0.000212669    5.13755e-06    
0.381539   0.0111455    -0.00022316    2.50961e-06    
0.382289   0.0112309    -0.000230789    -1.91474e-06    
0.383039   0.0173213    -0.000394821    -9.81201e-06    
0.383788   0.017434    -0.00039959    -1.6785e-05    
0.384538   0.017467    -0.000403404    -2.37445e-05    
0.385287   0.0177697    -0.000416756    -3.1209e-05    
0.386037   0.019709    -0.000466347    -4.2444e-05    
0.386786   0.019804    -0.000473976    -5.05209e-05    
0.387536   0.020029    -0.000483513    -5.90625e-05    
0.388286   0.0210268    -0.000510216    -7.03753e-05    
0.389035   0.0210721    -0.000517845    -7.89212e-05    
0.389785   0.0213496    -0.000531197    -8.84713e-05    
0.390534   0.0236236    -0.000613213    -0.000107318    
0.391284   0.0236832    -0.000623703    -0.000117042    
0.392034   0.0237668    -0.000636101    -0.000126947    
0.392783   0.0338025    -0.000928879    -0.000194061    
0.393533   0.0398353    -0.0011158    -0.000244625    
0.394282   0.0401925    -0.00113106    -0.0002629    
0.395032   0.0404301    -0.00115204    -0.00028064    
0.395782   0.0414595    -0.00119305    -0.000304393    
0.396531   0.0457415    -0.00130749    -0.000354163    
0.397281   0.0624251    -0.00177765    -0.000508371    
0.39803   0.0797144    -0.00235271    -0.000681149    
0.39878   0.100198    -0.00296879    -0.000896399    
0.399529   0.121875    -0.00362682    -0.00113927    
0.400279   0.229518    -0.00678062    -0.0022377    
0.401029   0.235557    -0.00698757    -0.00239126    
0.401778   0.255348    -0.00759983    -0.00269485    
0.402528   0.369003    -0.011013    -0.00404275    
0.403277   0.391194    -0.0117931    -0.00444331    
0.404027   0.420948    -0.012785    -0.00495073    
0.404777   0.442975    -0.013567    -0.00538819    
0.405526   0.516423    -0.0159531    -0.00648963    
0.406276   0.529033    -0.0164404    -0.0068613    
0.407025   0.535962    -0.0167742    -0.00716723    
0.407775   0.542718    -0.0171232    -0.00747643    
0.408525   0.554655    -0.0175819    -0.00786461    
0.409274   0.685976    -0.0219059    -0.0100034    
0.410024   0.706134    -0.0226564    -0.0105824    
0.410773   0.744386    -0.0239906    -0.0114561    
0.411523   0.750258    -0.0243845    -0.0118495    
0.412272   0.767055    -0.0251055    -0.0124245    
0.413022   0.77564    -0.0255785    -0.0128769    
0.413772   0.783943    -0.0260019    -0.0133315    
0.414521   0.786303    -0.0262737    -0.0136894    
0.415271   0.801986    -0.0269909    -0.0142865    
0.41602   0.807172    -0.0273886    -0.0147052    
0.41677   0.817752    -0.0279102    -0.0152286    
0.41752   0.824731    -0.0283203    -0.015692    
0.418269   0.834421    -0.0288458    -0.0162137    
0.419019   0.838108    -0.0291567    -0.0166243    
0.419768   0.8434    -0.029501    -0.0170704    
0.420518   0.845788    -0.0298328    -0.0174608    
0.421268   0.850529    -0.0301952    -0.0179027    
0.422017   0.855838    -0.0305891    -0.0183606    
0.422767   0.861724    -0.0310211    -0.0188354    
0.423516   0.867623    -0.0314417    -0.0193153    
0.424266   0.873106    -0.0318069    -0.0197905    
0.425015   0.876157    -0.0321302    -0.020214    
0.425765   0.879892    -0.0324793    -0.020656    
0.426515   0.88322    -0.0328302    -0.0210914    
0.427264   0.889328    -0.0332832    -0.0215969    
0.428014   0.891478    -0.0336294    -0.0220095    
0.428763   0.893848    -0.0339622    -0.0224294    
0.429513   0.897497    -0.034339    -0.0228838    
0.430263   0.899706    -0.034668    -0.0233038    
0.431012   0.901239    -0.0349607    -0.0237078    
0.431762   0.90316    -0.0352745    -0.0241232    
0.432511   0.905497    -0.0356512    -0.0245515    
0.433261   0.90815    -0.0360022    -0.0249903    
0.434011   0.911897    -0.0364294    -0.0254617    
0.43476   0.914473    -0.0367823    -0.0259028    
0.43551   0.916243    -0.0371428    -0.0263228    
0.436259   0.918435    -0.0374756    -0.0267564    
0.437009   0.920179    -0.0377951    -0.0271785    
0.437758   0.921228    -0.038085    -0.0275811    
0.438508   0.923342    -0.0384102    -0.0280167    
0.439258   0.924346    -0.0387163    -0.0284198    
0.440007   0.925825    -0.0390396    -0.0288384    
0.440757   0.927418    -0.0393648    -0.0292616    
0.441506   0.92955    -0.0396976    -0.0297032    
0.442256   0.930838    -0.0400267    -0.0301191    
0.443006   0.9326    -0.0403385    -0.0305514    
0.443755   0.934212    -0.0406733    -0.03098    
0.444505   0.936026    -0.0409994    -0.0314166    
0.445254   0.937374    -0.0413179    -0.0318386    
0.446004   0.938429    -0.0416298    -0.0322515    
0.446754   0.939593    -0.0419388    -0.0326688    
0.447503   0.941156    -0.0422878    -0.033101    
0.448253   0.943554    -0.0426788    -0.0335639    
0.449002   0.944358    -0.0429916    -0.0339712    
0.449752   0.945494    -0.0433292    -0.034391    
0.450501   0.94688    -0.0436363    -0.0348208    
0.451251   0.94759    -0.0439396    -0.0352263    
0.452001   0.949325    -0.0442438    -0.0356707    
0.45275   0.950302    -0.0445499    -0.0360875    
0.4535   0.951654    -0.0448751    -0.0365193    
0.454249   0.952557    -0.0452137    -0.0369345    
0.454999   0.954356    -0.0456123    -0.0373853    
0.455749   0.955115    -0.0459576    -0.0377961    
0.456498   0.956005    -0.0462828    -0.0382126    
0.457248   0.957027    -0.0466175    -0.0386348    
0.457997   0.957855    -0.0469704    -0.0390497    
0.458747   0.958778    -0.0473289    -0.0394689    
0.459496   0.959356    -0.0476971    -0.0398743    
0.460246   0.960135    -0.0480413    -0.0402882    
0.460996   0.960899    -0.0483675    -0.0407019    
0.461745   0.961915    -0.0487013    -0.0411267    
0.462495   0.962772    -0.0490389    -0.0415452    
0.463244   0.963703    -0.0493774    -0.0419672    
0.463994   0.96457    -0.0497227    -0.0423869    
0.464744   0.965093    -0.0500574    -0.0427917    
0.465493   0.965632    -0.0504065    -0.0431974    
0.466243   0.96617    -0.0507269    -0.0436031    
0.466992   0.967091    -0.0510445    -0.0440264    
0.467742   0.967796    -0.0513716    -0.0444401    
0.468492   0.968256    -0.0516882    -0.0448428    
0.469241   0.969051    -0.0520058    -0.0452611    
0.469991   0.969549    -0.0523338    -0.0456657    
0.47074   0.970106    -0.0526619    -0.0460732    
0.47149   0.970954    -0.052948    -0.0464947    
0.472239   0.971463    -0.0533056    -0.0469001    
0.472989   0.971887    -0.0536537    -0.0473014    
0.473739   0.972395    -0.0539761    -0.0477069    
0.474488   0.972846    -0.0542917    -0.0481095    
0.475238   0.973431    -0.0546494    -0.0485188    
0.475987   0.973787    -0.0550098    -0.0489167    
0.476737   0.974115    -0.0553389    -0.049313    
0.477487   0.974976    -0.055685    -0.0497364    
0.478236   0.97535    -0.0560312    -0.0501351    
0.478986   0.975909    -0.0563745    -0.0505431    
0.479735   0.976731    -0.0567274    -0.050965    
0.480485   0.97723    -0.0570641    -0.0513701    
0.481235   0.977601    -0.0573902    -0.0517684    
0.481984   0.978043    -0.0577259    -0.0521704    
0.482734   0.978456    -0.0580416    -0.0525707    
0.483483   0.978837    -0.0584078    -0.0529691    
0.484233   0.979303    -0.0587292    -0.0533721    
0.484982   0.979801    -0.059082    -0.0537767    
0.485732   0.980005    -0.0593996    -0.054165    
0.486482   0.980363    -0.059742    -0.0545616    
0.487231   0.980883    -0.0600557    -0.054967    
0.487981   0.981149    -0.0604    -0.0553581    
0.48873   0.981542    -0.0607481    -0.0557561    
0.48948   0.981779    -0.0610933    -0.056145    
0.49023   0.982112    -0.0614309    -0.0565392    
0.490979   0.982379    -0.0617914    -0.0569292    
0.491729   0.982663    -0.062129    -0.0573201    
0.492478   0.983002    -0.0624571    -0.0577137    
0.493228   0.983335    -0.0628033    -0.0581069    
0.493978   0.98358    -0.0631065    -0.0584946    
0.494727   0.98389    -0.0634689    -0.0588858    
0.495477   0.984126    -0.0638285    -0.0592723    
0.496226   0.984327    -0.0641336    -0.0596563    
0.496976   0.98456    -0.0644436    -0.0600419    
0.497725   0.984758    -0.0647945    -0.0604249    
0.498475   0.984978    -0.0651312    -0.060809    
0.499225   0.985178    -0.0654831    -0.0611914    
0.499974   0.985526    -0.0658092    -0.0615827    
