0.350057   0.00264534    -5.34058e-05    4.35564e-05    
0.350806   0.00264512    -5.43594e-05    4.25576e-05    
0.351556   0.00271001    -5.81741e-05    4.25803e-05    
0.352305   0.00333497    -6.48499e-05    5.1141e-05    
0.353055   0.00332789    -6.48499e-05    4.97744e-05    
0.353805   0.00332892    -6.67572e-05    4.85295e-05    
0.354554   0.00332726    -6.67572e-05    4.72437e-05    
0.355304   0.0033283    -6.77109e-05    4.59946e-05    
0.356053   0.0033695    -6.86646e-05    4.52826e-05    
0.356803   0.00337846    -6.86646e-05    4.41164e-05    
0.357553   0.00340072    -7.05719e-05    4.31101e-05    
0.358302   0.00340425    -7.15256e-05    4.18547e-05    
0.359052   0.00543436    -0.000112534    6.47364e-05    
0.359801   0.00557412    -0.000116348    6.42666e-05    
0.360551   0.00556254    -0.000116348    6.19998e-05    
0.3613   0.00556155    -0.000117302    5.98533e-05    
0.36205   0.00586613    -0.000125885    6.08757e-05    
0.3628   0.00602487    -0.000128746    6.02036e-05    
0.363549   0.00602819    -0.000130653    5.7913e-05    
0.364299   0.00603935    -0.000132561    5.56892e-05    
0.365048   0.00604001    -0.000134468    5.33612e-05    
0.365798   0.00603284    -0.000133514    5.09638e-05    
0.366548   0.00611677    -0.000132561    4.93033e-05    
0.367297   0.00622632    -0.000134468    4.77716e-05    
0.368047   0.00634579    -0.000134468    4.62242e-05    
0.368796   0.00634065    -0.000133514    4.3722e-05    
0.369546   0.00637166    -0.000137329    4.14562e-05    
0.370296   0.00637679    -0.00014019    3.90052e-05    
0.371045   0.0069782    -0.000146866    3.99621e-05    
0.371795   0.00697695    -0.000146866    3.72309e-05    
0.372544   0.00702435    -0.000149727    3.47383e-05    
0.373294   0.00708944    -0.000149727    3.22864e-05    
0.374043   0.00878859    -0.00021553    3.65823e-05    
0.374793   0.00879137    -0.000216484    3.31471e-05    
0.375543   0.0088881    -0.000221252    3.00237e-05    
0.376292   0.00889067    -0.000221252    2.65399e-05    
0.377042   0.0088907    -0.00022316    2.30441e-05    
0.377791   0.00999891    -0.000246048    2.19812e-05    
0.378541   0.0100068    -0.000248909    1.80565e-05    
0.379291   0.0113423    -0.00026226    1.59941e-05    
0.38004   0.0118745    -0.000278473    1.20584e-05    
0.38079   0.0118762    -0.000278473    7.3691e-06    
0.381539   0.0135125    -0.000355721    3.0426e-06    
0.382289   0.0135135    -0.000354767    -2.3039e-06    
0.383039   0.0137933    -0.000352859    -7.8135e-06    
0.383788   0.0143105    -0.000377655    -1.37778e-05    
0.384538   0.0147613    -0.000389099    -2.00663e-05    
0.385287   0.0147623    -0.000393867    -2.59271e-05    
0.386037   0.0151437    -0.000392914    -3.26124e-05    
0.386786   0.0194908    -0.00050354    -4.9722e-05    
0.387536   0.0197017    -0.00051403    -5.80973e-05    
0.388286   0.02141    -0.000589371    -7.16577e-05    
0.389035   0.0214055    -0.000592232    -8.01698e-05    
0.389785   0.0232262    -0.000639915    -9.62477e-05    
0.390534   0.02346    -0.000654221    -0.000106575    
0.391284   0.0244436    -0.00069046    -0.0001208    
0.392034   0.035154    -0.00102139    -0.00018777    
0.392783   0.0351695    -0.00103092    -0.000201908    
0.393533   0.0369127    -0.00107956    -0.000226677    
0.394282   0.0370796    -0.00108719    -0.000242538    
0.395032   0.0371613    -0.00109196    -0.00025795    
0.395782   0.0461751    -0.0013485    -0.000339014    
0.396531   0.0871275    -0.00251198    -0.000674602    
0.397281   0.0876208    -0.0025444    -0.000713556    
0.39803   0.089756    -0.00261307    -0.000766953    
0.39878   0.0930238    -0.0027256    -0.000832214    
0.399529   0.0957805    -0.00283527    -0.000895339    
0.400279   0.112386    -0.00338364    -0.00109572    
0.401029   0.112863    -0.00342369    -0.00114573    
0.401778   0.116469    -0.00357342    -0.00122917    
0.402528   0.121117    -0.00373554    -0.00132694    
0.403277   0.17623    -0.00545979    -0.00200168    
0.404027   0.187174    -0.00580788    -0.00220134    
0.404777   0.190678    -0.00597191    -0.00231933    
0.405526   0.263362    -0.00819683    -0.00330954    
0.406276   0.522353    -0.0161858    -0.00677466    
0.407025   0.538024    -0.0168123    -0.0071948    
0.407775   0.549189    -0.0173082    -0.00756558    
0.408525   0.586172    -0.0185032    -0.0083115    
0.409274   0.718815    -0.0227871    -0.0104823    
0.410024   0.737294    -0.0235291    -0.0110494    
0.410773   0.740792    -0.0238438    -0.0114008    
0.411523   0.752953    -0.0243759    -0.011892    
0.412272   0.761482    -0.0247955    -0.0123343    
0.413022   0.779069    -0.0255861    -0.0129338    
0.413772   0.788331    -0.0260696    -0.0134061    
0.414521   0.792358    -0.0264158    -0.0137948    
0.415271   0.796621    -0.0267553    -0.014191    
0.41602   0.802695    -0.0271482    -0.0146237    
0.41677   0.817059    -0.0278158    -0.0152157    
0.41752   0.821741    -0.0281754    -0.0156351    
0.418269   0.823668    -0.0284185    -0.0160048    
0.419019   0.837753    -0.0290947    -0.0166173    
0.419768   0.840878    -0.0293884    -0.0170193    
0.420518   0.845858    -0.0297318    -0.0174622    
0.421268   0.851951    -0.0301409    -0.0179326    
0.422017   0.854442    -0.0304155    -0.0183306    
0.422767   0.862121    -0.0309172    -0.0188441    
0.423516   0.864577    -0.0312033    -0.0192475    
0.424266   0.86861    -0.0315647    -0.0196886    
0.425015   0.873321    -0.03195    -0.0201486    
0.425765   0.877513    -0.0323105    -0.0206002    
0.426515   0.879624    -0.032629    -0.0210055    
0.427264   0.883625    -0.0329866    -0.0214584    
0.428014   0.886588    -0.0333271    -0.0218888    
0.428763   0.890145    -0.03372    -0.0223365    
0.429513   0.895563    -0.0341597    -0.0228345    
0.430263   0.899522    -0.0345507    -0.023299    
0.431012   0.901553    -0.0348701    -0.023716    
0.431762   0.904043    -0.0352306    -0.0241468    
0.432511   0.906518    -0.0355997    -0.0245792    
0.433261   0.908762    -0.0359163    -0.0250071    
0.434011   0.910891    -0.0362492    -0.0254336    
0.43476   0.914269    -0.0366297    -0.025897    
0.43551   0.915785    -0.0369177    -0.0263097    
0.436259   0.917132    -0.0372248    -0.0267185    
0.437009   0.91978    -0.0375814    -0.0271667    
0.437758   0.92284    -0.0379438    -0.0276294    
0.438508   0.924169    -0.0382767    -0.0280418    
0.439258   0.925581    -0.0385914    -0.0284578    
0.440007   0.926698    -0.0389233    -0.0288656    
0.440757   0.92779    -0.0392323    -0.0292734    
0.441506   0.929144    -0.0395527    -0.0296903    
0.442256   0.930582    -0.0398588    -0.0301108    
0.443006   0.931741    -0.0401964    -0.0305233    
0.443755   0.932757    -0.0405426    -0.0309318    
0.444505   0.933758    -0.0408545    -0.0313405    
0.445254   0.935376    -0.0411758    -0.0317707    
0.446004   0.936936    -0.0415106    -0.0322002    
0.446754   0.93834    -0.0418396    -0.0326253    
0.447503   0.940446    -0.0422039    -0.033076    
0.448253   0.941152    -0.0425215    -0.0334784    
0.449002   0.942285    -0.0428495    -0.0338966    
0.449752   0.943223    -0.0431814    -0.0343084    
0.450501   0.94401    -0.0435066    -0.0347152    
0.451251   0.945629    -0.0438738    -0.0351534    
0.452001   0.947105    -0.0442657    -0.0355873    
0.45275   0.948094    -0.0446091    -0.0360037    
0.4535   0.948985    -0.0449409    -0.0364169    
0.454249   0.95001    -0.0452805    -0.0368357    
0.454999   0.951553    -0.0456457    -0.0372755    
0.455749   0.952947    -0.0459995    -0.0377103    
0.456498   0.953778    -0.0463133    -0.0381236    
0.457248   0.954472    -0.0466261    -0.0385316    
0.457997   0.955519    -0.0469475    -0.0389545    
0.458747   0.956217    -0.0472746    -0.0393635    
0.459496   0.957013    -0.0475979    -0.0397769    
0.460246   0.957858    -0.0479355    -0.0401927    
0.460996   0.959141    -0.0482483    -0.0406274    
0.461745   0.96031    -0.0485878    -0.0410581    
0.462495   0.960807    -0.0488949    -0.0414604    
0.463244   0.961935    -0.0492315    -0.0418902    
0.463994   0.962488    -0.0495787    -0.0422954    
0.464744   0.963761    -0.0499573    -0.0427327    
0.465493   0.964723    -0.0502958    -0.0431567    
0.466243   0.96562    -0.050642    -0.0435783    
0.466992   0.966464    -0.0509272    -0.0439978    
0.467742   0.966996    -0.0512495    -0.0444034    
0.468492   0.967412    -0.0515509    -0.0448037    
0.469241   0.967966    -0.0518732    -0.0452104    
0.469991   0.968587    -0.0521965    -0.0456204    
0.47074   0.969127    -0.0525265    -0.0460267    
0.47149   0.969765    -0.0528507    -0.0464377    
0.472239   0.970217    -0.0532026    -0.0468399    
0.472989   0.9707    -0.0535212    -0.0472436    
0.473739   0.971344    -0.0538483    -0.0476553    
0.474488   0.972378    -0.0542212    -0.0480864    
0.475238   0.972923    -0.054594    -0.0484935    
0.475987   0.973324    -0.0549307    -0.0488934    
0.476737   0.973602    -0.0552855    -0.0492871    
0.477487   0.974029    -0.0556097    -0.0496881    
0.478236   0.974599    -0.0559549    -0.0500964    
0.478986   0.974995    -0.056282    -0.0504958    
0.479735   0.975561    -0.0565958    -0.0509039    
0.480485   0.975867    -0.0569668    -0.0512985    
0.481235   0.976346    -0.0573187    -0.051702    
0.481984   0.97682    -0.0576649    -0.0521051    
0.482734   0.977449    -0.0579958    -0.0525166    
0.483483   0.977833    -0.0583735    -0.0529148    
0.484233   0.978145    -0.0587044    -0.053309    
0.484982   0.978533    -0.0590506    -0.0537071    
0.485732   0.979057    -0.0593662    -0.0541126    
0.486482   0.979454    -0.0597191    -0.0545109    
0.487231   0.979892    -0.0600624    -0.0549115    
0.487981   0.980269    -0.06038    -0.0553084    
0.48873   0.980615    -0.0606833    -0.0557035    
0.48948   0.981031    -0.0609875    -0.0561022    
0.49023   0.981484    -0.0613165    -0.056503    
0.490979   0.981765    -0.0616732    -0.0568936    
0.491729   0.982041    -0.0620394    -0.0572837    
0.492478   0.98227    -0.0623932    -0.0576708    
0.493228   0.982672    -0.0627165    -0.0580677    
0.493978   0.982966    -0.063077    -0.0584581    
0.494727   0.983277    -0.0634069    -0.0588491    
0.495477   0.983597    -0.0637312    -0.0592404    
0.496226   0.983853    -0.0640707    -0.0596275    
0.496976   0.984149    -0.0644045    -0.0600168    
0.497725   0.984568    -0.0647392    -0.0604133    
0.498475   0.984899    -0.0650425    -0.0608041    
0.499225   0.985107    -0.0653753    -0.061187    
0.499974   0.985347    -0.0657063    -0.0615715    
