0.000976562   0    1.52588e-05    0.000976562    0.000972752    
0.00196838   0    1.52588e-05    0.00196838    0.00195292    
0.00296021   0.0103093    1.52588e-05    0.00294495    0.00292526    
0.00395203   0.00772201    1.52588e-05    0.00392151    0.0038898    
0.00494385   0.00617284    1.52588e-05    0.00489807    0.00484656    
0.00593567   0.00514139    1.52588e-05    0.00582886    0.00579558    
0.00692749   0.00440529    1.52588e-05    0.00679016    0.00673686    
0.00791931   0.00385356    1.52588e-05    0.00770569    0.00767043    
0.00891113   0.00342466    1.52588e-05    0.00866699    0.00859632    
0.00990295   0.0046225    1.52588e-05    0.00956726    0.00951456    
0.0108948   0.00420168    1.52588e-05    0.0105133    0.0104251    
0.0118866   0.00385109    1.52588e-05    0.0114288    0.0113281    
0.0128784   0.0035545    1.52588e-05    0.0122986    0.0122235    
0.0138702   0.00330033    1.52588e-05    0.0132294    0.0131113    
0.0148621   0.00308008    1.52588e-05    0.0140381    0.0139916    
0.0158539   0.00288739    1.52588e-05    0.0149384    0.0148644    
0.0168457   0.00271739    1.52588e-05    0.0158081    0.0157296    
0.0178375   0.0025663    1.52588e-05    0.0166168    0.0165874    
0.0188293   0.00243112    1.52588e-05    0.0174561    0.0174377    
0.0198212   0.00307929    1.52588e-05    0.01828    0.0182806    
0.020813   0.00293255    1.52588e-05    0.0191193    0.0191161    
0.0218048   0.00279916    1.52588e-05    0.019928    0.0199443    
0.0227966   0.00267738    1.52588e-05    0.0207214    0.020765    
0.0237885   0.00256575    1.52588e-05    0.0215607    0.0215784    
0.0247803   0.00246305    1.52588e-05    0.0223083    0.0223845    
0.0257721   0.00236827    1.52588e-05    0.0231628    0.0231833    
0.0267639   0.00285063    1.52588e-05    0.0239563    0.0239749    
0.0277557   0.00274876    1.52588e-05    0.0248108    0.0247591    
0.0287476   0.00265393    1.52588e-05    0.025528    0.0255362    
0.0297394   0.00256542    1.52588e-05    0.0262604    0.0263061    
0.0307312   0.00248262    1.52588e-05    0.0269775    0.0270688    
0.031723   0.002405    1.52588e-05    0.0277557    0.0278243    
0.0327148   0.00233209    1.52588e-05    0.0284729    0.0285727    
0.0337067   0.00226347    1.52588e-05    0.0292053    0.029314    
0.0346985   0.00219877    1.52588e-05    0.0299683    0.0300482    
0.0356903   0.00213767    1.52588e-05    0.0307007    0.0307753    
0.0366821   0.00207987    1.52588e-05    0.0314789    0.0314954    
0.037674   0.00202511    1.52588e-05    0.032196    0.0322085    
0.0386658   0.00197316    1.52588e-05    0.0328827    0.0329146    
0.0396576   0.00192382    1.52588e-05    0.0336304    0.0336137    
0.0406494   0.00187688    1.52588e-05    0.0343781    0.0343059    
0.0416412   0.00183217    1.52588e-05    0.0351868    0.0349911    
0.0426331   0.00178955    1.52588e-05    0.0358429    0.0356694    
0.0436249   0.00174886    1.52588e-05    0.0365143    0.0363408    
0.0446167   0.00170999    1.52588e-05    0.0372162    0.0370054    
0.0456085   0.0016728    1.52588e-05    0.0378723    0.0376631    
0.0466003   0.0016372    1.52588e-05    0.038559    0.038314    
0.0475922   0.00224431    1.52588e-05    0.0391693    0.0389582    
0.048584   0.00219849    1.52588e-05    0.0398865    0.0395955    
0.0495758   0.00215451    1.52588e-05    0.0405273    0.0402261    
0.0505676   0.00211225    1.52588e-05    0.0413513    0.04085    
0.0515594   0.00207162    1.52588e-05    0.0419769    0.0414671    
0.0525513   0.00203252    1.52588e-05    0.0425568    0.0420776    
0.0535431   0.00199487    1.52588e-05    0.0431519    0.0426814    
0.0545349   0.00195859    1.52588e-05    0.0436554    0.0432786    
0.0555267   0.00192361    1.52588e-05    0.0442352    0.0438692    
0.0565186   0.00188985    1.52588e-05    0.0448761    0.0444531    
0.0575104   0.00185726    1.52588e-05    0.0454254    0.0450305    
0.0585022   0.00182577    1.52588e-05    0.0460052    0.0456014    
0.059494   0.00179533    1.52588e-05    0.0466156    0.0461657    
0.0604858   0.00176589    1.52588e-05    0.0472717    0.0467235    
0.0614777   0.0017374    1.52588e-05    0.047821    0.0472748    
0.0624695   0.00170982    1.52588e-05    0.0483398    0.0478196    
0.0634613   0.0016831    1.52588e-05    0.0488129    0.0483581    
0.0644531   0.0016572    1.52588e-05    0.0491791    0.0488901    
0.0654449   0.00163208    1.52588e-05    0.0497742    0.0494157    
0.0664368   0.00160772    1.52588e-05    0.0503845    0.0499349    
0.0674286   0.00158407    1.52588e-05    0.0508728    0.0504477    
0.0684204   0.00156111    1.52588e-05    0.0513763    0.0509543    
0.0694122   0.0015388    1.52588e-05    0.0518494    0.0514545    
0.0704041   0.00151712    1.52588e-05    0.0522461    0.0519485    
0.0713959   0.00149605    1.52588e-05    0.0528412    0.0524361    
0.0723877   0.00147555    1.52588e-05    0.0532837    0.0529176    
0.0733795   0.0014556    1.52588e-05    0.0536804    0.0533928    
0.0743713   0.0020517    1.52588e-05    0.0542297    0.0538618    
0.0753632   0.0020247    1.52588e-05    0.0546875    0.0543246    
0.076355   0.0019984    1.52588e-05    0.0550537    0.0547813    
0.0773468   0.00197278    1.52588e-05    0.0554352    0.0552318    
0.0783386   0.0019478    1.52588e-05    0.055954    0.0556762    
0.0793304   0.00192345    1.52588e-05    0.0563049    0.0561146    
0.0803223   0.0018997    1.52588e-05    0.0566101    0.0565468    
0.0813141   0.00187652    1.52588e-05    0.0571136    0.056973    
0.0823059   0.00185391    1.52588e-05    0.0576172    0.0573932    
0.0832977   0.00183184    1.52588e-05    0.0579376    0.0578074    
0.0842896   0.00181028    1.52588e-05    0.0583038    0.0582156    
0.0852814   0.00178923    1.52588e-05    0.0586548    0.0586178    
0.0862732   0.00176866    1.52588e-05    0.0590668    0.0590141    
0.087265   0.00174856    1.52588e-05    0.0595245    0.0594044    
0.0882568   0.00172891    1.52588e-05    0.0599213    0.0597889    
0.0892487   0.00170969    1.52588e-05    0.0603638    0.0601675    
0.0902405   0.0016909    1.52588e-05    0.06073    0.0605402    
0.0912323   0.00167252    1.52588e-05    0.061142    0.0609071    
0.0922241   0.00165453    1.52588e-05    0.0615387    0.0612682    
0.0932159   0.00163693    1.52588e-05    0.0617981    0.0616235    
0.0942078   0.00242954    1.52588e-05    0.0620728    0.061973    
0.0951996   0.00240423    1.52588e-05    0.0623779    0.0623168    
0.0961914   0.00237944    1.52588e-05    0.062851    0.0626548    
0.0971832   0.00251217    1.52588e-05    0.0632324    0.0629871    
0.098175   0.00248679    1.52588e-05    0.0635071    0.0633138    
0.0991669   0.00246192    1.52588e-05    0.0639343    0.0636347    
0.100159   0.00243754    1.52588e-05    0.0642548    0.0639501    
0.101151   0.00241364    1.52588e-05    0.0643311    0.0642598    
0.102142   0.0023902    1.52588e-05    0.0646057    0.0645639    
0.103134   0.00236721    1.52588e-05    0.0649414    0.0648624    
0.104126   0.00234467    1.52588e-05    0.0653229    0.0651554    
0.105118   0.00232254    1.52588e-05    0.0658112    0.0654428    
0.10611   0.00230083    1.52588e-05    0.0661621    0.0657247    
0.107101   0.00227953    1.52588e-05    0.0663757    0.0660011    
0.108093   0.00225861    1.52588e-05    0.0665894    0.066272    
0.109085   0.00223808    1.52588e-05    0.0669403    0.0665375    
0.110077   0.00221791    1.52588e-05    0.0673218    0.0667976    
0.111069   0.0021981    1.52588e-05    0.067627    0.0670522    
0.112061   0.00217865    1.52588e-05    0.0679321    0.0673014    
0.113052   0.00215954    1.52588e-05    0.0680695    0.0675453    
0.114044   0.00214075    1.52588e-05    0.0683289    0.0677838    
0.115036   0.0021223    1.52588e-05    0.0686493    0.068017    
0.116028   0.00210416    1.52588e-05    0.0688934    0.0682448    
0.11702   0.00221672    1.52588e-05    0.0690613    0.0684674    
0.118011   0.00219809    1.52588e-05    0.0694122    0.0686847    
0.119003   0.00217977    1.52588e-05    0.0695343    0.0688968    
0.119995   0.00228891    1.52588e-05    0.0696564    0.0691036    
0.120987   0.00227015    1.52588e-05    0.069809    0.0693053    
0.121979   0.00225169    1.52588e-05    0.0699463    0.0695017    
0.122971   0.00223353    1.52588e-05    0.0701294    0.069693    
0.123962   0.00221566    1.52588e-05    0.0703888    0.0698791    
0.124954   0.00219807    1.52588e-05    0.0705719    0.0700601    
0.125946   0.00218076    1.52588e-05    0.0707397    0.070236    
0.126938   0.00216372    1.52588e-05    0.0710144    0.0704069    
0.12793   0.00214695    1.52588e-05    0.0711823    0.0705726    
0.128922   0.00213043    1.52588e-05    0.0712891    0.0707333    
0.129913   0.00211416    1.52588e-05    0.0714722    0.070889    
0.130905   0.00209815    1.52588e-05    0.071579    0.0710397    
0.131897   0.00219806    1.52588e-05    0.0716858    0.0711854    
0.132889   0.00218165    1.52588e-05    0.0718994    0.0713262    
0.133881   0.00216549    1.52588e-05    0.0720367    0.071462    
0.134872   0.00214956    1.52588e-05    0.0722046    0.0715929    
0.135864   0.00213387    1.52588e-05    0.0722809    0.0717189    
0.136856   0.00211841    1.52588e-05    0.0722809    0.07184    
0.137848   0.00210317    1.52588e-05    0.0724945    0.0719562    
0.13884   0.00208814    1.52588e-05    0.0727081    0.0720676    
0.139832   0.00207333    1.52588e-05    0.0727844    0.0721742    
0.140823   0.00205873    1.52588e-05    0.0727539    0.072276    
0.141815   0.00204433    1.52588e-05    0.0727386    0.072373    
0.142807   0.00203013    1.52588e-05    0.0727997    0.0724653    
0.143799   0.00201613    1.52588e-05    0.0727081    0.0725528    
0.144791   0.00200232    1.52588e-05    0.0729218    0.0726356    
0.145782   0.0019887    1.52588e-05    0.0730743    0.0727137    
0.146774   0.00197526    1.52588e-05    0.072998    0.0727871    
0.147766   0.001962    1.52588e-05    0.0730743    0.0728558    
0.148758   0.00194892    1.52588e-05    0.0730591    0.07292    
0.14975   0.00193601    1.52588e-05    0.0732269    0.0729795    
0.150742   0.0020245    1.52588e-05    0.073349    0.0730344    
0.151733   0.00201126    1.52588e-05    0.073349    0.0730847    
0.152725   0.0019982    1.52588e-05    0.0734406    0.0731305    
0.153717   0.00198531    1.52588e-05    0.0733643    0.0731717    
0.154709   0.00197258    1.52588e-05    0.07341    0.0732084    
0.155701   0.00196002    1.52588e-05    0.0734253    0.0732406    
0.156693   0.00194761    1.52588e-05    0.07341    0.0732683    
0.157684   0.00203213    1.52588e-05    0.0734406    0.0732916    
0.158676   0.00201942    1.52588e-05    0.0733948    0.0733104    
0.159668   0.00200688    1.52588e-05    0.0734558    0.0733248    
0.16066   0.00199449    1.52588e-05    0.0735474    0.0733348    
0.161652   0.00198225    1.52588e-05    0.0735321    0.0733404    
0.162643   0.00197017    1.52588e-05    0.0735931    0.0733417    
0.163635   0.00195822    1.52588e-05    0.0735626    0.0733386    
0.164627   0.00194643    1.52588e-05    0.0736847    0.0733312    
0.165619   0.00193477    1.52588e-05    0.0737305    0.0733195    
0.166611   0.00192325    1.52588e-05    0.0736847    0.0733035    
0.167603   0.00191187    1.52588e-05    0.0735168    0.0732832    
0.168594   0.00190062    1.52588e-05    0.0734863    0.0732587    
0.169586   0.00188951    1.52588e-05    0.073349    0.07323    
0.170578   0.00187852    1.52588e-05    0.0733032    0.0731971    
0.17157   0.00186766    1.52588e-05    0.0732727    0.07316    
0.172562   0.00185693    1.52588e-05    0.0732117    0.0731187    
0.173553   0.00184632    1.52588e-05    0.0732574    0.0730733    
0.174545   0.00183582    1.52588e-05    0.0731506    0.0730237    
0.175537   0.00182545    1.52588e-05    0.0731812    0.07297    
0.176529   0.0018152    1.52588e-05    0.0731354    0.0729123    
0.177521   0.00180505    1.52588e-05    0.0731201    0.0728505    
0.178513   0.00179503    1.52588e-05    0.0729065    0.0727846    
0.179504   0.00178511    1.52588e-05    0.072876    0.0727147    
0.180496   0.0017753    1.52588e-05    0.0727692    0.0726408    
0.181488   0.0017656    1.52588e-05    0.0727539    0.0725628    
0.18248   0.001756    1.52588e-05    0.0726318    0.072481    
0.183472   0.00174651    1.52588e-05    0.0726166    0.0723951    
0.184464   0.00173712    1.52588e-05    0.0726318    0.0723053    
0.185455   0.00172783    1.52588e-05    0.0726776    0.0722117    
0.186447   0.00180047    -1.52588e-05    0.0724945    0.0721141    
0.187439   0.00179095    -1.52588e-05    0.0724182    0.0720126    
0.188431   0.00178152    -1.52588e-05    0.0723267    0.0719073    
0.189423   0.00177219    -1.52588e-05    0.0722351    0.0717981    
0.190414   0.00176296    -1.52588e-05    0.0722198    0.0716851    
0.191406   0.00175383    -1.52588e-05    0.0722351    0.0715683    
0.192398   0.00174479    -1.52588e-05    0.0721283    0.0714478    
0.19339   0.00189364    1.52588e-05    0.0718842    0.0713234    
0.194382   0.00188398    1.52588e-05    0.0718231    0.0711953    
0.195374   0.00187441    1.52588e-05    0.0717468    0.0710635    
0.196365   0.00186495    1.52588e-05    0.071579    0.070928    
0.197357   0.00185557    1.52588e-05    0.0712891    0.0707888    
0.198349   0.0018463    1.52588e-05    0.0710754    0.0706459    
0.199341   0.00183711    1.52588e-05    0.070816    0.0704994    
0.200333   0.00182801    1.52588e-05    0.0705719    0.0703492    
0.201324   0.00181901    1.52588e-05    0.0706482    0.0701955    
0.202316   0.00181009    1.52588e-05    0.0705872    0.0700381    
0.203308   0.00180126    1.52588e-05    0.0703888    0.0698771    
0.2043   0.00179252    1.52588e-05    0.0701904    0.0697126    
0.205292   0.00215549    1.52588e-05    0.0700226    0.0695446    
0.206284   0.00214513    1.52588e-05    0.0699005    0.069373    
0.207275   0.00213486    1.52588e-05    0.0697327    0.069198    
0.208267   0.00219796    1.52588e-05    0.0696106    0.0690194    
0.209259   0.00218755    1.52588e-05    0.0695648    0.0688374    
0.210251   0.00217723    1.52588e-05    0.069458    0.068652    
0.211243   0.00223924    0    0.0694733    0.0684631    
0.212234   0.00244446    0    0.0692596    0.0682708    
0.213226   0.00243309    0    0.0691528    0.0680751    
0.214218   0.00242182    0    0.0688782    0.067876    
0.21521   0.00241066    0    0.0686646    0.0676736    
0.216202   0.0023996    0    0.0682983    0.0674679    
0.217194   0.00288043    1.52588e-05    0.0680695    0.0672588    
0.218185   0.00286733    1.52588e-05    0.0677795    0.0670464    
0.219177   0.00285436    1.52588e-05    0.0675507    0.0668308    
0.220169   0.0028415    1.52588e-05    0.0672607    0.0666119    
0.221161   0.00282876    1.52588e-05    0.0671844    0.0663897    
0.222153   0.00281613    1.52588e-05    0.066925    0.0661644    
0.223145   0.00280361    1.52588e-05    0.0665894    0.0659358    
0.224136   0.00292736    -3.05176e-05    0.0663147    0.065704    
0.225128   0.00291446    -3.05176e-05    0.0661011    0.0654691    
0.22612   0.00290168    -3.05176e-05    0.0657959    0.065231    
0.227112   0.00288901    -3.05176e-05    0.0656128    0.0649897    
0.228104   0.00287645    -3.05176e-05    0.0653534    0.0647454    
0.229095   0.00286399    -3.05176e-05    0.0651245    0.0644979    
0.230087   0.00285165    -3.05176e-05    0.0649414    0.0642474    
0.231079   0.00283941    -3.05176e-05    0.0648041    0.0639938    
0.232071   0.00282727    -3.05176e-05    0.0645752    0.0637372    
0.233063   0.00281524    -3.05176e-05    0.0643158    0.0634775    
0.234055   0.00280331    -3.05176e-05    0.0641785    0.0632149    
0.235046   0.00279148    -3.05176e-05    0.0639496    0.0629492    
0.236038   0.00277975    -3.05176e-05    0.0634918    0.0626806    
0.23703   0.00321875    1.52588e-05    0.0630646    0.062409    
0.238022   0.00320533    1.52588e-05    0.0626526    0.0621345    
0.239014   0.00319203    1.52588e-05    0.0624847    0.061857    
0.240005   0.00324242    1.52588e-05    0.0622101    0.0615767    
0.240997   0.00322907    1.52588e-05    0.0619049    0.0612935    
0.241989   0.00321584    1.52588e-05    0.061554    0.0610074    
0.242981   0.00320271    1.52588e-05    0.0613708    0.0607184    
0.243973   0.00318969    1.52588e-05    0.0610657    0.0604266    
0.244965   0.00317678    1.52588e-05    0.06073    0.0601321    
0.245956   0.00316397    1.52588e-05    0.0605316    0.0598347    
0.246948   0.003522    0    0.0602722    0.0595345    
0.24794   0.00350791    0    0.059967    0.0592316    
0.248932   0.00349393    0    0.0596466    0.058926    
0.249924   0.00360217    0    0.0593414    0.0586176    
0.250916   0.00358793    0    0.0591431    0.0583065    
0.251907   0.00399782    0    0.0589294    0.0579927    
0.252899   0.00440449    -3.05176e-05    0.058609    0.0576763    
0.253891   0.00438728    -3.05176e-05    0.0581665    0.0573572    
0.254883   0.00437021    -3.05176e-05    0.0578766    0.0570354    
0.255875   0.00447254    -3.05176e-05    0.0576019    0.0567111    
0.256866   0.00445527    -3.05176e-05    0.0573578    0.0563841    
0.257858   0.00443813    -3.05176e-05    0.0570068    0.0560546    
0.25885   0.00442113    -3.05176e-05    0.0565796    0.0557225    
0.259842   0.00440425    -3.05176e-05    0.0563507    0.0553878    
0.260834   0.0043875    -3.05176e-05    0.0561066    0.0550506    
0.261826   0.00437088    -3.05176e-05    0.0556183    0.0547109    
0.262817   0.00435439    -3.05176e-05    0.0552979    0.0543687    
0.263809   0.00433802    -3.05176e-05    0.0549469    0.054024    
0.264801   0.00432177    -3.05176e-05    0.0547638    0.0536769    
0.265793   0.00442046    -3.05176e-05    0.0544586    0.0533273    
0.266785   0.00440403    -3.05176e-05    0.0540771    0.0529753    
0.267776   0.00438771    -3.05176e-05    0.0537872    0.0526208    
0.268768   0.00437152    -3.05176e-05    0.0533905    0.052264    
0.26976   0.00486453    -7.62939e-05    0.0531158    0.0519048    
0.270752   0.00484671    -7.62939e-05    0.0527344    0.0515433    
0.271744   0.00482902    -7.62939e-05    0.0523682    0.0511793    
0.272736   0.00481146    -7.62939e-05    0.0520477    0.0508131    
0.273727   0.00479402    -7.62939e-05    0.0516205    0.0504446    
0.274719   0.00477672    -7.62939e-05    0.0511627    0.0500737    
0.275711   0.00724999    -0.000106812    0.0506897    0.0497006    
0.276703   0.00733429    -0.00012207    0.0501709    0.0493253    
0.277695   0.00730809    -0.00012207    0.0498505    0.0489477    
0.278687   0.00728208    -0.00012207    0.0494843    0.0485678    
0.279678   0.00725626    -0.00012207    0.049118    0.0481858    
0.28067   0.00728498    -0.00012207    0.0486603    0.0478016    
0.281662   0.00725933    -0.00012207    0.0483704    0.0474152    
0.282654   0.00723386    -0.00012207    0.0480804    0.0470266    
0.283646   0.00720856    -0.00012207    0.047699    0.0466359    
0.284637   0.00718345    -0.00012207    0.0471649    0.0462431    
0.285629   0.00721192    -0.00012207    0.046814    0.0458482    
0.286621   0.00803876    -0.000137329    0.046463    0.0454512    
0.287613   0.00811714    -0.000137329    0.0460358    0.0450521    
0.288605   0.00808925    -0.000137329    0.0457153    0.044651    
0.289597   0.00806154    -0.000137329    0.0451965    0.0442478    
0.290588   0.00803403    -0.000137329    0.0445862    0.0438426    
0.29158   0.0080067    -0.000137329    0.0442352    0.0434354    
0.292572   0.00797956    -0.000137329    0.0437012    0.0430262    
0.293564   0.0079526    -0.000137329    0.0432892    0.042615    
0.294556   0.00792582    -0.000137329    0.0428925    0.0422019    
0.295547   0.00789922    -0.000137329    0.0426178    0.0417868    
0.296539   0.0078728    -0.000137329    0.0421143    0.0413698    
0.297531   0.00784656    -0.000137329    0.041626    0.0409509    
0.298523   0.0078716    -0.000137329    0.0413208    0.0405301    
0.299515   0.00799837    -4.57764e-05    0.0409393    0.0401075    
0.300507   0.00802275    -4.57764e-05    0.0404816    0.0396829    
0.301498   0.0106281    -0.00012207    0.0400391    0.0392566    
0.30249   0.0107446    -0.00012207    0.0397949    0.0388284    
0.303482   0.0107597    -0.000137329    0.0393829    0.0383984    
0.304474   0.0110254    -0.000137329    0.0388336    0.0379666    
0.305466   0.0109896    -0.000137329    0.0383301    0.0375331    
0.306458   0.0110536    -0.000137329    0.0379944    0.0370977    
0.307449   0.0130031    -0.000167847    0.0375671    0.0366607    
0.308441   0.0129613    -0.000167847    0.0372009    0.0362219    
0.309433   0.0129198    -0.000167847    0.0368652    0.0357814    
0.310425   0.0128785    -0.000167847    0.036377    0.0353392    
0.311417   0.0128375    -0.000167847    0.0360413    0.0348953    
0.312408   0.0128456    -0.000183105    0.035614    0.0344498    
0.3134   0.0132431    -0.000183105    0.0351257    0.0340026    
0.314392   0.0132013    -0.000183105    0.0347595    0.0335538    
0.315384   0.0146113    -0.000213623    0.0342712    0.0331034    
0.316376   0.0148066    -0.000213623    0.033783    0.0326513    
0.317368   0.0147603    -0.000213623    0.0332031    0.0321977    
0.318359   0.0150019    -0.000213623    0.0327301    0.0317426    
0.319351   0.0170099    -0.000244141    0.0323029    0.0312858    
0.320343   0.0169572    -0.000244141    0.0317383    0.0308276    
0.321335   0.0169524    -0.000244141    0.0313416    0.0303678    
0.322327   0.0169002    -0.000244141    0.0310364    0.0299065    
0.323318   0.0168956    -0.000259399    0.0305176    0.0294438    
0.32431   0.0168439    -0.000259399    0.0301056    0.0289795    
0.325302   0.0169802    -0.000274658    0.0296021    0.0285139    
0.326294   0.0174897    -0.000274658    0.0291595    0.0280467    
0.327286   0.0174367    -0.000274658    0.0286713    0.0275782    
0.328278   0.0174305    -0.000274658    0.0282288    0.0271082    
0.329269   0.017378    -0.000274658    0.0276794    0.0266369    
0.330261   0.0175106    -0.000274658    0.0271912    0.0261641    
0.331253   0.0174582    -0.000274658    0.0268097    0.0256901    
0.332245   0.0238358    -0.000320435    0.026413    0.0252146    
0.333237   0.0237648    -0.000320435    0.0257874    0.0247379    
0.334229   0.0237856    -0.000320435    0.0252686    0.0242598    
0.33522   0.0237152    -0.000320435    0.024704    0.0237804    
0.336212   0.0236907    -0.000320435    0.0243835    0.0232998    
0.337204   0.0240735    -0.000350952    0.0239105    0.0228179    
0.338196   0.024048    -0.000350952    0.023407    0.0223347    
0.339188   0.0240227    -0.000350952    0.0230408    0.0218503    
0.340179   0.024446    -0.000350952    0.0226135    0.0213647    
0.341171   0.024375    -0.000350952    0.0221863    0.0208779    
0.342163   0.0243489    -0.000350952    0.021698    0.0203898    
0.343155   0.0242785    -0.000350952    0.0213776    0.0199007    
0.344147   0.025317    -0.000366211    0.0209045    0.0194103    
0.345139   0.0252443    -0.000366211    0.0205994    0.0189188    
0.34613   0.0252601    -0.00038147    0.0201111    0.0184262    
0.347122   0.0252319    -0.00038147    0.0196075    0.0179325    
0.348114   0.0252915    -0.00038147    0.0191956    0.0174377    
0.349106   0.0252633    -0.000396729    0.0187988    0.0169417    
0.350098   0.0275453    -0.000488281    0.0182953    0.0164448    
0.351089   0.0274675    -0.000488281    0.0177917    0.0159467    
0.352081   0.0274335    -0.00050354    0.0173798    0.0154477    
0.353073   0.0322399    -0.000579834    0.016861    0.0149476    
0.354065   0.0360283    -0.000656128    0.0163727    0.0144465    
0.355057   0.0361855    -0.000656128    0.0159149    0.0139444    
0.356049   0.0376275    -0.000686646    0.0154724    0.0134414    
0.35704   0.0375657    -0.000686646    0.0149078    0.0129374    
0.358032   0.0375469    -0.000732422    0.0142975    0.0124324    
0.359024   0.0374857    -0.000732422    0.0137482    0.0119265    
0.360016   0.0374672    -0.000732422    0.0130768    0.0114197    
0.361008   0.0384632    -0.000579834    0.0124512    0.010912    
0.362   0.0383999    -0.000579834    0.0120239    0.0104034    
0.362991   0.0385472    -0.000579834    0.0114136    0.00989397    
0.363983   0.0386937    -0.000579834    0.0110016    0.00938366    
0.364975   0.0574439    -0.00111389    0.01091    0.00887251    
0.365967   0.057455    -0.00111389    0.0106049    0.00836053    
0.366959   0.0575492    -0.00111389    0.0101166    0.00784774    
0.36795   0.0576429    -0.00112915    0.00965881    0.00733415    
0.368942   0.0866041    -0.00180054    0.0098114    0.00681979    
0.369934   0.0866606    -0.00186157    0.00924683    0.00630465    
0.370926   0.088856    -0.00196838    0.00869751    0.00578877    
0.371918   0.0889883    -0.00202942    0.00840759    0.00527215    
0.37291   0.0890789    -0.00209045    0.00802612    0.00475481    
0.373901   0.101779    -0.00236511    0.00765991    0.00423676    
0.374893   0.104685    -0.00244141    0.00733948    0.00371801    
0.375885   0.105667    -0.00244141    0.00683594    0.00319859    
0.376877   0.107413    -0.00248718    0.00646973    0.00267851    
0.377869   0.107616    -0.00250244    0.00605774    0.00215778    
0.37886   0.109509    -0.00253296    0.0055542    0.00163641    
0.379852   0.11079    -0.00254822    0.00500488    0.00111443    
0.380844   0.113867    -0.00260925    0.00456238    0.000591837    
0.381836   0.129715    -0.00296021    0.00439453    6.86563e-05    
0.382828   0.134242    -0.00311279    0.00401306    -0.000455101    
0.38382   0.134531    -0.00320435    0.00358582    -0.000979419    
0.384811   0.1347    -0.00325012    0.00296021    -0.00150428    
0.385803   0.140286    -0.00337219    0.00250244    -0.00202968    
0.386795   0.144661    -0.0035553    0.00201416    -0.0025556    
0.387787   0.14555    -0.00367737    0.00140381    -0.00308202    
0.388779   0.146042    -0.00375366    0.000854492    -0.00360893    
0.389771   0.15029    -0.00393677    0.00062561    -0.00413631    
0.390762   0.150728    -0.00401306    0.000213623    -0.00466416    
0.391754   0.151165    -0.00402832    -0.000289917    -0.00519245    
0.392746   0.176697    -0.00483704    -3.05176e-05    -0.00572118    
0.393738   0.187723    -0.00495911    -0.000518799    -0.00625032    
0.39473   0.324249    -0.00886536    0.00286865    -0.00677987    
0.395721   0.330069    -0.00900269    0.00263977    -0.00730981    
0.396713   0.548675    -0.0148621    0.00796509    -0.00784012    
0.397705   0.549148    -0.0150452    0.00762939    -0.00837079    
0.398697   0.558307    -0.0155334    0.00759888    -0.00890182    
0.399689   0.565817    -0.0159149    0.00740051    -0.00943317    
0.400681   0.595986    -0.0167236    0.00759888    -0.00996484    
0.401672   0.600137    -0.016983    0.00743103    -0.0104968    
0.402664   0.605366    -0.0174408    0.00726318    -0.0110291    
0.403656   0.612648    -0.0178986    0.00709534    -0.0115616    
0.404648   0.616275    -0.0181274    0.00680542    -0.0120945    
0.40564   0.782426    -0.0231934    0.0113068    -0.0126275    
0.406631   0.788247    -0.0235901    0.0110931    -0.0131608    
0.407623   0.799581    -0.0241241    0.0111084    -0.0136943    
0.408615   0.804063    -0.0244293    0.0109406    -0.014228    
0.409607   0.804947    -0.0247498    0.0107117    -0.014762    
0.410599   0.808205    -0.0250397    0.0104828    -0.0152961    
0.411591   0.809706    -0.0253143    0.0102997    -0.0158303    
0.412582   0.813418    -0.0257416    0.0102844    -0.0163647    
0.413574   0.821318    -0.0262146    0.0101471    -0.0168993    
0.414566   0.834922    -0.0267487    0.0102692    -0.017434    
0.415558   0.836822    -0.0271912    0.0101166    -0.0179688    
0.41655   0.837393    -0.0275421    0.0100555    -0.0185036    
0.417542   0.860072    -0.0285339    0.0106049    -0.0190386    
0.418533   0.861679    -0.0288849    0.010437    -0.0195737    
0.419525   0.864189    -0.0293274    0.0102844    -0.0201088    
0.420517   0.865525    -0.0297241    0.0101471    -0.0206439    
0.421509   0.865877    -0.0301514    0.010025    -0.0211791    
0.422501   0.867276    -0.030426    0.00982666    -0.0217142    
0.423492   0.87573    -0.0309601    0.0098877    -0.0222494    
0.424484   0.880909    -0.0314484    0.00967407    -0.0227846    
0.425476   0.895101    -0.0322418    0.00990295    -0.0233198    
0.426468   0.896562    -0.032486    0.00978088    -0.0238549    
0.42746   0.902477    -0.0329285    0.00971985    -0.0243899    
0.428452   0.903309    -0.0333862    0.00958252    -0.0249249    
0.429443   0.904136    -0.0337372    0.00942993    -0.0254598    
0.430435   0.905846    -0.0340576    0.00921631    -0.0259947    
0.431427   0.907371    -0.0344849    0.00904846    -0.0265294    
0.432419   0.909489    -0.0349579    0.00898743    -0.027064    
0.433411   0.911984    -0.0354156    0.00878906    -0.0275984    
0.434402   0.914117    -0.0359497    0.00871277    -0.0281328    
0.435394   0.920796    -0.0365295    0.00869751    -0.0286669    
0.436386   0.923249    -0.0369568    0.00852966    -0.0292009    
0.437378   0.929563    -0.0373688    0.00836182    -0.0297347    
0.43837   0.932124    -0.0377655    0.00820923    -0.0302683    
0.439362   0.933389    -0.0382233    0.00802612    -0.0308017    
0.440353   0.935133    -0.0385132    0.00785828    -0.0313349    
0.441345   0.936178    -0.0390472    0.00772095    -0.0318678    
0.442337   0.937218    -0.0393372    0.00758362    -0.0324005    
0.443329   0.939974    -0.0397644    0.00747681    -0.0329329    
0.444321   0.942065    -0.0400543    0.00738525    -0.0334651    
0.445312   0.943051    -0.0405884    0.00726318    -0.0339969    
0.446304   0.94499    -0.0410919    0.00714111    -0.0345285    
0.447296   0.945453    -0.0413361    0.00706482    -0.0350597    
0.448288   0.948501    -0.0418091    0.00701904    -0.0355906    
0.44928   0.94892    -0.0422821    0.00688171    -0.0361212    
0.450272   0.949914    -0.0426941    0.00671387    -0.0366514    
0.451263   0.950768    -0.0429688    0.00660706    -0.0371813    
0.452255   0.951112    -0.0435944    0.0065155    -0.0377107    
0.453247   0.954215    -0.0440826    0.00643921    -0.0382398    
0.454239   0.955524    -0.0445099    0.00630188    -0.0387684    
0.455231   0.956627    -0.0448914    0.00616455    -0.0392967    
0.456223   0.960567    -0.0453186    0.00604248    -0.0398245    
0.457214   0.961921    -0.0458374    0.00596619    -0.0403519    
0.458206   0.96217    -0.0463257    0.00592041    -0.0408788    
0.459198   0.962484    -0.0467529    0.00588989    -0.0414052    
0.46019   0.962631    -0.0471039    0.00585938    -0.0419312    
0.461182   0.962976    -0.0474243    0.00579834    -0.0424566    
0.462173   0.963353    -0.0479431    0.0057373    -0.0429816    
0.463165   0.964025    -0.0485077    0.00569153    -0.043506    
0.464157   0.964989    -0.0490112    0.00564575    -0.0440299    
0.465149   0.965523    -0.0494232    0.00553894    -0.0445533    
0.466141   0.965727    -0.0500641    0.00547791    -0.0450761    
0.467133   0.966486    -0.0505371    0.00544739    -0.0455983    
0.468124   0.96672    -0.0510254    0.00543213    -0.04612    
0.469116   0.967668    -0.0515289    0.00538635    -0.046641    
0.470108   0.969425    -0.0519257    0.00532532    -0.0471615    
0.4711   0.969618    -0.0523834    0.00527954    -0.0476813    
0.472092   0.969779    -0.0527802    0.00526428    -0.0482005    
0.473083   0.970681    -0.0531158    0.00521851    -0.048719    
0.474075   0.971418    -0.0535278    0.00509644    -0.0492369    
0.475067   0.971799    -0.0540771    0.00505066    -0.0497541    
0.476059   0.972179    -0.0545349    0.00500488    -0.0502707    
0.477051   0.973644    -0.0549469    0.00488281    -0.0507865    
0.478043   0.97472    -0.0553436    0.00473022    -0.0513016    
0.479034   0.975569    -0.0556335    0.00462341    -0.0518161    
0.480026   0.975873    -0.0562286    0.0045929    -0.0523297    
0.481018   0.976431    -0.0565948    0.0045929    -0.0528427    
0.48201   0.978125    -0.0569305    0.00457764    -0.0533549    
0.483002   0.978676    -0.0574188    0.00450134    -0.0538663    
0.483994   0.978877    -0.0578308    0.00444031    -0.0543769    
0.484985   0.979487    -0.0582733    0.00434875    -0.0548868    
0.485977   0.980188    -0.0588074    0.00422668    -0.0553958    
0.486969   0.980259    -0.0592194    0.00421143    -0.055904    
0.487961   0.980581    -0.0595703    0.00415039    -0.0564114    
0.488953   0.980808    -0.0600586    0.00404358    -0.056918    
0.489944   0.982123    -0.0605469    0.00396729    -0.0574237    
0.490936   0.983465    -0.0609436    0.00379944    -0.0579286    
0.491928   0.984522    -0.0614624    0.00375366    -0.0584325    
0.49292   0.984832    -0.0616608    0.00369263    -0.0589356    
0.493912   0.985325    -0.062149    0.00364685    -0.0594378    
0.494904   0.985386    -0.0626678    0.00361633    -0.0599391    
0.495895   0.985907    -0.0632477    0.00350952    -0.0604394    
0.496887   0.986058    -0.0637054    0.00344849    -0.0609388    
0.497879   0.986086    -0.0640106    0.00343323    -0.0614373    
0.498871   0.986267    -0.0644531    0.00341797    -0.0619348    
0.499863   0.986538    -0.0648956    0.00335693    -0.0624313    
0.500854   0.986565    -0.0652466    0.00332642    -0.0629269    
0.501846   0.986774    -0.0656891    0.00331116    -0.0634214    
0.502838   0.98686    -0.0660553    0.00326538    -0.063915    
0.50383   0.987038    -0.0666199    0.00323486    -0.0644075    
0.504822   0.987154    -0.0672455    0.00320435    -0.064899    
0.505814   0.98727    -0.0675507    0.00312805    -0.0653895    
0.506805   0.987355    -0.0677795    0.00309753    -0.0658789    
0.507797   0.98747    -0.068222    0.00306702    -0.0663673    
0.508789   0.987584    -0.0686188    0.0030365    -0.0668546    
0.509781   0.987728    -0.0690765    0.00299072    -0.0673407    
0.510773   0.988289    -0.0694885    0.00291443    -0.0678258    
0.511765   0.988461    -0.0700073    0.00286865    -0.0683098    
0.512756   0.988573    -0.0705261    0.00283813    -0.0687927    
0.513748   0.988654    -0.0709229    0.00280762    -0.0692744    
0.51474   0.988913    -0.0713654    0.0027771    -0.069755    
0.515732   0.989023    -0.0718079    0.00271606    -0.0702344    
0.516724   0.989133    -0.0722198    0.00267029    -0.0707127    
0.517715   0.989183    -0.0726166    0.00265503    -0.0711898    
0.518707   0.989322    -0.0731354    0.00260925    -0.0716657    
0.519699   0.989342    -0.0735321    0.00256348    -0.0721404    
0.520691   0.98948    -0.0738373    0.00253296    -0.0726139    
0.521683   0.989617    -0.0744781    0.00250244    -0.0730861    
0.522675   0.989695    -0.0749817    0.00248718    -0.0735572    
0.523666   0.989976    -0.0752716    0.00242615    -0.0740269    
0.524658   0.990083    -0.0757751    0.00241089    -0.0744955    
0.52565   0.991088    -0.0762177    0.00234985    -0.0749627    
0.526642   0.991482    -0.0766296    0.00230408    -0.0754287    
0.527634   0.991556    -0.0770874    0.00227356    -0.0758934    
0.528625   0.991745    -0.0775452    0.00219727    -0.0763568    
0.529617   0.992077    -0.0778961    0.00210571    -0.0768189    
0.530609   0.992092    -0.0783386    0.00210571    -0.0772796    
0.531601   0.992135    -0.0786743    0.00209045    -0.077739    
0.532593   0.99235    -0.0789795    0.00204468    -0.0781971    
0.533585   0.993223    -0.0795135    0.00198364    -0.0786538    
0.534576   0.993406    -0.0799561    0.00193787    -0.0791092    
0.535568   0.993789    -0.0803833    0.00187683    -0.0795632    
0.53656   0.993857    -0.0807648    0.00183105    -0.0800158    
0.537552   0.993925    -0.081192    0.0018158    -0.0804669    
0.538544   0.994078    -0.0814819    0.00178528    -0.0809167    
0.539536   0.994089    -0.081955    0.00177002    -0.0813651    
0.540527   0.9941    -0.0824127    0.00177002    -0.081812    
0.541519   0.994308    -0.0829163    0.00169373    -0.0822575    
0.542511   0.994375    -0.0833282    0.00166321    -0.0827015    
0.543503   0.994582    -0.0835876    0.00161743    -0.0831441    
0.544495   0.994591    -0.0839691    0.00161743    -0.0835852    
0.545486   0.994657    -0.0843811    0.00158691    -0.0840248    
0.546478   0.994807    -0.0848541    0.0015564    -0.0844629    
0.54747   0.994816    -0.0853424    0.0015564    -0.0848995    
0.548462   0.994992    -0.0858307    0.00151062    -0.0853346    
0.549454   0.995168    -0.0860748    0.0014801    -0.0857681    
0.550446   0.995454    -0.0866241    0.00146484    -0.0862001    
0.551437   0.9956    -0.0868835    0.00138855    -0.0866306    
0.552429   0.995746    -0.0872192    0.00137329    -0.0870595    
0.553421   0.996002    -0.0877533    0.00132751    -0.0874868    
0.554413   0.995982    -0.0879364    0.00132751    -0.0879126    
0.555405   0.996016    -0.0883484    0.00131226    -0.0883368    
0.556396   0.996078    -0.0888062    0.00128174    -0.0887593    
0.557388   0.996222    -0.0890808    0.00126648    -0.0891803    
0.55838   0.996366    -0.0892944    0.00123596    -0.0895996    
0.559372   0.996454    -0.0897827    0.00120544    -0.0900173    
0.560364   0.99646    -0.0901642    0.00119019    -0.0904334    
0.561356   0.996521    -0.0906525    0.00115967    -0.0908478    
0.562347   0.996554    -0.0909119    0.00114441    -0.0912605    
0.563339   0.99656    -0.0913086    0.00112915    -0.0916716    
0.564331   0.996593    -0.0916595    0.00111389    -0.0920809    
0.565323   0.996599    -0.0920715    0.00111389    -0.0924886    
0.566315   0.99674    -0.0924072    0.00106812    -0.0928946    
0.567307   0.996961    -0.0928802    0.00105286    -0.0932989    
0.568298   0.996966    -0.093277    0.00105286    -0.0937014    
0.56929   0.996944    -0.0935822    0.00105286    -0.0941022    
0.570282   0.99695    -0.0939484    0.00105286    -0.0945013    
0.571274   0.996955    -0.0944977    0.00105286    -0.0948986    
0.572266   0.99696    -0.094986    0.00105286    -0.0952941    
0.573257   0.997099    -0.0951996    0.00102234    -0.0956879    
0.574249   0.997157    -0.0956879    0.00100708    -0.0960799    
0.575241   0.997162    -0.0960846    0.00100708    -0.0964701    
0.576233   0.997167    -0.0964813    0.00100708    -0.0968585    
0.577225   0.997171    -0.0970306    0.00100708    -0.097245    
0.578217   0.997282    -0.0974884    0.000976562    -0.0976298    
0.579208   0.997287    -0.0979767    0.000946045    -0.0980127    
0.5802   0.997291    -0.0984039    0.000946045    -0.0983937    
0.581192   0.997427    -0.0987396    0.000930786    -0.0987729    
0.582184   0.997484    -0.0991058    0.000900269    -0.0991503    
0.583176   0.997593    -0.0995178    0.000869751    -0.0995257    
0.584167   0.997597    -0.0999146    0.000869751    -0.0998993    
0.585159   0.997627    -0.100449    0.000854492    -0.100271    
0.586151   0.997787    -0.100693    0.000823975    -0.100641    
0.587143   0.997843    -0.101212    0.000793457    -0.101009    
0.588135   0.997976    -0.101562    0.000762939    -0.101375    
0.589127   0.998006    -0.102005    0.000747681    -0.101739    
0.590118   0.998061    -0.102448    0.000732422    -0.102101    
0.59111   0.998141    -0.102631    0.000701904    -0.102461    
0.592102   0.99817    -0.103104    0.000686646    -0.102819    
0.593094   0.998173    -0.103394    0.000686646    -0.103175    
0.594086   0.998176    -0.103683    0.000686646    -0.103529    
0.595078   0.998179    -0.103928    0.000686646    -0.103882    
0.596069   0.998182    -0.10405    0.000686646    -0.104232    
0.597061   0.998185    -0.104324    0.000686646    -0.10458    
0.598053   0.998188    -0.104675    0.000686646    -0.104926    
0.599045   0.998217    -0.104797    0.000671387    -0.10527    
0.600037   0.99822    -0.105194    0.000671387    -0.105613    
0.601028   0.998274    -0.105408    0.000640869    -0.105953    
0.60202   0.998378    -0.10582    0.000610352    -0.106291    
0.603012   0.998381    -0.106018    0.000610352    -0.106627    
0.604004   0.998535    -0.106216    0.000595093    -0.106961    
0.604996   0.998562    -0.106567    0.000579834    -0.107292    
0.605988   0.998691    -0.106796    0.000534058    -0.107622    
0.606979   0.998718    -0.106888    0.000518799    -0.10795    
0.607971   0.99872    -0.107132    0.000518799    -0.108275    
0.608963   0.998747    -0.107391    0.00050354    -0.108599    
0.609955   0.998849    -0.107513    0.000442505    -0.10892    
0.610947   0.998851    -0.107803    0.000442505    -0.109239    
0.611938   0.998853    -0.108124    0.000442505    -0.109556    
0.61293   0.998855    -0.108429    0.000442505    -0.109871    
0.613922   0.998857    -0.108704    0.000442505    -0.110183    
0.614914   0.998859    -0.109055    0.000442505    -0.110494    
0.615906   0.99886    -0.109314    0.000442505    -0.110802    
0.616898   0.998862    -0.109558    0.000442505    -0.111108    
0.617889   0.998889    -0.109848    0.000427246    -0.111412    
0.618881   0.99894    -0.109985    0.000411987    -0.111714    
0.619873   0.998942    -0.110229    0.000411987    -0.112013    
0.620865   0.998968    -0.110504    0.000396729    -0.11231    
0.621857   0.999019    -0.110809    0.000366211    -0.112605    
0.622849   0.99902    -0.111053    0.000366211    -0.112898    
0.62384   0.999022    -0.111328    0.000366211    -0.113189    
0.624832   0.999023    -0.11171    0.000366211    -0.113477    
0.625824   0.999025    -0.112167    0.000366211    -0.113763    
0.626816   0.999051    -0.112457    0.000366211    -0.114046    
0.627808   0.999101    -0.112717    0.000350952    -0.114328    
0.628799   0.999102    -0.112915    0.000350952    -0.114607    
0.629791   0.999104    -0.113083    0.000350952    -0.114884    
0.630783   0.999105    -0.113449    0.000350952    -0.115158    
0.631775   0.999155    -0.113617    0.000320435    -0.11543    
0.632767   0.999156    -0.113983    0.000320435    -0.1157    
0.633759   0.999133    -0.114136    0.000335693    -0.115967    
0.63475   0.999135    -0.114441    0.000335693    -0.116233    
0.635742   0.999136    -0.114487    0.000335693    -0.116495    
0.636734   0.999137    -0.114777    0.000335693    -0.116756    
0.637726   0.999163    -0.115005    0.000320435    -0.117014    
0.638718   0.999164    -0.11528    0.000289917    -0.117269    
0.639709   0.999165    -0.115585    0.000289917    -0.117522    
0.640701   0.999238    -0.115814    0.000274658    -0.117773    
0.641693   0.999239    -0.116089    0.000274658    -0.118022    
0.642685   0.99924    -0.116226    0.000274658    -0.118268    
0.643677   0.999241    -0.116562    0.000274658    -0.118511    
0.644669   0.999503    -0.116638    0.000259399    -0.118752    
0.64566   0.999504    -0.117065    0.000259399    -0.118991    
0.646652   0.999504    -0.11731    0.000259399    -0.119227    
0.647644   0.999505    -0.117523    0.000259399    -0.119461    
0.648636   0.999506    -0.117615    0.000259399    -0.119692    
0.649628   0.999507    -0.117859    0.000259399    -0.119921    
0.65062   0.999507    -0.118027    0.000259399    -0.120147    
0.651611   0.999555    -0.118256    0.000244141    -0.120371    
0.652603   0.999556    -0.1185    0.000244141    -0.120592    
0.653595   0.999556    -0.118713    0.000244141    -0.120811    
0.654587   0.999557    -0.11882    0.000244141    -0.121028    
0.655579   0.999558    -0.118958    0.000244141    -0.121241    
0.65657   0.999558    -0.119095    0.000244141    -0.121453    
0.657562   0.999559    -0.119125    0.000244141    -0.121661    
0.658554   0.999583    -0.119293    0.000228882    -0.121867    
0.659546   0.999584    -0.119278    0.000228882    -0.122071    
0.660538   0.99963    -0.119583    0.000213623    -0.122272    
0.66153   0.999654    -0.119904    0.000198364    -0.12247    
0.662521   0.999655    -0.120102    0.000198364    -0.122666    
0.663513   0.999655    -0.120255    0.000198364    -0.12286    
0.664505   0.999656    -0.120453    0.000198364    -0.12305    
0.665497   0.999656    -0.120728    0.000198364    -0.123238    
0.666489   0.999657    -0.120758    0.000198364    -0.123424    
0.66748   0.999657    -0.120987    0.000198364    -0.123607    
0.668472   0.999658    -0.12114    0.000198364    -0.123787    
0.669464   0.999658    -0.121399    0.000198364    -0.123964    
0.670456   0.999659    -0.121689    0.000198364    -0.124139    
0.671448   0.999659    -0.121841    0.000198364    -0.124312    
0.67244   0.999705    -0.122009    0.000167847    -0.124481    
0.673431   0.999705    -0.121918    0.000167847    -0.124648    
0.674423   0.999706    -0.122162    0.000167847    -0.124812    
0.675415   0.999706    -0.122223    0.000167847    -0.124974    
0.676407   0.999707    -0.122559    0.000167847    -0.125133    
0.677399   0.999707    -0.122787    0.000167847    -0.125289    
0.678391   0.999708    -0.12294    0.000167847    -0.125442    
0.679382   0.999708    -0.12323    0.000167847    -0.125593    
0.680374   0.999708    -0.123337    0.000167847    -0.125741    
0.681366   0.999709    -0.12355    0.000167847    -0.125887    
0.682358   0.999709    -0.123886    0.000167847    -0.126029    
0.68335   0.999732    -0.1241    0.000152588    -0.126169    
0.684341   0.999732    -0.124359    0.000152588    -0.126306    
0.685333   0.999733    -0.12442    0.000152588    -0.12644    
0.686325   0.999733    -0.124603    0.000152588    -0.126572    
0.687317   0.999734    -0.124771    0.000152588    -0.126701    
0.688309   0.999734    -0.124939    0.000152588    -0.126827    
0.689301   0.999734    -0.125122    0.000152588    -0.12695    
0.690292   0.999845    -0.125427    0.000106812    -0.12707    
0.691284   0.999845    -0.12561    0.000106812    -0.127188    
0.692276   0.999846    -0.125671    0.000106812    -0.127303    
0.693268   0.999846    -0.125748    0.000106812    -0.127415    
0.69426   0.999846    -0.125977    0.000106812    -0.127524    
0.695251   0.999868    -0.126129    9.15527e-05    -0.12763    
0.696243   0.999869    -0.126282    9.15527e-05    -0.127734    
0.697235   0.999869    -0.126663    9.15527e-05    -0.127834    
0.698227   0.999891    -0.126862    7.62939e-05    -0.127932    
0.699219   0.999891    -0.126877    7.62939e-05    -0.128027    
0.700211   0.999891    -0.126923    7.62939e-05    -0.128119    
0.701202   0.999891    -0.12709    7.62939e-05    -0.128209    
0.702194   0.999891    -0.127106    7.62939e-05    -0.128295    
0.703186   0.999892    -0.127213    7.62939e-05    -0.128378    
0.704178   0.999913    -0.127136    6.10352e-05    -0.128459    
0.70517   0.999913    -0.127182    6.10352e-05    -0.128536    
0.706161   0.999914    -0.127243    6.10352e-05    -0.128611    
0.707153   0.999914    -0.127289    6.10352e-05    -0.128683    
0.708145   0.999914    -0.127533    6.10352e-05    -0.128752    
0.709137   0.999914    -0.127716    6.10352e-05    -0.128818    
0.710129   0.999914    -0.127853    6.10352e-05    -0.128881    
0.711121   0.999914    -0.128021    6.10352e-05    -0.128941    
0.712112   0.999914    -0.128082    6.10352e-05    -0.128998    
0.713104   0.999914    -0.127945    6.10352e-05    -0.129052    
0.714096   0.999915    -0.128036    6.10352e-05    -0.129103    
0.715088   0.999915    -0.128113    6.10352e-05    -0.129152    
0.71608   0.999936    -0.128204    4.57764e-05    -0.129197    
0.717072   0.999936    -0.128296    4.57764e-05    -0.129239    
0.718063   0.999936    -0.128357    4.57764e-05    -0.129278    
0.719055   0.999936    -0.128464    4.57764e-05    -0.129315    
0.720047   0.999936    -0.128555    4.57764e-05    -0.129348    
0.721039   0.999937    -0.12851    4.57764e-05    -0.129378    
0.722031   0.999937    -0.128525    4.57764e-05    -0.129406    
0.723022   0.999937    -0.128693    4.57764e-05    -0.12943    
0.724014   0.999937    -0.128708    4.57764e-05    -0.129451    
0.725006   0.999937    -0.128601    4.57764e-05    -0.129469    
0.725998   0.999979    -0.128632    3.05176e-05    -0.129484    
0.72699   0.999979    -0.128738    3.05176e-05    -0.129496    
0.727982   0.999979    -0.128723    3.05176e-05    -0.129505    
0.728973   0.999979    -0.128769    3.05176e-05    -0.129511    
0.729965   0.999979    -0.128677    3.05176e-05    -0.129514    
0.730957   0.999979    -0.128647    3.05176e-05    -0.129514    
0.731949   0.999979    -0.128662    3.05176e-05    -0.129511    
0.732941   0.999979    -0.128647    3.05176e-05    -0.129505    
0.733932   0.999979    -0.128494    3.05176e-05    -0.129495    
0.734924   0.999979    -0.128372    3.05176e-05    -0.129483    
0.735916   0.999979    -0.128311    3.05176e-05    -0.129467    
0.736908   0.999979    -0.128418    3.05176e-05    -0.129448    
0.7379   0.999979    -0.128448    3.05176e-05    -0.129426    
0.738892   0.999979    -0.128525    3.05176e-05    -0.129401    
0.739883   0.999979    -0.128464    3.05176e-05    -0.129373    
0.740875   0.999979    -0.128571    3.05176e-05    -0.129342    
0.741867   0.999979    -0.128525    3.05176e-05    -0.129308    
0.742859   0.999979    -0.12851    3.05176e-05    -0.12927    
0.743851   0.999979    -0.128555    3.05176e-05    -0.129229    
0.744843   0.99998    -0.128418    3.05176e-05    -0.129186    
0.745834   0.99998    -0.128281    3.05176e-05    -0.129138    
0.746826   0.99998    -0.128464    3.05176e-05    -0.129088    
0.747818   0.99998    -0.128342    3.05176e-05    -0.129035    
0.74881   0.99998    -0.128235    3.05176e-05    -0.128978    
0.749802   0.99998    -0.128281    3.05176e-05    -0.128919    
0.750793   0.99998    -0.128174    3.05176e-05    -0.128856    
0.751785   0.99998    -0.128082    3.05176e-05    -0.128789    
0.752777   0.99998    -0.128052    3.05176e-05    -0.12872    
0.753769   0.99998    -0.12796    3.05176e-05    -0.128648    
0.754761   0.99998    -0.127869    3.05176e-05    -0.128572    
0.755753   0.99998    -0.127609    3.05176e-05    -0.128493    
0.756744   0.99998    -0.127594    3.05176e-05    -0.128411    
0.757736   0.99998    -0.127716    3.05176e-05    -0.128325    
0.758728   0.99998    -0.127609    3.05176e-05    -0.128236    
0.75972   0.99998    -0.127533    3.05176e-05    -0.128144    
0.760712   0.99998    -0.127518    3.05176e-05    -0.128049    
0.761703   0.99998    -0.127548    3.05176e-05    -0.127951    
0.762695   0.99998    -0.127441    3.05176e-05    -0.127849    
0.763687   0.99998    -0.127304    3.05176e-05    -0.127744    
0.764679   1    -0.127258    1.52588e-05    -0.127636    
0.765671   1    -0.126938    1.52588e-05    -0.127524    
0.766663   1    -0.126907    1.52588e-05    -0.127409    
0.767654   1    -0.126801    1.52588e-05    -0.127291    
0.768646   1    -0.126816    1.52588e-05    -0.12717    
0.769638   1    -0.126648    1.52588e-05    -0.127045    
0.77063   1    -0.12648    1.52588e-05    -0.126917    
0.771622   1    -0.126343    1.52588e-05    -0.126785    
0.772614   1    -0.126114    1.52588e-05    -0.126651    
0.773605   1    -0.125961    1.52588e-05    -0.126513    
0.774597   1.00002    -0.125793    0    -0.126371    
0.775589   1.00002    -0.125656    0    -0.126227    
0.776581   1.00002    -0.125626    0    -0.126079    
0.777573   1.00002    -0.125305    0    -0.125927    
0.778564   1.00002    -0.125122    0    -0.125772    
0.779556   1.00002    -0.125046    0    -0.125614    
0.780548   1.00002    -0.125    0    -0.125453    
0.78154   1.00002    -0.124756    0    -0.125288    
0.782532   1.00002    -0.124603    0    -0.12512    
0.783524   1.00002    -0.124268    0    -0.124948    
0.784515   1.00002    -0.124008    0    -0.124773    
0.785507   1.00002    -0.12384    0    -0.124595    
0.786499   1.00002    -0.123932    0    -0.124413    
0.787491   1.00002    -0.123856    0    -0.124228    
0.788483   1.00002    -0.123718    0    -0.12404    
0.789474   1.00002    -0.123566    0    -0.123848    
0.790466   1.00002    -0.123459    0    -0.123653    
0.791458   1.00002    -0.123215    0    -0.123454    
0.79245   1.00002    -0.122833    0    -0.123252    
0.793442   1.00002    -0.122528    0    -0.123046    
0.794434   1.00002    -0.122192    0    -0.122837    
0.795425   1.00002    -0.121933    0    -0.122625    
0.796417   1.00002    -0.121719    0    -0.122409    
0.797409   1.00002    -0.121384    0    -0.122189    
0.798401   1.00002    -0.121094    0    -0.121966    
0.799393   1.00002    -0.120804    0    -0.12174    
0.800385   1.00002    -0.120804    0    -0.121511    
0.801376   1.00002    -0.120331    0    -0.121277    
0.802368   1.00002    -0.120071    0    -0.121041    
0.80336   1.00002    -0.119736    0    -0.120801    
0.804352   1.00002    -0.119537    0    -0.120557    
0.805344   1.00002    -0.119125    0    -0.12031    
0.806335   1.00002    -0.118942    0    -0.120059    
0.807327   1.00002    -0.118652    0    -0.119805    
0.808319   1.00002    -0.118286    0    -0.119548    
0.809311   1.00002    -0.118103    0    -0.119287    
0.810303   1.00002    -0.117813    0    -0.119022    
0.811295   1.00002    -0.117706    0    -0.118754    
0.812286   1.00002    -0.117508    0    -0.118482    
0.813278   1.00002    -0.117233    0    -0.118207    
0.81427   1.00002    -0.116989    0    -0.117929    
0.815262   1.00002    -0.116623    0    -0.117647    
0.816254   1.00002    -0.116425    0    -0.117361    
0.817245   1.00002    -0.116165    0    -0.117072    
0.818237   1.00002    -0.11586    0    -0.116779    
0.819229   1.00002    -0.115646    0    -0.116483    
0.820221   1.00002    -0.115341    0    -0.116183    
0.821213   1.00002    -0.115036    0    -0.115879    
0.822205   1.00002    -0.114792    0    -0.115572    
0.823196   1.00002    -0.114532    0    -0.115262    
0.824188   1.00002    -0.114349    0    -0.114948    
0.82518   1.00002    -0.114029    0    -0.11463    
0.826172   1.00002    -0.113647    0    -0.114309    
0.827164   1.00002    -0.113388    0    -0.113984    
0.828156   1.00002    -0.113052    0    -0.113655    
0.829147   1.00002    -0.112686    0    -0.113323    
0.830139   1.00002    -0.112488    0    -0.112988    
0.831131   1.00002    -0.112183    0    -0.112649    
0.832123   1.00002    -0.111877    0    -0.112306    
0.833115   1.00002    -0.111572    0    -0.11196    
0.834106   1.00002    -0.111145    0    -0.11161    
0.835098   1.00002    -0.110855    0    -0.111256    
0.83609   1.00002    -0.110489    0    -0.110899    
0.837082   1.00002    -0.110107    0    -0.110538    
0.838074   1.00002    -0.10997    0    -0.110174    
0.839066   1.00002    -0.109604    0    -0.109805    
0.840057   1.00002    -0.109207    0    -0.109434    
0.841049   1.00002    -0.108734    0    -0.109058    
0.842041   1.00002    -0.108459    0    -0.108679    
0.843033   1.00002    -0.108215    0    -0.108297    
0.844025   1.00002    -0.10788    0    -0.107911    
0.845016   1.00002    -0.10733    0    -0.107521    
0.846008   1.00002    -0.106766    0    -0.107127    
0.847   1.00002    -0.10643    0    -0.10673    
0.847992   1.00002    -0.106171    0    -0.106329    
0.848984   1.00002    -0.105713    0    -0.105925    
0.849976   1.00002    -0.105377    0    -0.105516    
0.850967   1.00002    -0.10498    0    -0.105104    
0.851959   1.00002    -0.104691    0    -0.104689    
0.852951   1.00002    -0.104294    0    -0.10427    
0.853943   1.00002    -0.103821    0    -0.103847    
0.854935   1.00002    -0.103302    0    -0.10342    
0.855927   1.00002    -0.10289    0    -0.10299    
0.856918   1.00002    -0.102356    0    -0.102556    
0.85791   1.00002    -0.102097    0    -0.102118    
0.858902   1.00002    -0.101562    0    -0.101677    
0.859894   1.00002    -0.101089    0    -0.101232    
0.860886   1.00002    -0.100662    0    -0.100783    
0.861877   1.00002    -0.100281    0    -0.100331    
0.862869   1.00002    -0.0997772    0    -0.0998747    
0.863861   1.00002    -0.0993042    0    -0.0994148    
0.864853   1.00002    -0.0988312    0    -0.0989512    
0.865845   1.00002    -0.0984344    0    -0.0984839    
0.866837   1.00002    -0.0980835    0    -0.0980129    
0.867828   1.00002    -0.0976715    0    -0.0975381    
0.86882   1.00002    -0.0971985    0    -0.0970596    
0.869812   1.00002    -0.0966339    0    -0.0965774    
0.870804   1.00002    -0.0960999    0    -0.0960915    
0.871796   1.00002    -0.0956421    0    -0.0956018    
0.872787   1.00002    -0.0951996    0    -0.0951084    
0.873779   1.00002    -0.0946808    0    -0.0946112    
0.874771   1.00002    -0.0942841    0    -0.0941103    
0.875763   1.00002    -0.0937958    0    -0.0936056    
0.876755   1.00002    -0.0933228    0    -0.0930972    
0.877747   1.00002    -0.0927734    0    -0.092585    
0.878738   1.00002    -0.0921783    0    -0.0920691    
0.87973   1.00002    -0.0916901    0    -0.0915494    
0.880722   1.00002    -0.0911102    0    -0.0910259    
0.881714   1.00002    -0.0905457    0    -0.0904987    
0.882706   1.00002    -0.0900574    0    -0.0899677    
0.883698   1.00002    -0.0894623    0    -0.0894329    
0.884689   1.00002    -0.0888672    0    -0.0888944    
0.885681   1.00002    -0.0882721    0    -0.088352    
0.886673   1.00002    -0.0876465    0    -0.0878059    
0.887665   1.00002    -0.0871124    0    -0.0872561    
0.888657   1.00002    -0.0865631    0    -0.0867024    
0.889648   1.00002    -0.0861053    0    -0.0861449    
0.89064   1.00002    -0.0853729    0    -0.0855837    
0.891632   1.00002    -0.0848846    0    -0.0850186    
0.892624   1.00002    -0.0843353    0    -0.0844498    
0.893616   1.00002    -0.083847    0    -0.0838771    
0.894608   1.00002    -0.0832825    0    -0.0833007    
0.895599   1.00002    -0.0827789    0    -0.0827204    
0.896591   1.00002    -0.0821991    0    -0.0821364    
0.897583   1.00002    -0.0814362    0    -0.0815485    
0.898575   1.00002    -0.0807037    0    -0.0809569    
0.899567   1.00002    -0.0801544    0    -0.0803614    
0.900558   1.00002    -0.0795135    0    -0.0797621    
0.90155   1.00002    -0.0788879    0    -0.079159    
0.902542   1.00002    -0.0782166    0    -0.078552    
0.903534   1.00002    -0.0777893    0    -0.0779413    
0.904526   1.00002    -0.0771179    0    -0.0773267    
0.905518   1.00002    -0.0765686    0    -0.0767083    
0.906509   1.00002    -0.0758972    0    -0.076086    
0.907501   1.00002    -0.0752869    0    -0.0754599    
0.908493   1.00002    -0.0746613    0    -0.07483    
0.909485   1.00002    -0.0740204    0    -0.0741963    
0.910477   1.00002    -0.0731812    0    -0.0735587    
0.911469   1.00002    -0.0725403    0    -0.0729173    
0.91246   1.00002    -0.0719299    0    -0.072272    
0.913452   1.00002    -0.0712738    0    -0.0716229    
0.914444   1.00002    -0.0706177    0    -0.0709699    
0.915436   1.00002    -0.0700226    0    -0.0703131    
0.916428   1.00002    -0.069458    0    -0.0696525    
0.917419   1.00002    -0.0688629    0    -0.068988    
0.918411   1.00002    -0.0682526    0    -0.0683196    
0.919403   1.00002    -0.067627    0    -0.0676474    
0.920395   1.00002    -0.0668945    0    -0.0669713    
0.921387   1.00002    -0.0664062    0    -0.0662914    
0.922379   1.00002    -0.0658417    0    -0.0656076    
0.92337   1.00002    -0.065094    0    -0.0649199    
0.924362   1.00002    -0.0644379    0    -0.0642284    
0.925354   1.00002    -0.063736    0    -0.063533    
0.926346   1.00002    -0.0630493    0    -0.0628337    
0.927338   1.00002    -0.0623169    0    -0.0621306    
0.928329   1.00002    -0.061676    0    -0.0614236    
0.929321   1.00002    -0.0608521    0    -0.0607127    
0.930313   1.00002    -0.0601349    0    -0.0599979    
0.931305   1.00002    -0.0593414    0    -0.0592793    
0.932297   1.00002    -0.058609    0    -0.0585568    
0.933289   1.00002    -0.0578766    0    -0.0578304    
0.93428   1.00002    -0.0572357    0    -0.0571001    
0.935272   1.00002    -0.0565491    0    -0.056366    
0.936264   1.00002    -0.0558472    0    -0.0556279    
0.937256   1.00002    -0.05513    0    -0.054886    
0.938248   1.00002    -0.0543976    0    -0.0541402    
0.93924   1.00002    -0.0536957    0    -0.0533905    
0.940231   1.00002    -0.052948    0    -0.0526368    
0.941223   1.00002    -0.0521698    0    -0.0518794    
0.942215   1.00002    -0.0513611    0    -0.051118    
0.943207   1.00002    -0.0505524    0    -0.0503527    
0.944199   1.00002    -0.0497894    0    -0.0495835    
0.94519   1.00002    -0.0490875    0    -0.0488104    
0.946182   1.00002    -0.0482025    0    -0.0480334    
0.947174   1.00002    -0.0473785    0    -0.0472526    
0.948166   1.00002    -0.0466461    0    -0.0464678    
0.949158   1.00002    -0.045929    0    -0.0456791    
0.95015   1.00002    -0.0450745    0    -0.0448865    
0.951141   1.00002    -0.04422    0    -0.04409    
0.952133   1.00002    -0.0434265    0    -0.0432896    
0.953125   1.00002    -0.0426483    0    -0.0424853    
0.954117   1.00002    -0.0417328    0    -0.0416771    
0.955109   1.00002    -0.0409393    0    -0.040865    
0.9561   1.00002    -0.0400696    0    -0.0400489    
0.957092   1.00002    -0.0392151    0    -0.039229    
0.958084   1.00002    -0.0383911    0    -0.0384051    
0.959076   1.00002    -0.0375977    0    -0.0375773    
0.960068   1.00002    -0.0367737    0    -0.0367456    
0.96106   1.00002    -0.0358429    0    -0.03591    
0.962051   1.00002    -0.0349731    0    -0.0350705    
0.963043   1.00002    -0.0341949    0    -0.034227    
0.964035   1.00002    -0.0332794    0    -0.0333797    
0.965027   1.00002    -0.0324097    0    -0.0325284    
0.966019   1.00002    -0.0315552    0    -0.0316732    
0.96701   1.00002    -0.0306702    0    -0.0308141    
0.968002   1.00002    -0.0297852    0    -0.029951    
0.968994   1.00002    -0.0289459    0    -0.0290841    
0.969986   1.00002    -0.0280762    0    -0.0282132    
0.970978   1.00002    -0.0271606    0    -0.0273383    
0.97197   1.00002    -0.0262146    0    -0.0264596    
0.972961   1.00002    -0.0254059    0    -0.0255769    
0.973953   1.00002    -0.0245209    0    -0.0246903    
0.974945   1.00002    -0.0237579    0    -0.0237998    
0.975937   1.00002    -0.0227966    0    -0.0229054    
0.976929   1.00002    -0.0219421    0    -0.022007    
0.977921   1.00002    -0.0210419    0    -0.0211047    
0.978912   1.00002    -0.0201263    0    -0.0201985    
0.979904   1.00002    -0.0192261    0    -0.0192883    
0.980896   1.00002    -0.01828    0    -0.0183742    
0.981888   1.00002    -0.0173798    0    -0.0174562    
0.98288   1.00002    -0.0163879    0    -0.0165342    
0.983871   1.00002    -0.015564    0    -0.0156083    
0.984863   1.00002    -0.0146332    0    -0.0146785    
0.985855   1.00002    -0.0136719    0    -0.0137448    
0.986847   1.00002    -0.0126953    0    -0.0128071    
0.987839   1.00002    -0.011795    0    -0.0118655    
0.988831   1.00002    -0.010849    0    -0.0109199    
0.989822   1.00002    -0.00991821    0    -0.00997046    
0.990814   1.00002    -0.00895691    0    -0.00901704    
0.991806   1.00002    -0.00801086    0    -0.00805969    
0.992798   1.00002    -0.00704956    0    -0.00709841    
0.99379   1.00002    -0.00613403    0    -0.00613319    
0.994781   1.00002    -0.00517273    0    -0.00516404    
0.995773   1.00002    -0.00418091    0    -0.00419096    
0.996765   1.00002    -0.00320435    0    -0.00321393    
0.997757   1.00002    -0.00222778    0    -0.00223298    
0.998749   1.00002    -0.00123596    0    -0.00124809    
0.999741   1.00002    -0.000244141    0    -0.000259265    
