0.350057   0.00202419    -4.1008e-05    3.33289e-05    
0.350806   0.00201986    -4.1008e-05    3.24977e-05    
0.351556   0.00201827    -4.19617e-05    3.17115e-05    
0.352305   0.00207894    -4.1008e-05    3.18801e-05    
0.353055   0.00276874    -6.10352e-05    4.14113e-05    
0.353805   0.00276287    -6.10352e-05    4.02775e-05    
0.354554   0.0027651    -6.10352e-05    3.92616e-05    
0.355304   0.00304378    -6.86646e-05    4.20628e-05    
0.356053   0.00496854    -0.000104904    6.67721e-05    
0.356803   0.0049581    -0.000104904    6.47436e-05    
0.357553   0.00503573    -0.000109673    6.38367e-05    
0.358302   0.00503318    -0.00011158    6.18821e-05    
0.359052   0.00508907    -0.000114441    6.06231e-05    
0.359801   0.00508642    -0.000115395    5.86436e-05    
0.360551   0.00512875    -0.000117302    5.71649e-05    
0.3613   0.00512339    -0.000118256    5.51378e-05    
0.36205   0.00515492    -0.000120163    5.34952e-05    
0.3628   0.00515479    -0.000120163    5.15092e-05    
0.363549   0.00514416    -0.000120163    4.94201e-05    
0.364299   0.00514143    -0.000121117    4.74095e-05    
0.365048   0.00598253    -0.000139236    5.28535e-05    
0.365798   0.00600417    -0.000139236    5.07215e-05    
0.366548   0.0060127    -0.000141144    4.84645e-05    
0.367297   0.00601861    -0.000141144    4.61779e-05    
0.368047   0.00710242    -0.000162125    5.17357e-05    
0.368796   0.0071578    -0.000165939    4.93566e-05    
0.369546   0.00739877    -0.00017643    4.81389e-05    
0.370296   0.0074353    -0.000179291    4.54798e-05    
0.371045   0.00745883    -0.000182152    4.27146e-05    
0.371795   0.00746175    -0.000181198    3.98179e-05    
0.372544   0.00746465    -0.000182152    3.69158e-05    
0.373294   0.00745733    -0.000184059    3.39618e-05    
0.374043   0.00754692    -0.000187874    3.14139e-05    
0.374793   0.00754455    -0.000188828    2.84461e-05    
0.375543   0.00758282    -0.000190735    2.56145e-05    
0.376292   0.00758292    -0.000193596    2.26361e-05    
0.377042   0.00781572    -0.000198364    2.02578e-05    
0.377791   0.00792138    -0.000190735    1.7414e-05    
0.378541   0.00959366    -0.000248909    1.7311e-05    
0.379291   0.00962498    -0.000253677    1.35725e-05    
0.38004   0.00964364    -0.000257492    9.79295e-06    
0.38079   0.010088    -0.000268936    6.25954e-06    
0.381539   0.0127577    -0.000338554    2.87263e-06    
0.382289   0.0127751    -0.000343323    -2.17801e-06    
0.383039   0.0131484    -0.000356674    -7.44821e-06    
0.383788   0.0131874    -0.000357628    -1.26964e-05    
0.384538   0.0132261    -0.000362396    -1.79794e-05    
0.385287   0.0149529    -0.000406265    -2.62618e-05    
0.386037   0.0170978    -0.000409126    -3.68206e-05    
0.386786   0.0183098    -0.000495911    -4.67092e-05    
0.387536   0.0192563    -0.000534058    -5.67839e-05    
0.388286   0.0289478    -0.000769615    -9.68863e-05    
0.389035   0.028941    -0.00077343    -0.000108393    
0.389785   0.0294652    -0.000787735    -0.000122102    
0.390534   0.0296455    -0.000793457    -0.000134674    
0.391284   0.0314703    -0.000847816    -0.000155525    
0.392034   0.043639    -0.00114632    -0.000233092    
0.392783   0.0441846    -0.00117397    -0.000253664    
0.393533   0.0442458    -0.00118637    -0.000271709    
0.394282   0.0447543    -0.00121403    -0.000292739    
0.395032   0.0510356    -0.0013876    -0.000354256    
0.395782   0.0667892    -0.00183773    -0.000490361    
0.396531   0.143369    -0.00390911    -0.00111007    
0.397281   0.155546    -0.00428963    -0.00126671    
0.39803   0.160629    -0.00447369    -0.00137256    
0.39878   0.207442    -0.00585938    -0.00185583    
0.399529   0.209726    -0.00598335    -0.00196048    
0.400279   0.223733    -0.00645924    -0.00218131    
0.401029   0.23658    -0.00687027    -0.00240164    
0.401778   0.241918    -0.0070734    -0.00255311    
0.402528   0.258709    -0.00763988    -0.00283438    
0.403277   0.274027    -0.00813484    -0.00311249    
0.404027   0.282576    -0.00846195    -0.00332334    
0.404777   0.391394    -0.0118437    -0.00476078    
0.405526   0.453033    -0.0139027    -0.00569304    
0.406276   0.527402    -0.0162468    -0.00684014    
0.407025   0.545358    -0.016921    -0.00729288    
0.407775   0.566002    -0.0176706    -0.0077972    
0.408525   0.648364    -0.020401    -0.00919334    
0.409274   0.721457    -0.0230083    -0.0105208    
0.410024   0.727365    -0.023324    -0.0109006    
0.410773   0.740859    -0.0239296    -0.0114019    
0.411523   0.75264    -0.0244474    -0.0118871    
0.412272   0.756185    -0.0247679    -0.0122485    
0.413022   0.764822    -0.025219    -0.0126973    
0.413772   0.773198    -0.0256634    -0.0131488    
0.414521   0.784073    -0.0262108    -0.0136506    
0.415271   0.791008    -0.0266275    -0.014091    
0.41602   0.803665    -0.0272074    -0.0146413    
0.41677   0.810215    -0.0276098    -0.0150882    
0.41752   0.829596    -0.0283804    -0.0157845    
0.418269   0.835166    -0.0287771    -0.0162282    
0.419019   0.838688    -0.0291176    -0.0166358    
0.419768   0.84392    -0.0294762    -0.0170809    
0.420518   0.846902    -0.0297775    -0.0174838    
0.421268   0.849553    -0.0301018    -0.0178821    
0.422017   0.854055    -0.0304632    -0.0183223    
0.422767   0.857231    -0.0308237    -0.0187372    
0.423516   0.86257    -0.0312366    -0.0192028    
0.424266   0.868943    -0.0316868    -0.0196961    
0.425015   0.876888    -0.032198    -0.0202309    
0.425765   0.880006    -0.032548    -0.0206587    
0.426515   0.882428    -0.0328503    -0.0210725    
0.427264   0.886922    -0.0332355    -0.0215384    
0.428014   0.890119    -0.0335913    -0.021976    
0.428763   0.893619    -0.0339298    -0.0224237    
0.429513   0.895059    -0.0342464    -0.0228217    
0.430263   0.898751    -0.0345783    -0.0232791    
0.431012   0.902    -0.0349188    -0.0237278    
0.431762   0.904235    -0.0352516    -0.024152    
0.432511   0.908467    -0.0356464    -0.024632    
0.433261   0.910549    -0.0359497    -0.0250563    
0.434011   0.912396    -0.036273    -0.0254756    
0.43476   0.914517    -0.0366201    -0.025904    
0.43551   0.916328    -0.0369282    -0.0263253    
0.436259   0.917816    -0.0372496    -0.0267384    
0.437009   0.919714    -0.03759    -0.0271648    
0.437758   0.921045    -0.0379009    -0.0275756    
0.438508   0.923192    -0.038249    -0.0280122    
0.439258   0.925036    -0.0385532    -0.028441    
0.440007   0.92662    -0.0388489    -0.0288631    
0.440757   0.928128    -0.0391636    -0.029284    
0.441506   0.930762    -0.039546    -0.029742    
0.442256   0.93243    -0.0398703    -0.0301706    
0.443006   0.934227    -0.0402031    -0.0306048    
0.443755   0.935572    -0.0405264    -0.0310252    
0.444505   0.936921    -0.0408611    -0.0314466    
0.445254   0.938372    -0.0411692    -0.0318725    
0.446004   0.940236    -0.0415678    -0.0323136    
0.446754   0.94138    -0.0418892    -0.0327309    
0.447503   0.943019    -0.0422087    -0.0331665    
0.448253   0.94401    -0.0425529    -0.0335801    
0.449002   0.945161    -0.0428858    -0.0340001    
0.449752   0.946262    -0.0432301    -0.0344189    
0.450501   0.94764    -0.0435524    -0.0348487    
0.451251   0.948725    -0.0438747    -0.0352685    
0.452001   0.949991    -0.0442142    -0.0356958    
0.45275   0.950822    -0.0445242    -0.0361073    
0.4535   0.952047    -0.044858    -0.0365344    
0.454249   0.95322    -0.0451965    -0.0369602    
0.454999   0.953913    -0.0455379    -0.0373679    
0.455749   0.954933    -0.0458708    -0.0377889    
0.456498   0.955565    -0.046196    -0.038195    
0.457248   0.956397    -0.0465202    -0.0386094    
0.457997   0.957286    -0.0468426    -0.0390265    
0.458747   0.958055    -0.0471678    -0.0394391    
0.459496   0.959209    -0.0475149    -0.0398681    
0.460246   0.960104    -0.0478458    -0.0402869    
0.460996   0.960949    -0.0481882    -0.040704    
0.461745   0.961487    -0.0485096    -0.0411084    
0.462495   0.962222    -0.0488443    -0.0415214    
0.463244   0.962699    -0.0491896    -0.0419235    
0.463994   0.963676    -0.04953    -0.0423476    
0.464744   0.964672    -0.0498457    -0.0427731    
0.465493   0.965378    -0.0501709    -0.043186    
0.466243   0.966379    -0.0504961    -0.0436125    
0.466992   0.966966    -0.0507889    -0.0440207    
0.467742   0.967494    -0.0511456    -0.0444263    
0.468492   0.968065    -0.0514765    -0.0448339    
0.469241   0.968771    -0.0517883    -0.045248    
0.469991   0.969405    -0.0521517    -0.0456589    
0.47074   0.970055    -0.0524464    -0.0460708    
0.47149   0.970368    -0.0527573    -0.0464666    
0.472239   0.970869    -0.0531321    -0.0468714    
0.472989   0.971718    -0.0534782    -0.0472932    
0.473739   0.972145    -0.0538015    -0.0476946    
0.474488   0.972673    -0.0541487    -0.048101    
0.475238   0.97324    -0.054492    -0.0485093    
0.475987   0.973607    -0.0548182    -0.0489076    
0.476737   0.974131    -0.0551338    -0.0493138    
0.477487   0.974511    -0.0554504    -0.0497127    
0.478236   0.974936    -0.0557613    -0.0501137    
0.478986   0.975427    -0.0560694    -0.0505182    
0.479735   0.975704    -0.0563908    -0.0509114    
0.480485   0.976232    -0.0567274    -0.0513176    
0.481235   0.976737    -0.0570555    -0.0517226    
0.481984   0.977133    -0.0574007    -0.0521218    
0.482734   0.977463    -0.0577412    -0.0525173    
0.483483   0.977742    -0.0580978    -0.0529099    
0.484233   0.978064    -0.0584326    -0.0533046    
0.484982   0.978358    -0.0587864    -0.0536975    
0.485732   0.978823    -0.0591364    -0.0540997    
0.486482   0.979442    -0.0594788    -0.0545103    
0.487231   0.979898    -0.0598192    -0.0549118    
0.487981   0.980293    -0.0602026    -0.0553098    
0.48873   0.980803    -0.0605259    -0.0557141    
0.48948   0.981148    -0.0608768    -0.0561089    
0.49023   0.981455    -0.0612297    -0.0565013    
0.490979   0.981879    -0.0615387    -0.0569003    
0.491729   0.982212    -0.0618782    -0.0572937    
0.492478   0.98261    -0.0622358    -0.0576908    
0.493228   0.982931    -0.0625648    -0.058083    
0.493978   0.983219    -0.0629025    -0.0584731    
0.494727   0.983545    -0.0632544    -0.0588651    
0.495477   0.983774    -0.0635691    -0.0592511    
0.496226   0.984137    -0.0638609    -0.0596447    
0.496976   0.984485    -0.064167    -0.0600373    
0.497725   0.984758    -0.0645075    -0.0604249    
0.498475   0.984974    -0.0648479    -0.0608087    
0.499225   0.985266    -0.0651941    -0.0611969    
0.499974   0.985566    -0.0655355    -0.0615852    
