0.350057   0.00444613    -0.00011158    7.3207e-05    
0.350806   0.00445022    -0.00011158    7.15999e-05    
0.351556   0.00444887    -0.00011158    6.99016e-05    
0.352305   0.00445023    -0.000112534    6.82433e-05    
0.353055   0.00450291    -0.000115395    6.73489e-05    
0.353805   0.00449607    -0.000115395    6.55443e-05    
0.354554   0.0045027    -0.000116348    6.39337e-05    
0.355304   0.00449588    -0.000116348    6.21297e-05    
0.356053   0.00453731    -0.000116348    6.09767e-05    
0.356803   0.0045358    -0.000117302    5.9229e-05    
0.357553   0.00469166    -0.000121117    5.9475e-05    
0.358302   0.00469781    -0.000121117    5.77589e-05    
0.359052   0.0047305    -0.00012207    5.63516e-05    
0.359801   0.00531702    -0.000135422    6.13023e-05    
0.360551   0.00530861    -0.000134468    5.91696e-05    
0.3613   0.00532135    -0.000137329    5.72683e-05    
0.36205   0.00536038    -0.000138283    5.56273e-05    
0.3628   0.00535457    -0.000139236    5.35055e-05    
0.363549   0.00540124    -0.000142097    5.18898e-05    
0.364299   0.00540583    -0.000143051    4.98475e-05    
0.365048   0.0054104    -0.000145912    4.77989e-05    
0.365798   0.00540192    -0.000145912    4.56339e-05    
0.366548   0.00548714    -0.00014782    4.42283e-05    
0.367297   0.00561875    -0.000149727    4.311e-05    
0.368047   0.0056099    -0.000148773    4.08638e-05    
0.368796   0.00560625    -0.000148773    3.8658e-05    
0.369546   0.00648779    -0.000143051    4.22118e-05    
0.370296   0.00647981    -0.000143051    3.96353e-05    
0.371045   0.00647186    -0.000143051    3.70625e-05    
0.371795   0.00647677    -0.000144958    3.45618e-05    
0.372544   0.00814303    -0.000181198    4.02706e-05    
0.373294   0.0103672    -0.00023365    4.72137e-05    
0.374043   0.0103643    -0.000238419    4.3141e-05    
0.374793   0.0143003    -0.000347137    5.39181e-05    
0.375543   0.0143429    -0.000350952    4.84497e-05    
0.376292   0.0143852    -0.000349998    4.2942e-05    
0.377042   0.0143895    -0.000352859    3.72967e-05    
0.377791   0.0146412    -0.000358582    3.21866e-05    
0.378541   0.0175119    -0.000423431    3.15989e-05    
0.379291   0.0175301    -0.000431061    2.47197e-05    
0.38004   0.0175282    -0.000435829    1.77996e-05    
0.38079   0.0187985    -0.000472069    1.16644e-05    
0.381539   0.0187966    -0.00047493    4.2324e-06    
0.382289   0.0188844    -0.000480652    -3.21959e-06    
0.383039   0.0188973    -0.000486374    -1.07048e-05    
0.383788   0.0276569    -0.000739098    -2.66273e-05    
0.384538   0.0277394    -0.000746727    -3.77086e-05    
0.385287   0.0288191    -0.000784874    -5.06152e-05    
0.386037   0.0288941    -0.000788689    -6.22243e-05    
0.386786   0.029277    -0.000813484    -7.46869e-05    
0.387536   0.0311275    -0.00086689    -9.17903e-05    
0.388286   0.0314997    -0.000880241    -0.000105427    
0.389035   0.0498685    -0.00137424    -0.000186772    
0.389785   0.0505482    -0.00140285    -0.000209468    
0.390534   0.0507198    -0.00141621    -0.000230411    
0.391284   0.0513148    -0.00145054    -0.000253596    
0.392034   0.0541869    -0.00155067    -0.000289432    
0.392783   0.0551178    -0.00158691    -0.000316432    
0.393533   0.0594937    -0.00172997    -0.000365345    
0.394282   0.0615526    -0.00180721    -0.000402616    
0.395032   0.0826877    -0.00232506    -0.000573965    
0.395782   0.0849118    -0.00238705    -0.000623416    
0.396531   0.0942777    -0.0027132    -0.000729964    
0.397281   0.14036    -0.00408649    -0.00114305    
0.39803   0.150037    -0.0043726    -0.00128204    
0.39878   0.156886    -0.00461674    -0.00140354    
0.399529   0.159115    -0.0047102    -0.00148738    
0.400279   0.187743    -0.00553131    -0.00183041    
0.401029   0.189799    -0.00561333    -0.00192674    
0.401778   0.192689    -0.00573826    -0.00203357    
0.402528   0.198526    -0.00594807    -0.00217503    
0.403277   0.23694    -0.00713444    -0.00269124    
0.404027   0.265949    -0.00804329    -0.0031278    
0.404777   0.530057    -0.0161266    -0.00644742    
0.405526   0.538656    -0.0165043    -0.00676902    
0.406276   0.566319    -0.017477    -0.00734488    
0.407025   0.59984    -0.0186071    -0.00802145    
0.407775   0.604559    -0.0188732    -0.00832834    
0.408525   0.673209    -0.02108    -0.00954563    
0.409274   0.726271    -0.0228672    -0.0105911    
0.410024   0.732603    -0.0232296    -0.0109791    
0.410773   0.74593    -0.0238247    -0.0114799    
0.411523   0.752992    -0.0242271    -0.0118926    
0.412272   0.766886    -0.024828    -0.0124218    
0.413022   0.777977    -0.0253391    -0.0129157    
0.413772   0.797004    -0.026145    -0.0135536    
0.414521   0.802828    -0.0265121    -0.0139771    
0.415271   0.812141    -0.0269966    -0.0144675    
0.41602   0.816324    -0.0273151    -0.0148719    
0.41677   0.820494    -0.0276556    -0.0152796    
0.41752   0.82672    -0.0280514    -0.0157298    
0.418269   0.836131    -0.0285225    -0.016247    
0.419019   0.842696    -0.0289764    -0.0167153    
0.419768   0.845803    -0.0293121    -0.017119    
0.420518   0.848793    -0.0296021    -0.0175228    
0.421268   0.852858    -0.0299425    -0.0179517    
0.422017   0.85512    -0.0302515    -0.0183452    
0.422767   0.867833    -0.0309258    -0.0189689    
0.423516   0.87226    -0.0312929    -0.0194185    
0.424266   0.876042    -0.0316534    -0.019857    
0.425015   0.879651    -0.0320005    -0.0202946    
0.425765   0.885554    -0.032424    -0.020789    
0.426515   0.88834    -0.0327311    -0.0212136    
0.427264   0.890406    -0.0330534    -0.021623    
0.428014   0.892223    -0.0333605    -0.0220279    
0.428763   0.894035    -0.0336847    -0.0224341    
0.429513   0.895372    -0.0340033    -0.0228296    
0.430263   0.89803    -0.0343733    -0.0232604    
0.431012   0.900714    -0.034771    -0.023694    
0.431762   0.903811    -0.0351439    -0.0241406    
0.432511   0.90675    -0.0354671    -0.0245855    
0.433261   0.908808    -0.035778    -0.0250084    
0.434011   0.91117    -0.0361233    -0.0254413    
0.43476   0.912968    -0.0364494    -0.0258602    
0.43551   0.918143    -0.0368643    -0.0263774    
0.436259   0.920914    -0.0371962    -0.0268287    
0.437009   0.923033    -0.0375051    -0.0272628    
0.437758   0.924673    -0.0378399    -0.0276842    
0.438508   0.926217    -0.038187    -0.0281039    
0.439258   0.927468    -0.0385284    -0.0285158    
0.440007   0.928764    -0.038826    -0.0289299    
0.440757   0.931185    -0.0391989    -0.0293805    
0.441506   0.933097    -0.0395327    -0.0298166    
0.442256   0.93439    -0.0398407    -0.0302341    
0.443006   0.936124    -0.0401907    -0.0306669    
0.443755   0.937242    -0.0405197    -0.0310805    
0.444505   0.938674    -0.0408411    -0.0315055    
0.445254   0.940456    -0.0412207    -0.0319433    
0.446004   0.941843    -0.0415316    -0.0323688    
0.446754   0.943696    -0.0418816    -0.0328115    
0.447503   0.9449    -0.042202    -0.0332326    
0.448253   0.945792    -0.0424986    -0.0336435    
0.449002   0.947159    -0.04286    -0.034072    
0.449752   0.947765    -0.0431414    -0.0344736    
0.450501   0.948375    -0.0434799    -0.0348757    
0.451251   0.949758    -0.043849    -0.0353069    
0.452001   0.950753    -0.0441647    -0.0357244    
0.45275   0.952073    -0.0445166    -0.0361548    
0.4535   0.953143    -0.044838    -0.0365764    
0.454249   0.954014    -0.0451822    -0.036991    
0.454999   0.954756    -0.0455027    -0.0374009    
0.455749   0.955569    -0.0458736    -0.0378141    
0.456498   0.956398    -0.0461874    -0.0382283    
0.457248   0.957571    -0.0464926    -0.0386568    
0.457997   0.958421    -0.0467777    -0.0390728    
0.458747   0.959134    -0.0471172    -0.0394836    
0.459496   0.959947    -0.0474358    -0.0398988    
0.460246   0.96075    -0.0477924    -0.0403141    
0.460996   0.961416    -0.0481148    -0.0407238    
0.461745   0.96227    -0.0484304    -0.0411419    
0.462495   0.962828    -0.0487757    -0.0415476    
0.463244   0.963829    -0.0491343    -0.0419727    
0.463994   0.964514    -0.0494766    -0.0423845    
0.464744   0.965357    -0.0498123    -0.0428035    
0.465493   0.965938    -0.0501347    -0.0432111    
0.466243   0.96686    -0.0504799    -0.0436342    
0.466992   0.967378    -0.050807    -0.0440395    
0.467742   0.968405    -0.0511913    -0.0444681    
0.468492   0.969034    -0.0515203    -0.0448788    
0.469241   0.96939    -0.0518522    -0.0452769    
0.469991   0.969904    -0.0521574    -0.0456824    
0.47074   0.970329    -0.0524912    -0.0460837    
0.47149   0.97113    -0.0528393    -0.0465031    
0.472239   0.971802    -0.0531731    -0.0469165    
0.472989   0.972313    -0.0535002    -0.0473222    
0.473739   0.972837    -0.0538454    -0.0477286    
0.474488   0.973365    -0.0541697    -0.0481352    
0.475238   0.974278    -0.0545349    -0.048561    
0.475987   0.974721    -0.054863    -0.0489636    
0.476737   0.975223    -0.0551872    -0.0493691    
0.477487   0.975763    -0.0555325    -0.0497766    
0.478236   0.976335    -0.0558853    -0.0501857    
0.478986   0.976848    -0.0562382    -0.0505918    
0.479735   0.97724    -0.0565634    -0.0509916    
0.480485   0.977591    -0.0568657    -0.0513891    
0.481235   0.978007    -0.0571842    -0.0517899    
0.481984   0.978352    -0.0575314    -0.0521868    
0.482734   0.978834    -0.0578365    -0.052591    
0.483483   0.979285    -0.0582037    -0.0529933    
0.484233   0.979689    -0.058527    -0.0533931    
0.484982   0.980068    -0.0588541    -0.0537914    
0.485732   0.980674    -0.0591841    -0.054202    
0.486482   0.980902    -0.0595016    -0.0545916    
0.487231   0.981214    -0.0598621    -0.0549855    
0.487981   0.981573    -0.0601854    -0.055382    
0.48873   0.981915    -0.0605345    -0.0557773    
0.48948   0.982323    -0.0608749    -0.0561761    
0.49023   0.982607    -0.0612154    -0.0565676    
0.490979   0.982948    -0.0615492    -0.0569622    
0.491729   0.983236    -0.0619164    -0.0573534    
0.492478   0.983461    -0.0622673    -0.0577407    
0.493228   0.983977    -0.0626011    -0.0581448    
0.493978   0.984358    -0.0629749    -0.0585408    
0.494727   0.984731    -0.0633192    -0.0589361    
0.495477   0.984948    -0.0636406    -0.0593218    
0.496226   0.985154    -0.0639753    -0.0597064    
0.496976   0.985297    -0.0643349    -0.0600868    
0.497725   0.98563    -0.0646925    -0.0604784    
0.498475   0.985898    -0.0650415    -0.0608658    
0.499225   0.986339    -0.0653887    -0.0612635    
0.499974   0.986593    -0.065711    -0.0616493    
