0.35006   0.00345443    -6.58035e-05    5.68717e-05    
0.35021   0.00345295    -6.58035e-05    5.65881e-05    
0.35036   0.00345148    -6.58035e-05    5.63046e-05    
0.35051   0.00345    -6.58035e-05    5.60212e-05    
0.350659   0.00345941    -6.67572e-05    5.59139e-05    
0.350809   0.00346337    -6.67572e-05    5.57174e-05    
0.350959   0.00346189    -6.67572e-05    5.54332e-05    
0.351109   0.00346313    -6.67572e-05    5.51925e-05    
0.351258   0.00346165    -6.67572e-05    5.49084e-05    
0.351408   0.00346289    -6.67572e-05    5.46672e-05    
0.351558   0.00346142    -6.67572e-05    5.43832e-05    
0.351707   0.00345994    -6.67572e-05    5.40994e-05    
0.351857   0.00345847    -6.67572e-05    5.38157e-05    
0.352007   0.00347597    -6.67572e-05    5.38259e-05    
0.352157   0.00347449    -6.67572e-05    5.35409e-05    
0.352306   0.00347301    -6.67572e-05    5.32562e-05    
0.352456   0.00349318    -6.77109e-05    5.33019e-05    
0.352606   0.00349981    -6.96182e-05    5.31389e-05    
0.352756   0.00349833    -6.96182e-05    5.28522e-05    
0.352905   0.00349684    -6.96182e-05    5.25656e-05    
0.353055   0.00349536    -6.96182e-05    5.22792e-05    
0.353205   0.00351818    -7.05719e-05    5.23546e-05    
0.353354   0.00352209    -7.05719e-05    5.21465e-05    
0.353504   0.00352059    -7.05719e-05    5.18582e-05    
0.353654   0.0035191    -7.05719e-05    5.157e-05    
0.353804   0.00351762    -7.05719e-05    5.1282e-05    
0.353953   0.00351882    -7.05719e-05    5.10332e-05    
0.354103   0.00351733    -7.05719e-05    5.07454e-05    
0.354253   0.00351585    -7.05719e-05    5.04576e-05    
0.354403   0.00351436    -7.05719e-05    5.01701e-05    
0.354552   0.00351557    -7.15256e-05    4.99209e-05    
0.354702   0.00352215    -7.34329e-05    4.97473e-05    
0.354852   0.00352066    -7.34329e-05    4.94594e-05    
0.355001   0.00351918    -7.34329e-05    4.91716e-05    
0.355151   0.00352307    -7.43866e-05    4.89586e-05    
0.355301   0.00352158    -7.43866e-05    4.86707e-05    
0.355451   0.0035201    -7.43866e-05    4.8383e-05    
0.3556   0.00351861    -7.43866e-05    4.80954e-05    
0.35575   0.0035225    -7.43866e-05    4.78809e-05    
0.3559   0.00352369    -7.53403e-05    4.76294e-05    
0.35605   0.00352489    -7.53403e-05    4.73777e-05    
0.356199   0.00352341    -7.53403e-05    4.70899e-05    
0.356349   0.00352193    -7.53403e-05    4.68023e-05    
0.356499   0.00352045    -7.53403e-05    4.65148e-05    
0.356648   0.00351897    -7.53403e-05    4.62276e-05    
0.356798   0.00368054    -6.48499e-05    4.80699e-05    
0.356948   0.00367899    -6.48499e-05    4.77696e-05    
0.357098   0.00367745    -6.48499e-05    4.74695e-05    
0.357247   0.00367591    -6.48499e-05    4.71696e-05    
0.357397   0.00367971    -6.58035e-05    4.6938e-05    
0.357547   0.00368884    -6.67572e-05    4.67732e-05    
0.357697   0.00548695    -0.000115395    6.91543e-05    
0.357846   0.00548465    -0.000115395    6.87071e-05    
0.357996   0.00548502    -0.000115395    6.82933e-05    
0.358146   0.00548273    -0.000115395    6.78464e-05    
0.358295   0.00548044    -0.000115395    6.73998e-05    
0.358445   0.00548081    -0.000115395    6.69859e-05    
0.358595   0.00548384    -0.000116348    6.66041e-05    
0.358745   0.00548155    -0.000116348    6.61576e-05    
0.358894   0.00548192    -0.000116348    6.57432e-05    
0.359044   0.00548229    -0.000116348    6.53286e-05    
0.359194   0.00554904    -0.000116348    6.56998e-05    
0.359344   0.00555203    -0.000118256    6.53106e-05    
0.359493   0.00555237    -0.000120163    6.48899e-05    
0.359643   0.00555006    -0.000120163    6.44383e-05    
0.359793   0.00653378    -0.000139236    7.53596e-05    
0.359942   0.00653106    -0.000139236    7.48282e-05    
0.360092   0.00652835    -0.000139236    7.42972e-05    
0.360242   0.00652828    -0.000139236    7.37964e-05    
0.360392   0.00652557    -0.000139236    7.32658e-05    
0.360541   0.00652551    -0.000139236    7.27649e-05    
0.360691   0.00652544    -0.000139236    7.2264e-05    
0.360841   0.00652802    -0.000139236    7.1792e-05    
0.360991   0.00652531    -0.000139236    7.12617e-05    
0.36114   0.00661767    -0.000141144    7.17627e-05    
0.36129   0.00661757    -0.000142097    7.12537e-05    
0.36144   0.00661747    -0.000142097    7.07447e-05    
0.361589   0.00661473    -0.000142097    7.02075e-05    
0.361739   0.00662253    -0.000143051    6.97818e-05    
0.361889   0.00785573    -0.000164032    8.21726e-05    
0.362039   0.00785249    -0.000164032    8.15352e-05    
0.362188   0.00786767    -0.000164986    8.10882e-05    
0.362338   0.00786442    -0.000164986    8.04501e-05    
0.362488   0.00786117    -0.000164986    7.98124e-05    
0.362638   0.00787896    -0.000164986    7.9387e-05    
0.362787   0.00787571    -0.000164986    7.87483e-05    
0.362937   0.00787509    -0.000164986    7.8136e-05    
0.363087   0.0085495    -0.00017643    8.41693e-05    
0.363236   0.0085486    -0.00017643    8.35023e-05    
0.363386   0.00856607    -0.00017643    8.30132e-05    
0.363536   0.00856255    -0.00017643    8.23194e-05    
0.363686   0.00855902    -0.00017643    8.16261e-05    
0.363835   0.00861841    -0.00017643    8.15282e-05    
0.363985   0.00863844    -0.000179291    8.10517e-05    
0.364135   0.00864013    -0.000180244    8.04013e-05    
0.364285   0.00864443    -0.000183105    7.97746e-05    
0.364434   0.00864088    -0.000183105    7.90752e-05    
0.364584   0.00863995    -0.000182152    7.83999e-05    
0.364734   0.0086364    -0.000182152    7.77011e-05    
0.364883   0.00863547    -0.000183105    7.7026e-05    
0.365033   0.00863454    -0.000183105    7.63509e-05    
0.365183   0.00863361    -0.000183105    7.56758e-05    
0.365333   0.00863007    -0.000183105    7.4978e-05    
0.365482   0.00862654    -0.000183105    7.42806e-05    
0.365632   0.00862301    -0.000183105    7.35837e-05    
0.365782   0.00862208    -0.000185013    7.29091e-05    
0.365932   0.00862637    -0.000185013    7.22783e-05    
0.366081   0.00862285    -0.000185013    7.15817e-05    
0.366231   0.00861932    -0.000185013    7.08855e-05    
0.366381   0.0086184    -0.000185013    7.0211e-05    
0.36653   0.00861488    -0.000185013    6.95154e-05    
0.36668   0.00861396    -0.000185966    6.8841e-05    
0.36683   0.00861305    -0.000185966    6.81666e-05    
0.36698   0.00861213    -0.000185966    6.74923e-05    
0.367129   0.00860862    -0.000185966    6.67977e-05    
0.367279   0.00860511    -0.000185966    6.61036e-05    
0.367429   0.00861458    -0.000185966    6.55085e-05    
0.367579   0.00861107    -0.000185966    6.48142e-05    
0.367728   0.00860757    -0.000185966    6.41202e-05    
0.367878   0.00861184    -0.000185966    6.3484e-05    
0.368028   0.00861352    -0.000187874    6.2828e-05    
0.368177   0.00865146    -0.000187874    6.24333e-05    
0.368327   0.00865053    -0.000187874    6.17551e-05    
0.368477   0.00864961    -0.000187874    6.10769e-05    
0.368627   0.00864609    -0.000187874    6.03806e-05    
0.368776   0.00864258    -0.000187874    5.96848e-05    
0.368926   0.0087373    -0.000189781    5.96601e-05    
0.369076   0.00874926    -0.000189781    5.90618e-05    
0.369226   0.00899626    -0.000191689    6.00298e-05    
0.369375   0.00901843    -0.000192642    5.94766e-05    
0.369525   0.00902768    -0.000192642    5.88355e-05    
0.369675   0.00902402    -0.000192642    5.81098e-05    
0.369824   0.00902295    -0.000192642    5.74009e-05    
0.369974   0.00902445    -0.000192642    5.67082e-05    
0.370124   0.00902853    -0.000193596    5.60311e-05    
0.370274   0.00902488    -0.000193596    5.53058e-05    
0.370423   0.00902381    -0.00019455    5.45965e-05    
0.370573   0.00902273    -0.00019455    5.38873e-05    
0.370723   0.00902166    -0.000195503    5.31781e-05    
0.370872   0.00904631    -0.000196457    5.26184e-05    
0.371022   0.00905037    -0.000197411    5.19367e-05    
0.371172   0.00904929    -0.000197411    5.12251e-05    
0.371322   0.0090482    -0.000196457    5.05135e-05    
0.371471   0.00905483    -0.000196457    4.98443e-05    
0.371621   0.00905375    -0.000197411    4.91321e-05    
0.371771   0.00912192    -0.000199318    4.87904e-05    
0.371921   0.00912338    -0.000199318    4.80862e-05    
0.37207   0.00925299    -0.000200272    4.80471e-05    
0.37222   0.00924927    -0.000200272    4.73057e-05    
0.37237   0.00924811    -0.000200272    4.65777e-05    
0.372519   0.00924696    -0.000200272    4.58496e-05    
0.372669   0.0092458    -0.000202179    4.51216e-05    
0.372819   0.00924465    -0.000202179    4.43936e-05    
0.372969   0.00924605    -0.000203133    4.36778e-05    
0.373118   0.00925767    -0.000203133    4.30091e-05    
0.373268   0.00925396    -0.000203133    4.22683e-05    
0.373418   0.00934219    -0.00021553    4.19408e-05    
0.373568   0.00933845    -0.00021553    4.11936e-05    
0.373717   0.00970217    -0.000216484    4.2039e-05    
0.373867   0.00970084    -0.000216484    4.12742e-05    
0.374017   0.00995194    -0.000222206    4.15636e-05    
0.374166   0.00995305    -0.000222206    4.07892e-05    
0.374316   0.00994907    -0.000222206    3.99939e-05    
0.374466   0.00994509    -0.000222206    3.91991e-05    
0.374616   0.00994112    -0.000222206    3.84048e-05    
0.374765   0.00993969    -0.000222206    3.76206e-05    
0.374915   0.0106429    -0.000250816    3.94482e-05    
0.375065   0.0107098    -0.00025177    3.8857e-05    
0.375215   0.0107157    -0.00025177    3.80384e-05    
0.375364   0.010808    -0.000247955    3.75185e-05    
0.375514   0.011436    -0.000267029    3.8802e-05    
0.375664   0.0114467    -0.000267029    3.79404e-05    
0.375813   0.0114472    -0.000267029    3.70441e-05    
0.375963   0.0114503    -0.000267982    3.61556e-05    
0.376113   0.0114483    -0.000268936    3.52507e-05    
0.376263   0.0114462    -0.000268936    3.43461e-05    
0.376412   0.0114518    -0.00026989    3.34637e-05    
0.376562   0.0114473    -0.00026989    3.25516e-05    
0.376712   0.0115415    -0.000271797    3.19129e-05    
0.376862   0.0124631    -0.00028801    3.34822e-05    
0.377011   0.0127414    -0.000289917    3.3229e-05    
0.377161   0.0128147    -0.000292778    3.24132e-05    
0.377311   0.0128248    -0.000293732    3.14307e-05    
0.37746   0.0128223    -0.000293732    3.04164e-05    
0.37761   0.0128172    -0.000293732    2.93966e-05    
0.37776   0.0128348    -0.000293732    2.84277e-05    
0.37791   0.0128297    -0.000293732    2.74073e-05    
0.378059   0.0128272    -0.000293732    2.63928e-05    
0.378209   0.0128297    -0.000294685    2.53884e-05    
0.378359   0.0128296    -0.000295639    2.43786e-05    
0.378509   0.0128321    -0.000294685    2.33733e-05    
0.378658   0.0128321    -0.000296593    2.2363e-05    
0.378808   0.0128295    -0.000296593    2.13483e-05    
0.378958   0.012827    -0.000297546    2.03339e-05    
0.379107   0.0128244    -0.000297546    1.93197e-05    
0.379257   0.0128194    -0.000297546    1.83021e-05    
0.379407   0.0128218    -0.000297546    1.72953e-05    
0.379557   0.0128193    -0.0002985    1.62816e-05    
0.379706   0.0128167    -0.0002985    1.52681e-05    
0.379856   0.0128142    -0.000299454    1.42548e-05    
0.380006   0.0128142    -0.000302315    1.32443e-05    
0.380156   0.0128242    -0.000302315    1.22432e-05    
0.380305   0.0130799    -0.000328064    1.14556e-05    
0.380455   0.0130748    -0.000328064    1.04196e-05    
0.380605   0.0130746    -0.000329018    9.38782e-06    
0.380754   0.0134327    -0.000323296    8.58478e-06    
0.380904   0.0134324    -0.000323296    7.52432e-06    
0.381054   0.0134271    -0.000323296    6.46131e-06    
0.381204   0.0134544    -0.000326157    5.41205e-06    
0.381353   0.0134591    -0.000325203    4.35102e-06    
0.381503   0.0134588    -0.000325203    3.28784e-06    
0.381653   0.0158074    -0.000432968    2.61277e-06    
0.381803   0.0158187    -0.000435829    1.36472e-06    
0.381952   0.0159623    -0.000437737    1.15649e-07    
0.382102   0.0159585    -0.000437737    -1.14575e-06    
0.382252   0.0159598    -0.000439644    -2.40752e-06    
0.382401   0.015961    -0.000440598    -3.6697e-06    
0.382551   0.0159548    -0.000440598    -4.92996e-06    
0.382701   0.0161255    -0.000443459    -6.2581e-06    
0.382851   0.0161341    -0.000443459    -7.53775e-06    
0.383   0.0161402    -0.000445366    -8.81761e-06    
0.38315   0.0161389    -0.000445366    -1.0094e-05    
0.3833   0.0161376    -0.00044632    -1.13703e-05    
0.38345   0.0161437    -0.000448227    -1.26525e-05    
0.383599   0.0161424    -0.000448227    -1.39295e-05    
0.383749   0.0161609    -0.000452042    -1.52251e-05    
0.383899   0.0161571    -0.000452042    -1.65011e-05    
0.384048   0.0161583    -0.000452042    -1.77821e-05    
0.384198   0.0303504    -0.000822067    -3.58048e-05    
0.384348   0.0303485    -0.000823975    -3.82071e-05    
0.384498   0.0303838    -0.000824928    -4.06593e-05    
0.384647   0.0303745    -0.000825882    -4.30541e-05    
0.384797   0.0305634    -0.000832558    -4.57446e-05    
0.384947   0.0306457    -0.000837326    -4.82973e-05    
0.385097   0.0345713    -0.000946999    -5.72253e-05    
0.385246   0.0346222    -0.00094986    -6.00553e-05    
0.385396   0.034636    -0.00094986    -6.28264e-05    
0.385546   0.0346349    -0.000953674    -6.55719e-05    
0.385695   0.0360284    -0.000981331    -7.10686e-05    
0.385845   0.0393289    -0.00107574    -8.06999e-05    
0.385995   0.0393804    -0.00107861    -8.39308e-05    
0.386145   0.0393774    -0.00108051    -8.70502e-05    
0.386294   0.0395547    -0.001091    -9.05823e-05    
0.386444   0.0411015    -0.00112724    -9.73879e-05    
0.386594   0.0412731    -0.00113583    -0.000101072    
0.386744   0.0412966    -0.00113678    -0.000104409    
0.386893   0.0412978    -0.00113869    -0.000107693    
0.387043   0.0412967    -0.00114059    -0.000110971    
0.387193   0.0419925    -0.00115967    -0.000116177    
0.387342   0.0422323    -0.00116348    -0.000120197    
0.387492   0.042563    -0.00117302    -0.000124521    
0.387642   0.0425687    -0.00117683    -0.000127921    
0.387792   0.0426458    -0.00117779    -0.000131543    
0.387941   0.042939    -0.00118351    -0.000135862    
0.388091   0.0429397    -0.00118542    -0.000139279    
0.388241   0.0429379    -0.00118637    -0.000142688    
0.388391   0.0435474    -0.00121212    -0.000148177    
0.38854   0.0436141    -0.00121403    -0.000151874    
0.38869   0.0577298    -0.00161743    -0.000205622    
0.38884   0.058463    -0.00164604    -0.000212885    
0.388989   0.058465    -0.00164795    -0.000217546    
0.389139   0.0589498    -0.00166225    -0.000224042    
0.389289   0.0589835    -0.00166607    -0.000228866    
0.389439   0.0590245    -0.0016737    -0.000233725    
0.389588   0.0590703    -0.00167465    -0.00023861    
0.389738   0.0590746    -0.00167942    -0.000243332    
0.389888   0.0590788    -0.00168228    -0.000248055    
0.390038   0.0591026    -0.00168324    -0.000252863    
0.390187   0.0590994    -0.0016861    -0.000257559    
0.390337   0.0592111    -0.00169182    -0.000262764    
0.390487   0.0592519    -0.00169754    -0.000267667    
0.390636   0.0592536    -0.00169849    -0.000272397    
0.390786   0.0622375    -0.00176716    -0.000291076    
0.390936   0.0622405    -0.00177097    -0.000296052    
0.391086   0.0622386    -0.00177288    -0.000301006    
0.391235   0.0626779    -0.00178814    -0.000308129    
0.391385   0.0626856    -0.00179005    -0.000313166    
0.391535   0.0627469    -0.00179386    -0.000318477    
0.391685   0.0629348    -0.0018034    -0.000324451    
0.391834   0.0629643    -0.00180626    -0.000329627    
0.391984   0.0630497    -0.00180817    -0.000335105    
0.392134   0.0630572    -0.00181198    -0.000340178    
0.392283   0.0631426    -0.00181675    -0.000345678    
0.392433   0.0632181    -0.00182247    -0.000351138    
0.392583   0.0633762    -0.00182533    -0.000357075    
0.392733   0.0633812    -0.00182724    -0.000362164    
0.392882   0.0635633    -0.00183296    -0.00036828    
0.393032   0.063578    -0.00183487    -0.000373443    
0.393182   0.0635804    -0.00183964    -0.000378535    
0.393332   0.0636581    -0.00184631    -0.000384083    
0.393481   0.0639489    -0.00185108    -0.000390946    
0.393631   0.0642226    -0.00186348    -0.000397751    
0.393781   0.0642103    -0.00186729    -0.000402806    
0.39393   0.0656166    -0.00191116    -0.000416872    
0.39408   0.0656377    -0.0019207    -0.000422252    
0.39423   0.0656394    -0.00192547    -0.00042751    
0.39438   0.0656773    -0.00192642    -0.000433008    
0.394529   0.0656862    -0.00193119    -0.000438318    
0.394679   0.0657845    -0.00193501    -0.000444235    
0.394829   0.0660446    -0.0019455    -0.000451273    
0.394979   0.0663335    -0.00195312    -0.000458552    
0.395128   0.0663445    -0.0019598    -0.000463935    
0.395278   0.0663773    -0.00196362    -0.000469475    
0.395428   0.0664462    -0.00196648    -0.000475278    
0.395577   0.0664886    -0.0019722    -0.000480901    
0.395727   0.0664972    -0.00197315    -0.000486285    
0.395877   0.0665997    -0.00197887    -0.000492365    
0.396027   0.0666227    -0.00198746    -0.000497867    
0.396176   0.0666914    -0.00199127    -0.000503719    
0.396326   0.0666902    -0.00199604    -0.00050905    
0.396476   0.0672015    -0.00201321    -0.000518333    
0.396626   0.0798236    -0.00223923    -0.000622081    
0.396775   0.0872974    -0.0024519    -0.000687317    
0.396925   0.0873726    -0.00246048    -0.000694906    
0.397075   0.0874045    -0.0024662    -0.000702161    
0.397224   0.0874844    -0.00247383    -0.000709811    
0.397374   0.0878114    -0.00248909    -0.0007195    
0.397524   0.0878887    -0.00249004    -0.000727175    
0.397674   0.0881002    -0.00250053    -0.000735985    
0.397823   0.088091    -0.00250816    -0.000742968    
0.397973   0.088149    -0.00251198    -0.000750521    
0.398123   0.0882547    -0.00252247    -0.000758496    
0.398273   0.0882695    -0.00252914    -0.000765698    
0.398422   0.0945339    -0.00270462    -0.000827619    
0.398572   0.0959699    -0.00274754    -0.000847886    
0.398722   0.0963214    -0.00275898    -0.000858714    
0.398871   0.0963306    -0.00276279    -0.000866522    
0.399021   0.0963208    -0.00276756    -0.000874158    
0.399171   0.0963468    -0.00277328    -0.000882122    
0.399321   0.105969    -0.00304127    -0.000978718    
0.39947   0.105989    -0.00304985    -0.000987405    
0.39962   0.113404    -0.00328541    -0.00106559    
0.39977   0.113755    -0.00329399    -0.00107802    
0.39992   0.114328    -0.0033226    -0.00109262    
0.400069   0.114371    -0.00333023    -0.00110221    
0.400219   0.114366    -0.00333786    -0.00111134    
0.400369   0.119943    -0.00351524    -0.00117516    
0.400518   0.120155    -0.00352192    -0.00118688    
0.400668   0.12022    -0.00353146    -0.00119717    
0.400818   0.120248    -0.00353718    -0.00120711    
0.400968   0.120475    -0.00355339    -0.00121906    
0.401117   0.126956    -0.00375557    -0.00129484    
0.401267   0.197469    -0.00601864    -0.00202986    
0.401417   0.324618    -0.0097971    -0.00336295    
0.401567   0.325219    -0.00982666    -0.0033953    
0.401716   0.325483    -0.00985241    -0.00342419    
0.401866   0.326042    -0.00987339    -0.00345628    
0.402016   0.327857    -0.0099268    -0.00350185    
0.402165   0.329103    -0.00997734    -0.0035416    
0.402315   0.329881    -0.0100079    -0.00357649    
0.402465   0.331827    -0.0100803    -0.00362425    
0.402615   0.332592    -0.0101175    -0.00365933    
0.402764   0.333844    -0.0101652    -0.00369994    
0.402914   0.347462    -0.0105448    -0.0038788    
0.403064   0.350078    -0.0106325    -0.00393614    
0.403214   0.351667    -0.0106964    -0.00398229    
0.403363   0.352185    -0.0107241    -0.00401646    
0.403513   0.447886    -0.0135756    -0.00514389    
0.403663   0.576902    -0.0174503    -0.00667201    
0.403812   0.577442    -0.0174875    -0.00672468    
0.403962   0.578    -0.0175285    -0.00677766    
0.404112   0.578873    -0.0175724    -0.00683447    
0.404262   0.579334    -0.0176144    -0.0068865    
0.404411   0.582404    -0.0177164    -0.00696985    
0.404561   0.582538    -0.0177469    -0.00701831    
0.404711   0.594573    -0.0181208    -0.00721115    
0.40486   0.596996    -0.0182085    -0.00728857    
0.40501   0.598035    -0.01826    -0.00734937    
0.40516   0.600789    -0.0183878    -0.00743156    
0.40531   0.603337    -0.0184946    -0.00751163    
0.405459   0.607588    -0.0186462    -0.00761345    
0.405609   0.608852    -0.0187197    -0.0076783    
0.405759   0.609288    -0.0187578    -0.00773283    
0.405909   0.614511    -0.018919    -0.0078486    
0.406058   0.637287    -0.0196781    -0.00819079    
0.406208   0.638221    -0.0197277    -0.00825418    
0.406358   0.644288    -0.0199413    -0.00838451    
0.406507   0.646957    -0.0200758    -0.00847134    
0.406657   0.648356    -0.020155    -0.00854186    
0.406807   0.648914    -0.0202026    -0.00860147    
0.406957   0.654909    -0.0204344    -0.00873368    
0.407106   0.671858    -0.0209751    -0.00901381    
0.407256   0.673004    -0.0210361    -0.0090834    
0.407406   0.691404    -0.0216084    -0.00938743    
0.407556   0.694075    -0.0217113    -0.0094796    
0.407705   0.699347    -0.0218906    -0.00960795    
0.407855   0.700849    -0.0219622    -0.00968504    
0.408005   0.702064    -0.0220337    -0.0097584    
0.408154   0.704478    -0.0221281    -0.0098487    
0.408304   0.705228    -0.0221872    -0.00991602    
0.408454   0.710183    -0.0223589    -0.0100429    
0.408604   0.711368    -0.0224352    -0.010117    
0.408753   0.71285    -0.0225105    -0.0101955    
0.408903   0.722494    -0.0228577    -0.0103917    
0.409053   0.723533    -0.0229273    -0.0104649    
0.409203   0.724019    -0.0229702    -0.0105303    
0.409352   0.724204    -0.0230188    -0.0105914    
0.409502   0.724733    -0.0230665    -0.0106575    
0.409652   0.739204    -0.0235529    -0.0109299    
0.409801   0.749837    -0.0238953    -0.0111476    
0.409951   0.750103    -0.0239391    -0.011212    
0.410101   0.75072    -0.0239859    -0.0112818    
0.410251   0.752161    -0.0240698    -0.0113641    
0.4104   0.754236    -0.0241508    -0.0114563    
0.41055   0.75506    -0.0241966    -0.0115297    
0.4107   0.755943    -0.0242481    -0.0116041    
0.41085   0.756815    -0.0243073    -0.0116785    
0.410999   0.758156    -0.0243855    -0.0117604    
0.411149   0.759886    -0.0244675    -0.0118485    
0.411299   0.760032    -0.0245295    -0.0119121    
0.411448   0.760288    -0.0245705    -0.0119774    
0.411598   0.764989    -0.024744    -0.0121132    
0.411748   0.771643    -0.0249796    -0.0122808    
0.411898   0.772015    -0.0250416    -0.012349    
0.412047   0.775387    -0.0251904    -0.0124655    
0.412197   0.776031    -0.0252399    -0.0125384    
0.412347   0.776447    -0.0252886    -0.0126078    
0.412497   0.779816    -0.0254221    -0.0127254    
0.412646   0.781396    -0.0255117    -0.0128142    
0.412796   0.781614    -0.025568    -0.0128809    
0.412946   0.78267    -0.0256205    -0.0129614    
0.413095   0.788389    -0.0258083    -0.0131198    
0.413245   0.788703    -0.0258675    -0.0131887    
0.413395   0.789783    -0.0259476    -0.0132705    
0.413545   0.790387    -0.0260019    -0.0133444    
0.413694   0.791323    -0.0260773    -0.0134241    
0.413844   0.791889    -0.026124    -0.0134976    
0.413994   0.793144    -0.0262022    -0.013583    
0.414144   0.794554    -0.0262928    -0.0136713    
0.414293   0.795315    -0.0263529    -0.0137485    
0.414443   0.799659    -0.0265245    -0.0138882    
0.414593   0.799861    -0.0265799    -0.0139563    
0.414742   0.800708    -0.0266361    -0.0140357    
0.414892   0.80314    -0.0267506    -0.0141432    
0.415042   0.803407    -0.026783    -0.0142127    
0.415192   0.804856    -0.0268707    -0.0143033    
0.415341   0.805819    -0.0269289    -0.0143855    
0.415491   0.80664    -0.0269966    -0.0144653    
0.415641   0.808602    -0.0270901    -0.0145658    
0.415791   0.809002    -0.0271435    -0.0146383    
0.41594   0.812661    -0.0272932    -0.0147701    
0.41609   0.812873    -0.0273371    -0.0148396    
0.41624   0.813435    -0.0273829    -0.0149155    
0.416389   0.813793    -0.0274391    -0.0149878    
0.416539   0.8141    -0.0274878    -0.0150592    
0.416689   0.816108    -0.0275822    -0.0151623    
0.416839   0.818295    -0.0276995    -0.015269    
0.416988   0.822097    -0.0278702    -0.0154063    
0.417138   0.823567    -0.0279627    -0.0155004    
0.417288   0.82723    -0.028101    -0.0156361    
0.417438   0.827915    -0.0281591    -0.0157159    
0.417587   0.828217    -0.0282145    -0.0157886    
0.417737   0.828621    -0.028265    -0.0158632    
0.417887   0.834264    -0.0284986    -0.0160386    
0.418036   0.835419    -0.0285892    -0.0161283    
0.418186   0.838531    -0.0287533    -0.0162561    
0.418336   0.839148    -0.0288124    -0.0163358    
0.418486   0.839923    -0.0288696    -0.0164188    
0.418635   0.840962    -0.0289335    -0.016507    
0.418785   0.842242    -0.0290298    -0.0166002    
0.418935   0.843118    -0.0291004    -0.0166855    
0.419085   0.844209    -0.0291643    -0.0167753    
0.419234   0.844813    -0.0292311    -0.0168556    
0.419384   0.845774    -0.0293045    -0.016943    
0.419534   0.846531    -0.0293636    -0.0170266    
0.419683   0.847299    -0.0294228    -0.0171105    
0.419833   0.847772    -0.0294676    -0.0171885    
0.419983   0.848414    -0.0295229    -0.0172701    
0.420133   0.849342    -0.0296087    -0.0173576    
0.420282   0.849648    -0.0296602    -0.0174325    
0.420432   0.850298    -0.029727    -0.0175145    
0.420582   0.850807    -0.0297976    -0.0175937    
0.420732   0.853607    -0.0299282    -0.0177206    
0.420881   0.854425    -0.0300074    -0.0178066    
0.421031   0.855227    -0.0300817    -0.0178924    
0.421181   0.855908    -0.030158    -0.0179758    
0.42133   0.856353    -0.0302038    -0.0180543    
0.42148   0.8568    -0.0302515    -0.018133    
0.42163   0.859908    -0.0304108    -0.0182683    
0.42178   0.860677    -0.0304747    -0.0183541    
0.421929   0.865607    -0.0306873    -0.0185292    
0.422079   0.866154    -0.0307493    -0.0186109    
0.422229   0.866917    -0.0308247    -0.0186973    
0.422379   0.868125    -0.0308952    -0.0187935    
0.422528   0.868463    -0.0309429    -0.018871    
0.422678   0.869003    -0.0310221    -0.0189529    
0.422828   0.869142    -0.0310764    -0.0190262    
0.422977   0.869574    -0.0311499    -0.0191059    
0.423127   0.869902    -0.0312166    -0.0191834    
0.423277   0.870761    -0.0312862    -0.0192727    
0.423427   0.871163    -0.0313597    -0.019352    
0.423576   0.871607    -0.0314322    -0.0194322    
0.423726   0.872175    -0.0314941    -0.0195154    
0.423876   0.872379    -0.0315533    -0.0195904    
0.424026   0.872913    -0.031621    -0.0196729    
0.424175   0.873641    -0.0316906    -0.0197599    
0.424325   0.874791    -0.0317659    -0.0198566    
0.424475   0.875705    -0.0318489    -0.0199481    
0.424624   0.876539    -0.0319176    -0.0200379    
0.424774   0.880604    -0.0321131    -0.020202    
0.424924   0.881016    -0.032176    -0.0202826    
0.425074   0.881709    -0.0322399    -0.0203698    
0.425223   0.881959    -0.0322962    -0.0204468    
0.425373   0.882951    -0.032362    -0.0205411    
0.425523   0.883129    -0.0324163    -0.0206166    
0.425673   0.884351    -0.0325079    -0.0207166    
0.425822   0.885643    -0.0325832    -0.0208184    
0.425972   0.886599    -0.0326376    -0.0209125    
0.426122   0.887523    -0.0327139    -0.021006    
0.426271   0.887892    -0.032774    -0.0210864    
0.426421   0.887985    -0.0328274    -0.0211604    
0.426571   0.888183    -0.0328922    -0.0212368    
0.426721   0.888479    -0.0329466    -0.0213157    
0.42687   0.888724    -0.0329971    -0.0213933    
0.42702   0.889225    -0.0330696    -0.0214772    
0.42717   0.889788    -0.0331469    -0.0215627    
0.42732   0.890376    -0.0332098    -0.0216489    
0.427469   0.890749    -0.0332804    -0.0217299    
0.427619   0.892261    -0.03337    -0.0218388    
0.427769   0.892781    -0.0334282    -0.0219237    
0.427918   0.89291    -0.0334797    -0.0219989    
0.428068   0.893205    -0.0335283    -0.0220784    
0.428218   0.894078    -0.0335789    -0.0221721    
0.428368   0.894881    -0.0336418    -0.0222643    
0.428517   0.895559    -0.0337076    -0.0223535    
0.428667   0.895842    -0.033761    -0.0224329    
0.428817   0.896274    -0.0338173    -0.0225161    
0.428967   0.896982    -0.0339031    -0.0226063    
0.429116   0.897256    -0.0339622    -0.0226857    
0.429266   0.897518    -0.0340176    -0.0227648    
0.429416   0.898129    -0.0340748    -0.0228528    
0.429565   0.898371    -0.0341349    -0.0229315    
0.429715   0.899343    -0.0342312    -0.0230289    
0.429865   0.900285    -0.0342999    -0.0231258    
0.430015   0.901034    -0.0343819    -0.0232177    
0.430164   0.901641    -0.0344439    -0.0233062    
0.430314   0.902424    -0.0345287    -0.0233993    
0.430464   0.90415    -0.0346346    -0.023517    
0.430614   0.904744    -0.0347033    -0.0236055    
0.430763   0.904932    -0.0347595    -0.0236835    
0.430913   0.905777    -0.0348272    -0.0237787    
0.431063   0.906202    -0.0348959    -0.023863    
0.431212   0.906363    -0.0349588    -0.0239404    
0.431362   0.907302    -0.0350437    -0.0240384    
0.431512   0.90753    -0.035099    -0.0241177    
0.431662   0.908026    -0.0351639    -0.0242042    
0.431811   0.908628    -0.0352488    -0.0242936    
0.431961   0.909088    -0.0353346    -0.0243792    
0.432111   0.909579    -0.0354052    -0.0244658    
0.432261   0.909965    -0.0354757    -0.0245496    
0.43241   0.910385    -0.0355425    -0.0246344    
0.43256   0.910726    -0.0356131    -0.0247172    
0.43271   0.911048    -0.0356779    -0.0247994    
0.432859   0.911185    -0.0357409    -0.0248766    
0.433009   0.911555    -0.0358095    -0.0249603    
0.433159   0.911904    -0.0358639    -0.0250434    
0.433309   0.912395    -0.0359325    -0.0251305    
0.433458   0.912731    -0.0359945    -0.0252134    
0.433608   0.913533    -0.0360718    -0.0253093    
0.433758   0.913662    -0.0361319    -0.0253865    
0.433908   0.913846    -0.036191    -0.0254653    
0.434057   0.914545    -0.036272    -0.0255586    
0.434207   0.915348    -0.0363417    -0.0256549    
0.434357   0.915709    -0.0364056    -0.0257388    
0.434506   0.916462    -0.0364857    -0.0258339    
0.434656   0.916923    -0.0365543    -0.0259209    
0.434806   0.917342    -0.0366268    -0.0260067    
0.434956   0.917412    -0.0366821    -0.0260827    
0.435105   0.917684    -0.0367298    -0.0261644    
0.435255   0.918269    -0.0367947    -0.0262551    
0.435405   0.918472    -0.0368538    -0.026335    
0.435555   0.919082    -0.036911    -0.0264266    
0.435704   0.919787    -0.0369768    -0.026521    
0.435854   0.920024    -0.0370445    -0.026602    
0.436004   0.920472    -0.0371151    -0.0266891    
0.436153   0.920779    -0.0371666    -0.0267722    
0.436303   0.921068    -0.0372324    -0.0268549    
0.436453   0.921659    -0.0373106    -0.0269464    
0.436603   0.921854    -0.0373516    -0.0270264    
0.436752   0.922152    -0.0374279    -0.0271095    
0.436902   0.922512    -0.0374889    -0.0271944    
0.437052   0.922779    -0.037571    -0.0272766    
0.437201   0.923226    -0.0376368    -0.0273642    
0.437351   0.923475    -0.0376883    -0.027446    
0.437501   0.923634    -0.0377426    -0.0275252    
0.437651   0.923817    -0.0378103    -0.027605    
0.4378   0.924305    -0.0378828    -0.0276941    
0.43795   0.92454    -0.0379381    -0.0277756    
0.4381   0.925158    -0.0380049    -0.0278687    
0.43825   0.925406    -0.0380726    -0.0279507    
0.438399   0.926101    -0.0381641    -0.0280463    
0.438549   0.926535    -0.0382347    -0.028134    
0.438699   0.926995    -0.0382948    -0.0282226    
0.438848   0.927537    -0.0383539    -0.0283138    
0.438998   0.928381    -0.0384359    -0.0284143    
0.439148   0.928609    -0.0385084    -0.0284961    
0.439298   0.928679    -0.0385723    -0.028573    
0.439447   0.928808    -0.0386381    -0.0286518    
0.439597   0.928949    -0.0387096    -0.0287309    
0.439747   0.929095    -0.0387592    -0.0288102    
0.439897   0.929435    -0.0388193    -0.0288956    
0.440046   0.929821    -0.038888    -0.0289824    
0.440196   0.929925    -0.0389519    -0.0290605    
0.440346   0.930205    -0.039012    -0.0291441    
0.440495   0.930417    -0.0390577    -0.0292256    
0.440645   0.930932    -0.0391235    -0.0293167    
0.440795   0.931063    -0.0391846    -0.0293957    
0.440945   0.931595    -0.0392647    -0.0294874    
0.441094   0.931711    -0.0393381    -0.0295661    
0.441244   0.931996    -0.0393877    -0.0296501    
0.441394   0.932261    -0.0394449    -0.0297335    
0.441544   0.93245    -0.0395126    -0.0298145    
0.441693   0.932728    -0.0395794    -0.0298984    
0.441843   0.932984    -0.0396414    -0.0299817    
0.441993   0.933378    -0.0397158    -0.0300694    
0.442142   0.933963    -0.0397835    -0.0301633    
0.442292   0.934359    -0.0398531    -0.0302512    
0.442442   0.93462    -0.0399179    -0.0303348    
0.442592   0.934733    -0.039978    -0.0304136    
0.442741   0.934865    -0.0400391    -0.0304931    
0.442891   0.93519    -0.0401039    -0.0305788    
0.443041   0.935617    -0.0401678    -0.030668    
0.443191   0.935873    -0.0402412    -0.0307516    
0.44334   0.936194    -0.0402966    -0.0308374    
0.44349   0.936465    -0.0403757    -0.0309215    
0.44364   0.936613    -0.0404301    -0.0310017    
0.443789   0.93697    -0.0405073    -0.0310888    
0.443939   0.937088    -0.0405684    -0.031168    
0.444089   0.937263    -0.0406351    -0.0312491    
0.444239   0.937536    -0.0407009    -0.0313335    
0.444388   0.93775    -0.0407772    -0.0314159    
0.444538   0.938084    -0.0408649    -0.0315025    
0.444688   0.93857    -0.040947    -0.0315942    
0.444838   0.938683    -0.0410061    -0.0316733    
0.444987   0.938865    -0.0410805    -0.0317548    
0.445137   0.939052    -0.0411482    -0.0318366    
0.445287   0.939304    -0.0412102    -0.0319205    
0.445436   0.939603    -0.0412731    -0.0320061    
0.445586   0.939788    -0.0413513    -0.0320878    
0.445736   0.939945    -0.0414143    -0.0321686    
0.445886   0.939987    -0.041481    -0.0322454    
0.446035   0.940052    -0.0415363    -0.0323231    
0.446185   0.940196    -0.0416069    -0.0324035    
0.446335   0.941173    -0.0416937    -0.0325127    
0.446485   0.941517    -0.041769    -0.0326001    
0.446634   0.941753    -0.0418472    -0.0326838    
0.446784   0.941983    -0.041914    -0.0327673    
0.446934   0.942421    -0.0419712    -0.0328581    
0.447083   0.942684    -0.0420475    -0.0329429    
0.447233   0.942905    -0.0421066    -0.0330262    
0.447383   0.943012    -0.0421724    -0.0331056    
0.447533   0.943572    -0.0422554    -0.0332009    
0.447682   0.943789    -0.0423155    -0.0332842    
0.447832   0.944087    -0.0423727    -0.0333703    
0.447982   0.944534    -0.04245    -0.0334618    
0.448132   0.944803    -0.0425262    -0.0335471    
0.448281   0.944917    -0.042594    -0.0336268    
0.448431   0.945046    -0.0426712    -0.0337071    
0.448581   0.945188    -0.0427465    -0.0337879    
0.44873   0.945525    -0.0428104    -0.0338757    
0.44888   0.94569    -0.042882    -0.0339573    
0.44903   0.945769    -0.0429544    -0.0340359    
0.44918   0.945849    -0.0430365    -0.0341146    
0.449329   0.945984    -0.0431137    -0.0341952    
0.449479   0.946193    -0.04317    -0.0342785    
0.449629   0.946777    -0.0432405    -0.0343754    
0.449779   0.947355    -0.0433054    -0.0344722    
0.449928   0.947951    -0.0433884    -0.0345698    
0.450078   0.948161    -0.0434608    -0.0346533    
0.450228   0.948388    -0.0435333    -0.0347375    
0.450377   0.948742    -0.0436096    -0.0348264    
0.450527   0.948888    -0.0436869    -0.0349077    
0.450677   0.94907    -0.0437527    -0.0349903    
0.450827   0.94918    -0.0438147    -0.0350703    
0.450976   0.9494    -0.0438786    -0.0351543    
0.451126   0.949524    -0.0439434    -0.0352349    
0.451276   0.949611    -0.0440054    -0.035314    
0.451426   0.949839    -0.0440769    -0.0353984    
0.451575   0.950107    -0.0441418    -0.0354844    
0.451725   0.950174    -0.0441961    -0.0355628    
0.451875   0.950345    -0.0442553    -0.0356452    
0.452024   0.950414    -0.0443106    -0.0357237    
0.452174   0.950633    -0.0443764    -0.0358079    
0.452324   0.951442    -0.0444717    -0.0359144    
0.452474   0.951747    -0.0445395    -0.0360019    
0.452623   0.951828    -0.0445995    -0.0360811    
0.452773   0.951932    -0.0446644    -0.036161    
0.452923   0.952041    -0.0447178    -0.0362412    
0.453073   0.952191    -0.0447884    -0.036323    
0.453222   0.952317    -0.0448484    -0.0364038    
0.453372   0.952416    -0.0449171    -0.0364836    
0.453522   0.952634    -0.044981    -0.036568    
0.453671   0.952856    -0.0450535    -0.0366526    
0.453821   0.953056    -0.0451288    -0.0367364    
0.453971   0.953177    -0.045188    -0.0368171    
0.454121   0.95328    -0.0452538    -0.0368971    
0.45427   0.953508    -0.0453186    -0.036982    
0.45442   0.953676    -0.0453815    -0.0370646    
0.45457   0.953792    -0.0454512    -0.0371452    
0.45472   0.954061    -0.0455189    -0.0372318    
0.454869   0.954219    -0.0455704    -0.037314    
0.455019   0.954423    -0.0456495    -0.0373981    
0.455169   0.954632    -0.0457134    -0.0374824    
0.455318   0.95485    -0.0457964    -0.0375671    
0.455468   0.954987    -0.0458641    -0.0376485    
0.455618   0.9552    -0.0459337    -0.0377331    
0.455768   0.95538    -0.0460043    -0.0378163    
0.455917   0.955548    -0.0460863    -0.0378991    
0.456067   0.955855    -0.0461617    -0.0379874    
0.456217   0.956183    -0.0462236    -0.0380766    
0.456367   0.956335    -0.0462942    -0.0381588    
0.456516   0.956546    -0.0463581    -0.0382434    
0.456666   0.956817    -0.0464096    -0.0383304    
0.456816   0.956996    -0.0464859    -0.0384138    
0.456965   0.957188    -0.0465431    -0.0384977    
0.457115   0.957256    -0.0466003    -0.0385766    
0.457265   0.957306    -0.0466633    -0.0386548    
0.457415   0.95744    -0.0467329    -0.0387364    
0.457564   0.95769    -0.0467882    -0.0388227    
0.457714   0.957798    -0.0468626    -0.0389033    
0.457864   0.957968    -0.046936    -0.0389864    
0.458014   0.958175    -0.0470152    -0.039071    
0.458163   0.958418    -0.0470819    -0.0391571    
0.458313   0.958679    -0.0471611    -0.039244    
0.458463   0.958815    -0.0472155    -0.0393258    
0.458612   0.959003    -0.0472822    -0.0394097    
0.458762   0.959118    -0.0473509    -0.0394907    
0.458912   0.959277    -0.0473976    -0.0395735    
0.459062   0.959378    -0.0474606    -0.0396538    
0.459211   0.959628    -0.0475121    -0.0397404    
0.459361   0.95978    -0.0475702    -0.0398229    
0.459511   0.959891    -0.0476313    -0.0399038    
0.459661   0.959929    -0.0476904    -0.0399816    
0.45981   0.959985    -0.0477486    -0.0400601    
0.45996   0.960094    -0.0478144    -0.0401409    
0.46011   0.960165    -0.0478745    -0.0402201    
0.460259   0.960335    -0.0479469    -0.0403034    
0.460409   0.960578    -0.0480032    -0.0403898    
0.460559   0.960688    -0.0480614    -0.0404707    
0.460709   0.960939    -0.048151    -0.0405575    
0.460858   0.961047    -0.0482187    -0.0406383    
0.461008   0.961264    -0.0482807    -0.0407237    
0.461158   0.961539    -0.0483398    -0.0408116    
0.461308   0.961763    -0.0484152    -0.0408973    
0.461457   0.961818    -0.0484657    -0.0409759    
0.461607   0.961975    -0.0485296    -0.0410589    
0.461757   0.962091    -0.0485849    -0.0411401    
0.461906   0.96239    -0.0486641    -0.0412291    
0.462056   0.962462    -0.0487242    -0.0413084    
0.462206   0.962526    -0.0487976    -0.0413874    
0.462356   0.962674    -0.0488634    -0.04147    
0.462505   0.962839    -0.048934    -0.0415534    
0.462655   0.962896    -0.0489912    -0.0416321    
0.462805   0.963067    -0.049058    -0.0417157    
0.462955   0.963153    -0.0491381    -0.0417957    
0.463104   0.963301    -0.0492086    -0.0418783    
0.463254   0.963474    -0.049264    -0.0419621    
0.463404   0.96351    -0.0493193    -0.0420399    
0.463553   0.963635    -0.0493832    -0.0421216    
0.463703   0.963696    -0.0494614    -0.0422005    
0.463853   0.963835    -0.0495253    -0.0422828    
0.464003   0.96395    -0.049592    -0.042364    
0.464152   0.964074    -0.0496502    -0.0424457    
0.464302   0.964125    -0.0497246    -0.0425241    
0.464452   0.964438    -0.0497818    -0.0426142    
0.464602   0.964585    -0.0498466    -0.0426969    
0.464751   0.964749    -0.0499172    -0.0427803    
0.464901   0.964836    -0.0499773    -0.0428604    
0.465051   0.965003    -0.0500669    -0.0429441    
0.4652   0.965164    -0.0501385    -0.0430274    
0.46535   0.965218    -0.0501995    -0.0431061    
0.4655   0.965313    -0.0502577    -0.0431865    
0.46565   0.965417    -0.0503244    -0.0432673    
0.465799   0.96551    -0.0503874    -0.0433477    
0.465949   0.965619    -0.0504627    -0.0434288    
0.466099   0.965822    -0.0505285    -0.0435142    
0.466249   0.96597    -0.0505924    -0.043597    
0.466398   0.966128    -0.0506554    -0.0436803    
0.466548   0.966233    -0.0507326    -0.0437613    
0.466698   0.966285    -0.0507889    -0.0438398    
0.466847   0.966386    -0.0508614    -0.0439205    
0.466997   0.966448    -0.0509233    -0.0439995    
0.467147   0.966675    -0.0509806    -0.044086    
0.467297   0.966747    -0.0510597    -0.0441655    
0.467446   0.966931    -0.051136    -0.0442501    
0.467596   0.967041    -0.0512018    -0.0443313    
0.467746   0.967105    -0.0512676    -0.0444103    
0.467896   0.967211    -0.0513258    -0.0444914    
0.468045   0.967293    -0.0513992    -0.0445713    
0.468195   0.967448    -0.0514717    -0.0446546    
0.468345   0.967632    -0.0515356    -0.0447392    
0.468494   0.967713    -0.0515852    -0.0448191    
0.468644   0.967874    -0.0516577    -0.0449027    
0.468794   0.968043    -0.0517149    -0.0449866    
0.468944   0.968124    -0.0517874    -0.0450666    
0.469093   0.968208    -0.0518579    -0.0451466    
0.469243   0.968293    -0.051919    -0.0452267    
0.469393   0.968401    -0.0519848    -0.0453078    
0.469543   0.968657    -0.0520544    -0.0453959    
0.469692   0.968766    -0.0521221    -0.0454771    
0.469842   0.968886    -0.0521955    -0.0455588    
0.469992   0.969025    -0.0522575    -0.0456415    
0.470141   0.969062    -0.0523109    -0.0457193    
0.470291   0.969157    -0.0523806    -0.0457999    
0.470441   0.969333    -0.0524406    -0.0458843    
0.470591   0.969421    -0.0525026    -0.0459646    
0.47074   0.969557    -0.0525742    -0.0460471    
0.47089   0.969635    -0.0526419    -0.0461269    
0.47104   0.96973    -0.0527163    -0.0462075    
0.471189   0.969814    -0.0527878    -0.0462875    
0.471339   0.969871    -0.0528536    -0.0463663    
0.471489   0.970058    -0.0529213    -0.0464513    
0.471639   0.970179    -0.052989    -0.0465331    
0.471788   0.970247    -0.0530605    -0.0466124    
0.471938   0.970311    -0.0531321    -0.0466915    
0.472088   0.970464    -0.0531883    -0.0467749    
0.472238   0.970835    -0.0532751    -0.0468688    
0.472387   0.970939    -0.0533543    -0.0469499    
0.472537   0.970996    -0.0534248    -0.0470287    
0.472687   0.971191    -0.0534992    -0.0471141    
0.472836   0.971301    -0.0535555    -0.0471955    
0.472986   0.971407    -0.0536385    -0.0472766    
0.473136   0.971517    -0.0537167    -0.047358    
0.473286   0.971594    -0.0537872    -0.0474378    
0.473435   0.971696    -0.0538464    -0.0475187    
0.473585   0.97181    -0.0539122    -0.0476003    
0.473735   0.971895    -0.053978    -0.0476804    
0.473885   0.972061    -0.0540323    -0.0477645    
0.474034   0.972203    -0.0541067    -0.0478475    
0.474184   0.97235    -0.0541744    -0.0479307    
0.474334   0.972381    -0.054244    -0.0480082    
0.474483   0.972454    -0.0543079    -0.0480877    
0.474633   0.972579    -0.0543747    -0.0481698    
0.474783   0.972724    -0.0544453    -0.048253    
0.474933   0.972783    -0.0545111    -0.0483318    
0.475082   0.972993    -0.0545702    -0.0484181    
0.475232   0.973192    -0.0546417    -0.048504    
0.475382   0.973248    -0.0547123    -0.0485827    
0.475532   0.973483    -0.05478    -0.0486704    
0.475681   0.973628    -0.0548382    -0.0487535    
0.475831   0.973789    -0.0549059    -0.0488375    
0.475981   0.974005    -0.0549898    -0.0489243    
0.47613   0.974148    -0.0550642    -0.0490073    
0.47628   0.974224    -0.0551338    -0.049087    
0.47643   0.974334    -0.0551891    -0.0491685    
0.47658   0.974402    -0.0552549    -0.0492478    
0.476729   0.97441    -0.0553293    -0.0493241    
0.476879   0.974596    -0.0553856    -0.0494094    
0.477029   0.974694    -0.0554571    -0.0494902    
0.477179   0.974824    -0.0554953    -0.0495726    
0.477328   0.974866    -0.0555677    -0.0496506    
0.477478   0.974918    -0.0556431    -0.0497291    
0.477628   0.974936    -0.0557108    -0.0498058    
0.477777   0.974999    -0.0557728    -0.0498849    
0.477927   0.975257    -0.0558434    -0.0499738    
0.478077   0.975354    -0.0559111    -0.0500546    
0.478227   0.97545    -0.0559788    -0.0501353    
0.478376   0.975579    -0.0560446    -0.0502178    
0.478526   0.97567    -0.0561142    -0.0502982    
0.478676   0.975769    -0.0561857    -0.0503791    
0.478826   0.975887    -0.0562534    -0.0504609    
0.478975   0.975938    -0.0563183    -0.0505393    
0.479125   0.976089    -0.0563917    -0.0506229    
0.479275   0.976162    -0.0564566    -0.0507024    
0.479424   0.976231    -0.05653    -0.0507817    
0.479574   0.976258    -0.0566015    -0.0508589    
0.479724   0.976319    -0.0566788    -0.0509378    
0.479874   0.976408    -0.0567446    -0.0510181    
0.480023   0.976517    -0.0568056    -0.0510994    
0.480173   0.976663    -0.0568962    -0.0511828    
0.480323   0.976885    -0.0569525    -0.0512701    
0.480473   0.976916    -0.0570107    -0.0513473    
0.480622   0.97703    -0.0570841    -0.051429    
0.480772   0.977117    -0.057148    -0.0515092    
0.480922   0.97716    -0.0572214    -0.0515871    
0.481071   0.977216    -0.0572948    -0.0516657    
0.481221   0.977428    -0.0573521    -0.0517525    
0.481371   0.977538    -0.0574236    -0.0518339    
0.481521   0.977677    -0.0574923    -0.0519169    
0.48167   0.977789    -0.0575523    -0.0519985    
0.48182   0.977861    -0.0576458    -0.0520779    
0.48197   0.977951    -0.057704    -0.0521583    
0.48212   0.978051    -0.0577793    -0.0522391    
0.482269   0.978127    -0.0578375    -0.0523188    
0.482419   0.97817    -0.0578957    -0.0523966    
0.482569   0.978267    -0.0579548    -0.0524773    
0.482718   0.9783    -0.0580273    -0.0525546    
0.482868   0.978411    -0.0580854    -0.0526361    
0.483018   0.978432    -0.058157    -0.0527127    
0.483168   0.978533    -0.0582161    -0.0527936    
0.483317   0.978611    -0.0582809    -0.0528733    
0.483467   0.97871    -0.0583458    -0.0529541    
0.483617   0.978851    -0.0584297    -0.0530371    
0.483767   0.978936    -0.0584869    -0.0531172    
0.483916   0.978968    -0.0585556    -0.0531944    
0.484066   0.979018    -0.0586224    -0.0532725    
0.484216   0.979094    -0.0586987    -0.053352    
0.484365   0.979196    -0.0587692    -0.053433    
0.484515   0.97927    -0.0588255    -0.0535124    
0.484665   0.979284    -0.0588923    -0.0535885    
0.484815   0.979338    -0.0589457    -0.0536668    
0.484964   0.979407    -0.0590172    -0.0537459    
0.485114   0.979537    -0.0590677    -0.0538284    
0.485264   0.979703    -0.0591164    -0.0539128    
0.485414   0.979754    -0.0591831    -0.053991    
0.485563   0.979809    -0.0592594    -0.0540693    
0.485713   0.979853    -0.0593338    -0.054147    
0.485863   0.979887    -0.0594082    -0.0542241    
0.486012   0.979962    -0.0594683    -0.0543035    
0.486162   0.979985    -0.0595207    -0.0543801    
0.486312   0.98008    -0.0595922    -0.0544605    
0.486462   0.980186    -0.0596561    -0.0545416    
0.486611   0.980257    -0.0597248    -0.0546208    
0.486761   0.980292    -0.0597897    -0.0546979    
0.486911   0.980347    -0.0598612    -0.0547762    
0.487061   0.980375    -0.0599279    -0.0548529    
0.48721   0.980475    -0.059989    -0.0549336    
0.48736   0.980514    -0.060051    -0.0550109    
0.48751   0.980569    -0.0601168    -0.0550891    
0.487659   0.980682    -0.0601768    -0.0551706    
0.487809   0.980849    -0.0602455    -0.0552551    
0.487959   0.980976    -0.060317    -0.0553373    
0.488109   0.981025    -0.0603933    -0.0554151    
0.488258   0.981159    -0.0604439    -0.0554978    
0.488408   0.981216    -0.0605125    -0.0555761    
0.488558   0.981311    -0.0605621    -0.0556565    
0.488708   0.981409    -0.0606413    -0.0557371    
0.488857   0.981469    -0.0607071    -0.0558155    
0.489007   0.981541    -0.0607738    -0.0558946    
0.489157   0.981586    -0.0608349    -0.0559721    
0.489306   0.98165    -0.060894    -0.0560507    
0.489456   0.981708    -0.0609722    -0.056129    
0.489606   0.981774    -0.0610399    -0.0562077    
0.489756   0.981858    -0.0611076    -0.0562874    
0.489905   0.981883    -0.0611753    -0.0563638    
0.490055   0.981958    -0.0612316    -0.056443    
0.490205   0.982036    -0.0612965    -0.0565224    
0.490355   0.982096    -0.0613585    -0.0566007    
0.490504   0.982152    -0.0614357    -0.0566788    
0.490654   0.982211    -0.0614958    -0.0567571    
0.490804   0.982366    -0.0615692    -0.0568408    
0.490953   0.982385    -0.0616436    -0.0569168    
0.491103   0.982395    -0.0616961    -0.0569921    
0.491253   0.982499    -0.0617571    -0.0570729    
0.491403   0.982526    -0.0618172    -0.0571492    
0.491552   0.98257    -0.0618906    -0.0572265    
0.491702   0.982628    -0.0619526    -0.0573046    
0.491852   0.982685    -0.0620098    -0.0573827    
0.492002   0.982747    -0.0620823    -0.057461    
0.492151   0.982829    -0.0621595    -0.0575405    
0.492301   0.98292    -0.0622282    -0.0576205    
0.492451   0.982981    -0.0622864    -0.0576988    
0.4926   0.983014    -0.0623436    -0.0577753    
0.49275   0.98309    -0.0624094    -0.0578544    
0.4929   0.983204    -0.0624781    -0.0579357    
0.49305   0.983236    -0.0625534    -0.0580122    
0.493199   0.983284    -0.0626173    -0.0580896    
0.493349   0.983534    -0.0626822    -0.058179    
0.493499   0.983564    -0.0627508    -0.0582554    
0.493649   0.983629    -0.0628176    -0.0583337    
0.493798   0.983698    -0.0628843    -0.0584123    
0.493948   0.983759    -0.0629358    -0.0584905    
0.494098   0.983793    -0.0629959    -0.058567    
0.494247   0.983842    -0.0630741    -0.0586444    
0.494397   0.983893    -0.0631247    -0.0587219    
0.494547   0.983925    -0.063199    -0.0587983    
0.494697   0.984003    -0.0632534    -0.0588774    
0.494846   0.984041    -0.0633154    -0.058954    
0.494996   0.984103    -0.063386    -0.0590322    
0.495146   0.984133    -0.063448    -0.0591084    
0.495296   0.984159    -0.0635252    -0.0591843    
0.495445   0.984256    -0.0635824    -0.0592645    
0.495595   0.984275    -0.0636435    -0.0593399    
0.495745   0.984347    -0.0636978    -0.0594186    
0.495894   0.984407    -0.0637655    -0.0594965    
0.496044   0.984468    -0.0638456    -0.0595744    
0.496194   0.984511    -0.0639238    -0.0596513    
0.496344   0.984567    -0.0639925    -0.059729    
0.496493   0.984616    -0.0640478    -0.0598062    
0.496643   0.98469    -0.0641193    -0.0598849    
0.496793   0.984846    -0.0641747    -0.0599686    
0.496943   0.984893    -0.0642414    -0.0600456    
0.497092   0.985049    -0.0643053    -0.0601293    
0.497242   0.98532    -0.064395    -0.06022    
0.497392   0.98534    -0.0644655    -0.0602954    
0.497541   0.985396    -0.0645256    -0.060373    
0.497691   0.985433    -0.0646095    -0.0604494    
0.497841   0.985493    -0.0646791    -0.0605271    
0.497991   0.985522    -0.0647573    -0.060603    
0.49814   0.98558    -0.0648384    -0.0606806    
0.49829   0.98564    -0.0649223    -0.0607584    
0.49844   0.985708    -0.0649862    -0.0608366    
0.49859   0.985723    -0.065053    -0.0609116    
0.498739   0.985754    -0.065114    -0.0609875    
0.498889   0.985835    -0.0651779    -0.0610664    
0.499039   0.985857    -0.0652494    -0.0611417    
0.499188   0.98587    -0.0653095    -0.0612165    
0.499338   0.985886    -0.0653563    -0.0612914    
0.499488   0.985911    -0.0654202    -0.0613669    
0.499638   0.985942    -0.0654831    -0.0614427    
0.499787   0.985996    -0.0655556    -0.0615199    
0.499937   0.986071    -0.0656137    -0.0615984    
