0.40076   0.00104263    -4.75907e-06    4.96972e-05    
0.40176   0.00104004    -4.75907e-06    4.91147e-05    
0.402759   0.00103746    -4.75907e-06    4.85338e-05    
0.403759   0.00103489    -4.75907e-06    4.79546e-05    
0.404758   0.00103234    -4.75907e-06    4.73771e-05    
0.405758   0.00102979    -4.75907e-06    4.68012e-05    
0.406757   0.00103194    -4.75907e-06    4.64376e-05    
0.407756   0.00106676    -4.75907e-06    4.75265e-05    
0.408756   0.00110141    -4.75907e-06    4.85753e-05    
0.409755   0.00109872    -4.75907e-06    4.79621e-05    
0.410755   0.00110764    -9.51814e-06    4.78512e-05    
0.411754   0.00111188    -1.047e-05    4.75315e-05    
0.412753   0.0011138    -5.71089e-06    4.71084e-05    
0.413753   0.00113182    -5.71089e-06    4.73558e-05    
0.414752   0.00113598    -5.71089e-06    4.70122e-05    
0.415752   0.00113324    -5.71089e-06    4.63817e-05    
0.416751   0.00113738    -1.23736e-05    4.60304e-05    
0.41775   0.00113466    -1.23736e-05    4.53999e-05    
0.41875   0.00113195    -1.23736e-05    4.47712e-05    
0.419749   0.00151474    -1.047e-05    5.92139e-05    
0.420749   0.00151793    -1.047e-05    5.8638e-05    
0.421748   0.00154819    -1.14218e-05    5.90907e-05    
0.422747   0.00167286    -1.14218e-05    6.30739e-05    
0.423747   0.0016779    -1.33254e-05    6.24848e-05    
0.424746   0.00167619    -1.42772e-05    6.16413e-05    
0.425746   0.0016745    -1.42772e-05    6.07982e-05    
0.426745   0.00167503    -1.42772e-05    6.00354e-05    
0.427744   0.00168225    -1.42772e-05    5.95066e-05    
0.428744   0.00167833    -1.42772e-05    5.85811e-05    
0.429743   0.00167442    -1.42772e-05    5.76584e-05    
0.430743   0.00176555    -1.42772e-05    5.99658e-05    
0.431742   0.00176367    -1.42772e-05    5.90705e-05    
0.432741   0.0017662    -1.42772e-05    5.83212e-05    
0.433741   0.00179504    -1.5229e-05    5.84247e-05    
0.43474   0.00186974    -2.28435e-05    5.99699e-05    
0.43574   0.00201617    -1.42772e-05    6.37098e-05    
0.436739   0.00215539    -1.90363e-05    6.70847e-05    
0.437738   0.00245271    -2.85544e-05    7.51708e-05    
0.438738   0.00247533    -2.95062e-05    7.46837e-05    
0.439737   0.00251083    -3.04581e-05    7.45556e-05    
0.440737   0.00250729    -3.04581e-05    7.32515e-05    
0.441736   0.0025167    -3.04581e-05    7.2321e-05    
0.442736   0.00256692    -3.14099e-05    7.25326e-05    
0.443735   0.00279494    -2.66508e-05    7.76332e-05    
0.444734   0.00289781    -2.66508e-05    7.90965e-05    
0.445734   0.00289772    -2.85544e-05    7.76981e-05    
0.446733   0.003181    -3.33135e-05    8.37595e-05    
0.447733   0.0031824    -3.33135e-05    8.22593e-05    
0.448732   0.0040577    -5.52052e-05    0.000102922    
0.449731   0.00409948    -5.6157e-05    0.000101996    
0.450731   0.0040925    -5.6157e-05    9.98383e-05    
0.45173   0.00411716    -5.80607e-05    9.84412e-05    
0.45273   0.00415012    -5.99643e-05    9.72122e-05    
0.453729   0.00443886    -6.18679e-05    0.000101816    
0.454728   0.00445004    -6.18679e-05    9.99044e-05    
0.455728   0.00444445    -6.18679e-05    9.76116e-05    
0.456727   0.00458478    -6.28198e-05    9.84551e-05    
0.457727   0.00607612    -8.1856e-05    0.000127511    
0.458726   0.00615003    -8.47115e-05    0.000126053    
0.459725   0.00621119    -8.56633e-05    0.000124265    
0.460725   0.0064291    -9.2326e-05    0.000125473    
0.461724   0.00689138    -9.99405e-05    0.000131114    
0.462724   0.00689295    -0.000101844    0.000127758    
0.463723   0.00691709    -0.000102796    0.000124805    
0.464722   0.00704559    -0.0001047    0.000123657    
0.465722   0.00722462    -0.000111362    0.000123241    
0.466721   0.00865914    -0.000138965    0.000143444    
0.467721   0.00918195    -0.000149435    0.000147576    
0.46872   0.00918471    -0.000153242    0.000143086    
0.469719   0.00989262    -0.00016276    0.000149228    
0.470719   0.0101871    -0.000165616    0.000148633    
0.471718   0.0101998    -0.000170375    0.000143772    
0.472718   0.0102749    -0.00017323    0.000139744    
0.473717   0.0103717    -0.000179893    0.000135923    
0.474716   0.0104501    -0.0001837    0.00013177    
0.475716   0.0114886    -0.000190363    0.000139166    
0.476715   0.0121134    -0.000206544    0.000140723    
0.477715   0.0126739    -0.000214158    0.00014094    
0.478714   0.0126772    -0.00021511    0.000134679    
0.479714   0.0139167    -0.000255086    0.000140928    
0.480713   0.0153074    -0.000237954    0.000147398    
0.481712   0.0152994    -0.000239857    0.000139708    
0.482712   0.0207079    -0.000342653    0.000178788    
0.483711   0.0242149    -0.000394051    0.000197008    
0.484711   0.0368935    -0.000608209    0.000281778    
0.48571   0.0370841    -0.000615824    0.000264751    
0.486709   0.0372172    -0.000626294    0.000247146    
0.487709   0.0449474    -0.000775729    0.000276063    
0.488708   0.0632682    -0.00111457    0.000357025    
0.489708   0.0650477    -0.00116026    0.000334608    
0.490707   0.11177    -0.0020483    0.000519163    
0.491706   0.217012    -0.00407377    0.00089966    
0.492706   0.22206    -0.00423557    0.000809705    
0.493705   0.293049    -0.00563855    0.000922198    
0.494705   0.30725    -0.0059555    0.000813418    
0.495704   0.32492    -0.00635051    0.000697879    
0.496703   0.414386    -0.00819417    0.000683005    
0.497703   0.473512    -0.00943724    0.000543865    
0.498702   0.573552    -0.0115712    0.000372175    
0.499702   0.652314    -0.0132807    9.73231e-05    
0.500701   0.671901    -0.0138165    -0.000235505    
0.5017   0.709582    -0.0147484    -0.000603286    
0.5027   0.717004    -0.0150767    -0.000967863    
0.503699   0.724676    -0.0154089    -0.0013403    
0.504699   0.75814    -0.0163008    -0.00178095    
0.505698   0.771308    -0.0167776    -0.00219718    
0.506697   0.779708    -0.0171517    -0.00261056    
0.507697   0.793487    -0.0176428    -0.00305295    
0.508696   0.811337    -0.0182187    -0.00352673    
0.509696   0.81935    -0.0186346    -0.00397057    
0.510695   0.824678    -0.0189449    -0.00440797    
0.511694   0.833037    -0.0193456    -0.0048683    
0.512694   0.837828    -0.019693    -0.00531421    
0.513693   0.84126    -0.0200186    -0.00575548    
0.514693   0.846428    -0.0203707    -0.00621278    
0.515692   0.862242    -0.0209599    -0.00675853    
0.516691   0.865136    -0.0212769    -0.00721216    
0.517691   0.871103    -0.0216671    -0.00769565    
0.51869   0.87568    -0.0220183    -0.00817193    
0.51969   0.880813    -0.0224219    -0.00865803    
0.520689   0.883923    -0.0227512    -0.00912813    
0.521689   0.887674    -0.0230834    -0.00960805    
0.522688   0.892058    -0.0234537    -0.0100986    
0.523687   0.894854    -0.0237973    -0.0105746    
0.524687   0.897593    -0.0241285    -0.0110523    
0.525686   0.903045    -0.0245587    -0.0115673    
0.526686   0.905835    -0.0249109    -0.0120519    
0.527685   0.908844    -0.0252688    -0.0125421    
0.528684   0.911815    -0.0256238    -0.0130344    
0.529684   0.914965    -0.0259931    -0.0135319    
0.530683   0.917991    -0.0263272    -0.0140304    
0.531683   0.920354    -0.0266518    -0.0145211    
0.532682   0.922827    -0.0269849    -0.0150155    
0.533681   0.924883    -0.027339    -0.015505    
0.534681   0.926889    -0.0276997    -0.0159953    
0.53568   0.929115    -0.0280785    -0.0164911    
0.53668   0.931164    -0.0284497    -0.0169855    
0.537679   0.933448    -0.028799    -0.0174858    
0.538678   0.935902    -0.0291769    -0.0179913    
0.539678   0.937839    -0.02957    -0.0184885    
0.540677   0.939245    -0.0299422    -0.0189765    
0.541677   0.941081    -0.0303343    -0.0194743    
0.542676   0.942883    -0.0307227    -0.0199727    
0.543675   0.944366    -0.0310472    -0.0204654    
0.544675   0.946156    -0.0314622    -0.020966    
0.545674   0.947303    -0.0318211    -0.0214532    
0.546674   0.948348    -0.0321704    -0.0219386    
0.547673   0.949592    -0.0325264    -0.0224292    
0.548672   0.950934    -0.0328976    -0.0229229    
0.549672   0.952007    -0.0332916    -0.0234106    
0.550671   0.952899    -0.0336628    -0.0238944    
0.551671   0.954313    -0.0340312    -0.0243917    
0.55267   0.955496    -0.0344148    -0.0248838    
0.553669   0.956895    -0.0347974    -0.0253822    
0.554669   0.957785    -0.0351695    -0.0258675    
0.555668   0.95933    -0.035536    -0.0263711    
0.556668   0.960415    -0.0358796    -0.0268627    
0.557667   0.961755    -0.0362479    -0.0273619    
0.558667   0.962734    -0.0366363    -0.0278514    
0.559666   0.964144    -0.0370284    -0.0283537    
0.560665   0.964927    -0.0373911    -0.0288379    
0.561665   0.965592    -0.0377404    -0.0293187    
0.562664   0.966494    -0.0381059    -0.0298066    
0.563664   0.967214    -0.0384885    -0.030289    
0.564663   0.967992    -0.0388255    -0.0307731    
0.565662   0.968772    -0.039191    -0.0312574    
0.566662   0.969539    -0.0395536    -0.0317412    
0.567661   0.970241    -0.0399039    -0.0322228    
0.568661   0.970858    -0.0402855    -0.0327013    
0.56966   0.971537    -0.0406415    -0.0331818    
0.570659   0.972154    -0.041046    -0.03366    
0.571659   0.972964    -0.0413963    -0.0341447    
0.572658   0.973503    -0.0417485    -0.0346196    
0.573658   0.974092    -0.0421197    -0.0350961    
0.574657   0.974811    -0.0425175    -0.035577    
0.575656   0.975306    -0.0428783    -0.0360494    
0.576656   0.975882    -0.0432676    -0.0365244    
0.577655   0.976418    -0.0436569    -0.0369975    
0.578655   0.976835    -0.0440357    -0.0374656    
0.579654   0.977338    -0.0444145    -0.0379366    
0.580653   0.977958    -0.0447933    -0.0384116    
0.581653   0.978259    -0.0451493    -0.0388737    
0.582652   0.978827    -0.0455215    -0.0393458    
0.583652   0.979273    -0.0459279    -0.0398124    
0.584651   0.97971    -0.0463115    -0.0402782    
0.58565   0.980097    -0.0466808    -0.0407412    
0.58665   0.980738    -0.0470672    -0.0412143    
0.587649   0.981322    -0.0474251    -0.0416845    
0.588649   0.981774    -0.0477887    -0.0421486    
0.589648   0.982182    -0.0481694    -0.0426101    
0.590647   0.982731    -0.0485587    -0.0430771    
0.591647   0.983012    -0.048949    -0.0435316    
0.592646   0.983475    -0.0493554    -0.0439935    
0.593646   0.983843    -0.0497294    -0.0444504    
0.594645   0.984178    -0.0501016    -0.044905    
0.595644   0.98445    -0.0504414    -0.0453559    
0.596644   0.984765    -0.0508364    -0.045808    
0.597643   0.985109    -0.0512209    -0.0462605    
0.598643   0.985434    -0.0516236    -0.0467113    
0.599642   0.985838    -0.0520328    -0.0471649    
0.600642   0.986098    -0.0524107    -0.0476108    
0.601641   0.986444    -0.0527905    -0.0480599    
0.60264   0.986804    -0.0531855    -0.0485088    
0.60364   0.987113    -0.0535367    -0.0489543    
0.604639   0.987402    -0.0539289    -0.0493978    
0.605639   0.98765    -0.0542886    -0.0498384    
0.606638   0.987853    -0.054637    -0.0502755    
0.607637   0.988123    -0.0549911    -0.050715    
0.608637   0.988418    -0.0553442    -0.0511547    
0.609636   0.988651    -0.0557126    -0.0515902    
0.610636   0.988921    -0.056078    -0.0520265    
0.611635   0.989177    -0.0564293    -0.052461    
0.612634   0.98949    -0.0568119    -0.0528974    
0.613634   0.989645    -0.057205    -0.0533243    
0.614633   0.989786    -0.0575895    -0.0537492    
0.615633   0.989924    -0.0579626    -0.0541727    
0.616632   0.99016    -0.0583101    -0.0546003    
0.617631   0.990319    -0.0586765    -0.0550225    
0.618631   0.990545    -0.0590296    -0.0554471    
0.61963   0.990906    -0.0594037    -0.0558782    
0.62063   0.991169    -0.0597949    -0.0563025    
0.621629   0.991381    -0.0601623    -0.0567227    
0.622628   0.991606    -0.0605078    -0.0571424    
0.623628   0.991836    -0.0608628    -0.0575611    
0.624627   0.992027    -0.0612064    -0.0579763    
0.625627   0.992162    -0.0615491    -0.0583868    
0.626626   0.9923    -0.0619222    -0.0587961    
0.627625   0.992519    -0.062282    -0.0592089    
0.628625   0.992758    -0.0626104    -0.0596215    
0.629624   0.992922    -0.0629521    -0.0600282    
0.630624   0.99309    -0.0633318    -0.0604338    
0.631623   0.993244    -0.063703    -0.0608371    
0.632622   0.993353    -0.0640523    -0.0612362    
0.633622   0.993491    -0.0643893    -0.0616355    
0.634621   0.993735    -0.0647443    -0.0620401    
0.635621   0.993871    -0.0650993    -0.0624364    
0.63662   0.993993    -0.0654506    -0.0628303    
0.63762   0.994098    -0.0657951    -0.0632216    
0.638619   0.994204    -0.0661654    -0.0636114    
0.639618   0.99442    -0.0665061    -0.0640067    
0.640618   0.994519    -0.0668526    -0.064393    
0.641617   0.994633    -0.0672133    -0.0647786    
0.642617   0.994764    -0.0675474    -0.0651638    
0.643616   0.99491    -0.0678767    -0.0655483    
0.644615   0.995051    -0.0682165    -0.0659309    
0.645615   0.995139    -0.0685335    -0.0663084    
0.646614   0.99525    -0.0688619    -0.0666857    
0.647614   0.995407    -0.0691902    -0.0670644    
0.648613   0.995568    -0.06955    -0.0674418    
0.649612   0.995682    -0.0699079    -0.0678143    
0.650612   0.995785    -0.0702458    -0.0681844    
0.651611   0.995894    -0.0705789    -0.0685531    
0.652611   0.995992    -0.0709073    -0.0689194    
0.65361   0.996058    -0.0712852    -0.0692816    
0.654609   0.996112    -0.0716507    -0.0696413    
0.655609   0.996182    -0.0719876    -0.0700002    
0.656608   0.996244    -0.0723236    -0.0703569    
0.657608   0.996324    -0.0726691    -0.0707129    
0.658607   0.996383    -0.0729775    -0.0710656    
0.659606   0.99644    -0.0732821    -0.0714164    
0.660606   0.996512    -0.0735971    -0.0717663    
0.661605   0.996595    -0.0739331    -0.0721152    
0.662605   0.99667    -0.0742853    -0.0724616    
0.663604   0.996727    -0.0746261    -0.0728048    
0.664603   0.996802    -0.0749421    -0.0731474    
0.665603   0.996871    -0.0752581    -0.0734877    
0.666602   0.996929    -0.0755427    -0.0738252    
0.667602   0.996985    -0.0758539    -0.0741606    
0.668601   0.997066    -0.076168    -0.0744959    
0.6696   0.997113    -0.076464    -0.0748267    
0.6706   0.997194    -0.0767676    -0.0751581    
0.671599   0.997268    -0.0770751    -0.0754869    
0.672599   0.997331    -0.0773682    -0.0758129    
0.673598   0.997389    -0.0776938    -0.0761365    
0.674598   0.997453    -0.0779907    -0.0764586    
0.675597   0.997512    -0.0782125    -0.0767781    
0.676596   0.99759    -0.0785342    -0.0770972    
0.677596   0.99765    -0.0788226    -0.0774127    
0.678595   0.9977    -0.0791481    -0.0777253    
0.679595   0.997745    -0.0794051    -0.0780355    
0.680594   0.997771    -0.0796897    -0.0783421    
0.681593   0.997795    -0.0800048    -0.0786464    
0.682593   0.997837    -0.0802874    -0.0789499    
0.683592   0.99792    -0.0805739    -0.0792545    
0.684592   0.997973    -0.0808271    -0.0795546    
0.685591   0.998011    -0.0811193    -0.0798513    
0.68659   0.998054    -0.0813735    -0.0801462    
0.68759   0.998106    -0.0816571    -0.0804397    
0.688589   0.998131    -0.0819579    -0.0807288    
0.689589   0.998181    -0.0822168    -0.0810176    
0.690588   0.998221    -0.0824785    -0.0813033    
0.691587   0.998263    -0.0827346    -0.081587    
0.692587   0.998285    -0.0829773    -0.0818668    
0.693586   0.998329    -0.0832438    -0.082146    
0.694586   0.998375    -0.0834913    -0.0824232    
0.695585   0.998429    -0.0837816    -0.0826988    
0.696584   0.998463    -0.0840481    -0.0829703    
0.697584   0.998496    -0.0843165    -0.0832395    
0.698583   0.998529    -0.0845449    -0.0835062    
0.699583   0.998573    -0.0847733    -0.0837715    
