0.40076   0.000897758    -1.42772e-05    4.27917e-05    
0.40176   0.000895525    -1.42772e-05    4.22901e-05    
0.402759   0.000893302    -1.42772e-05    4.17899e-05    
0.403759   0.000997173    -1.61808e-05    4.62068e-05    
0.404758   0.000994711    -1.61808e-05    4.56503e-05    
0.405758   0.000992261    -1.61808e-05    4.50955e-05    
0.406757   0.000996843    -1.61808e-05    4.48581e-05    
0.407756   0.000999069    -1.80845e-05    4.45106e-05    
0.408756   0.000996626    -1.80845e-05    4.3954e-05    
0.409755   0.000994195    -1.80845e-05    4.33991e-05    
0.410755   0.000996411    -1.90363e-05    4.3046e-05    
0.411754   0.00100324    -1.90363e-05    4.28871e-05    
0.412753   0.00136055    -1.14218e-05    5.75445e-05    
0.413753   0.00141937    -1.23736e-05    5.93873e-05    
0.414752   0.00141595    -1.23736e-05    5.8599e-05    
0.415752   0.00142857    -1.23736e-05    5.84691e-05    
0.416751   0.00142743    -1.33254e-05    5.77691e-05    
0.41775   0.00155617    -1.33254e-05    6.22653e-05    
0.41875   0.00156154    -1.33254e-05    6.17627e-05    
0.419749   0.00156009    -1.42772e-05    6.09868e-05    
0.420749   0.00155865    -1.5229e-05    6.0211e-05    
0.421748   0.00193862    -3.04581e-05    7.39925e-05    
0.422747   0.00193404    -3.04581e-05    7.29213e-05    
0.423747   0.00193172    -3.04581e-05    7.1937e-05    
0.424746   0.00193166    -3.04581e-05    7.10358e-05    
0.425746   0.00194054    -3.04581e-05    7.04577e-05    
0.426745   0.00212558    -3.04581e-05    7.61834e-05    
0.427744   0.00263018    -3.80726e-05    9.30381e-05    
0.428744   0.00263071    -3.90244e-05    9.18235e-05    
0.429743   0.00266446    -3.99762e-05    9.17501e-05    
0.430743   0.0026649    -4.0928e-05    9.05116e-05    
0.431742   0.00266094    -4.0928e-05    8.91227e-05    
0.432741   0.00265919    -4.18798e-05    8.78086e-05    
0.433741   0.00266404    -4.28316e-05    8.67085e-05    
0.43474   0.00295786    -2.66508e-05    9.48704e-05    
0.43574   0.00344256    -3.14099e-05    0.000108783    
0.436739   0.0034434    -3.23617e-05    0.000107173    
0.437738   0.00343989    -3.52171e-05    0.000105426    
0.438738   0.00345374    -3.71208e-05    0.000104204    
0.439737   0.00344589    -3.71208e-05    0.000102321    
0.440737   0.0034532    -3.71208e-05    0.000100886    
0.441736   0.0034497    -3.61689e-05    9.91317e-05    
0.442736   0.00345266    -3.61689e-05    9.75606e-05    
0.443735   0.00348349    -3.61689e-05    9.67585e-05    
0.444734   0.00361263    -5.71089e-05    9.86077e-05    
0.445734   0.00360881    -5.80607e-05    9.67648e-05    
0.446733   0.00361139    -5.99643e-05    9.5092e-05    
0.447733   0.00360758    -5.99643e-05    9.32492e-05    
0.448732   0.00360378    -5.99643e-05    9.14082e-05    
0.449731   0.00359789    -5.99643e-05    8.95165e-05    
0.450731   0.00360892    -6.09161e-05    8.80411e-05    
0.45173   0.00374843    -6.37716e-05    8.96248e-05    
0.45273   0.00455588    -5.23498e-05    0.000106717    
0.453729   0.00468849    -5.71089e-05    0.000107542    
0.454728   0.00486448    -5.90125e-05    0.000109209    
0.455728   0.00500628    -6.18679e-05    0.000109951    
0.456727   0.00502241    -6.18679e-05    0.000107853    
0.457727   0.00502184    -6.56752e-05    0.000105386    
0.458726   0.00513125    -6.94825e-05    0.000105172    
0.459725   0.00533127    -7.51933e-05    0.000106661    
0.460725   0.00624937    -9.32778e-05    0.000121965    
0.461724   0.00626264    -9.51814e-05    0.000119151    
0.462724   0.0062594    -9.70851e-05    0.000116015    
0.463723   0.00629722    -0.000101844    0.000113621    
0.464722   0.00823146    -0.000135158    0.00014447    
0.465722   0.00823832    -0.000135158    0.000140534    
0.466721   0.00824107    -0.000137061    0.000136519    
0.467721   0.00825195    -0.00014182    0.000132629    
0.46872   0.00824654    -0.00014182    0.000128471    
0.469719   0.00877408    -0.000146579    0.000132355    
0.470719   0.00876354    -0.000147531    0.000127863    
0.471718   0.0087934    -0.000150387    0.000123948    
0.472718   0.00884931    -0.000156098    0.000120355    
0.473717   0.009343    -0.000148483    0.000122441    
0.474716   0.00996493    -0.00016276    0.000125652    
0.475716   0.010012    -0.000165616    0.00012128    
0.476715   0.0130159    -0.000223676    0.000151207    
0.477715   0.0168699    -0.000256038    0.000187602    
0.478714   0.0168844    -0.000258894    0.000179374    
0.479714   0.0176151    -0.000274123    0.00017838    
0.480713   0.0216731    -0.000331231    0.000208695    
0.481712   0.0335211    -0.000535872    0.000306102    
0.482712   0.0376063    -0.000617728    0.000324686    
0.483711   0.0379989    -0.000629149    0.000309151    
0.484711   0.0475092    -0.000836645    0.000362855    
0.48571   0.0498453    -0.000890898    0.000355855    
0.486709   0.0507266    -0.000922308    0.000336857    
0.487709   0.052385    -0.000927067    0.000321744    
0.488708   0.0846238    -0.00152385    0.000477536    
0.489708   0.0866357    -0.00157145    0.000445658    
0.490707   0.0883291    -0.00162284    0.000410281    
0.491706   0.0897814    -0.00167995    0.000372205    
0.492706   0.0972841    -0.00184557    0.000354731    
0.493705   0.0984405    -0.00188364    0.000309784    
0.494705   0.130836    -0.00253659    0.000346378    
0.495704   0.204651    -0.00402998    0.000439559    
0.496703   0.264862    -0.00530446    0.000436554    
0.497703   0.267193    -0.00538917    0.000306892    
0.498702   0.303209    -0.00621154    0.000196751    
0.499702   0.329726    -0.00685687    4.91941e-05    
0.500701   0.594692    -0.0124364    -0.000208442    
0.5017   0.624179    -0.0131674    -0.000530676    
0.5027   0.636529    -0.0135672    -0.000859232    
0.503699   0.712152    -0.0152957    -0.00131713    
0.504699   0.732805    -0.0158772    -0.00172144    
0.505698   0.737982    -0.0161656    -0.00210225    
0.506697   0.759761    -0.0167881    -0.00254377    
0.507697   0.764388    -0.0170917    -0.00294099    
0.508696   0.778295    -0.0175952    -0.0033831    
0.509696   0.791249    -0.018114    -0.0038344    
0.510695   0.799077    -0.0184899    -0.00427113    
0.511694   0.816142    -0.0190677    -0.00476956    
0.512694   0.822218    -0.0194123    -0.0052152    
0.513693   0.82826    -0.019792    -0.00566654    
0.514693   0.837527    -0.0202318    -0.00614745    
0.515692   0.850018    -0.0207353    -0.00666271    
0.516691   0.857327    -0.021136    -0.00714706    
0.517691   0.860855    -0.0214767    -0.00760511    
0.51869   0.8676    -0.0218584    -0.00809653    
0.51969   0.87059    -0.022164    -0.00855754    
0.520689   0.875876    -0.0225294    -0.00904503    
0.521689   0.881178    -0.0228997    -0.00953775    
0.522688   0.884208    -0.0232119    -0.0100098    
0.523687   0.886507    -0.0235298    -0.0104759    
0.524687   0.88954    -0.0238706    -0.0109532    
0.525686   0.89266    -0.024197    -0.0114342    
0.526686   0.897034    -0.0245473    -0.0119348    
0.527685   0.899756    -0.024889    -0.0124167    
0.528684   0.902558    -0.0252459    -0.012902    
0.529684   0.904897    -0.0255448    -0.013383    
0.530683   0.908306    -0.0259227    -0.0138824    
0.531683   0.91222    -0.0263291    -0.0143927    
0.532682   0.914673    -0.0266679    -0.0148828    
0.533681   0.919151    -0.0270744    -0.0154089    
0.534681   0.921654    -0.0274341    -0.0159049    
0.53568   0.924495    -0.0278054    -0.0164091    
0.53668   0.927544    -0.0281651    -0.0169194    
0.537679   0.929802    -0.0285582    -0.0174175    
0.538678   0.93183    -0.0289152    -0.017913    
0.539678   0.933659    -0.0292692    -0.0184061    
0.540677   0.935377    -0.0296347    -0.0188984    
0.541677   0.937094    -0.0299888    -0.0193918    
0.542676   0.938676    -0.0303486    -0.0198836    
0.543675   0.93968    -0.0307046    -0.0203639    
0.544675   0.941188    -0.0310634    -0.0208559    
0.545674   0.942547    -0.0314051    -0.0213454    
0.546674   0.944091    -0.0317592    -0.0218401    
0.547673   0.945506    -0.0321085    -0.0223327    
0.548672   0.947647    -0.0324959    -0.0228436    
0.549672   0.94978    -0.032888    -0.0233559    
0.550671   0.951335    -0.0332678    -0.0238551    
0.551671   0.952483    -0.0336628    -0.0243449    
0.55267   0.954117    -0.034035    -0.0248479    
0.553669   0.955362    -0.0344014    -0.0253415    
0.554669   0.95613    -0.0347822    -0.0258229    
0.555668   0.957263    -0.0351419    -0.0263143    
0.556668   0.95823    -0.0355303    -0.0268016    
0.557667   0.959152    -0.0359196    -0.0272879    
0.558667   0.960078    -0.0362851    -0.0277745    
0.559666   0.961247    -0.0366525    -0.0282685    
0.560665   0.962623    -0.0370046    -0.0287691    
0.561665   0.963791    -0.0373949    -0.029264    
0.562664   0.964586    -0.0377718    -0.0297478    
0.563664   0.965547    -0.0381697    -0.0302368    
0.564663   0.966699    -0.0385466    -0.030732    
0.565662   0.967291    -0.0388978    -0.0312096    
0.566662   0.96817    -0.039289    -0.0316963    
0.567661   0.969093    -0.039684    -0.0321846    
0.568661   0.969822    -0.040078    -0.0326664    
0.56966   0.970578    -0.0404255    -0.0331491    
0.570659   0.971225    -0.0408071    -0.0336278    
0.571659   0.971855    -0.0411879    -0.0341057    
0.572658   0.972579    -0.0415438    -0.0345868    
0.573658   0.973735    -0.0419474    -0.0350832    
0.574657   0.974468    -0.0423386    -0.0355644    
0.575656   0.975035    -0.0427184    -0.0360393    
0.576656   0.975832    -0.0431134    -0.0365225    
0.577655   0.976327    -0.0435131    -0.036994    
0.578655   0.977023    -0.0438834    -0.0374728    
0.579654   0.977644    -0.0442775    -0.0379484    
0.580653   0.978187    -0.0446239    -0.0384207    
0.581653   0.978877    -0.045038    -0.0388983    
0.582652   0.979327    -0.045413    -0.0393659    
0.583652   0.979698    -0.0457918    -0.0398297    
0.584651   0.980283    -0.0461078    -0.0403017    
0.58565   0.980718    -0.0465256    -0.040767    
0.58665   0.98129    -0.0469168    -0.0412375    
0.587649   0.981673    -0.0472795    -0.0416994    
0.588649   0.982197    -0.0476602    -0.0421667    
0.589648   0.98251    -0.0480562    -0.0426243    
0.590647   0.98287    -0.0484454    -0.0430832    
0.591647   0.983303    -0.0488376    -0.0435445    
0.592646   0.983774    -0.0492164    -0.0440069    
0.593646   0.984278    -0.0496    -0.04447    
0.594645   0.984659    -0.0499921    -0.044927    
0.595644   0.985019    -0.0503672    -0.0453822    
0.596644   0.985274    -0.0507412    -0.0458316    
0.597643   0.985686    -0.051121    -0.0462875    
0.598643   0.985961    -0.0515255    -0.0467362    
0.599642   0.986244    -0.0519043    -0.0471844    
0.600642   0.986759    -0.0522584    -0.0476427    
0.601641   0.987125    -0.0526487    -0.0480931    
0.60264   0.98748    -0.0530161    -0.0485421    
0.60364   0.987767    -0.0533892    -0.0489868    
0.604639   0.98806    -0.0537718    -0.0494308    
0.605639   0.988372    -0.054143    -0.0498748    
0.606638   0.988738    -0.0544819    -0.0503205    
0.607637   0.988949    -0.054875    -0.0507574    
0.608637   0.98918    -0.0552538    -0.0511941    
0.609636   0.989405    -0.0556526    -0.0516295    
0.610636   0.989634    -0.0560333    -0.0520641    
0.611635   0.989914    -0.056435    -0.0525001    
0.612634   0.990123    -0.0568224    -0.0529313    
0.613634   0.990329    -0.057204    -0.0533612    
0.614633   0.990566    -0.0575553    -0.0537916    
0.615633   0.990771    -0.0579208    -0.0542191    
0.616632   0.990947    -0.0582986    -0.0546437    
0.617631   0.991242    -0.058667    -0.0550737    
0.618631   0.991432    -0.0590534    -0.0554967    
0.61963   0.991656    -0.0594113    -0.0559204    
0.62063   0.991876    -0.0597425    -0.0563427    
0.621629   0.992104    -0.0601528    -0.0567641    
0.622628   0.992292    -0.0605049    -0.0571819    
0.623628   0.992444    -0.0608581    -0.0575964    
0.624627   0.9926    -0.0612645    -0.0580098    
0.625627   0.992764    -0.0616671    -0.0584222    
0.626626   0.992981    -0.062065    -0.0588364    
0.627625   0.993066    -0.0624057    -0.0592415    
0.628625   0.993226    -0.0628264    -0.0596496    
0.629624   0.993338    -0.0631833    -0.0600534    
0.630624   0.993442    -0.0635517    -0.0604552    
0.631623   0.993552    -0.0639524    -0.0608559    
0.632622   0.993651    -0.0642836    -0.0612545    
0.633622   0.993811    -0.0646587    -0.0616554    
0.634621   0.993927    -0.0649908    -0.0620521    
0.635621   0.99403    -0.0653087    -0.0624463    
0.63662   0.994154    -0.0656543    -0.0628405    
0.63762   0.994265    -0.0660178    -0.0632322    
0.638619   0.994395    -0.0663681    -0.0636236    
0.639618   0.99457    -0.0667098    -0.0640164    
0.640618   0.994761    -0.0670401    -0.0644087    
0.641617   0.994887    -0.067398    -0.0647952    
0.642617   0.995004    -0.0677654    -0.0651795    
0.643616   0.995118    -0.0681299    -0.065562    
0.644615   0.995213    -0.0684821    -0.0659416    
0.645615   0.995328    -0.0688562    -0.0663209    
0.646614   0.995446    -0.0691864    -0.0666988    
0.647614   0.995545    -0.0695243    -0.0670737    
0.648613   0.995618    -0.0698575    -0.0674452    
0.649612   0.995722    -0.0701944    -0.067817    
0.650612   0.995788    -0.0705409    -0.0681846    
0.651611   0.995884    -0.0708807    -0.0685524    
0.652611   0.995972    -0.07123    -0.068918    
0.65361   0.996056    -0.0715507    -0.0692815    
0.654609   0.996158    -0.0718744    -0.0696445    
0.655609   0.996269    -0.0721628    -0.0700064    
0.656608   0.996346    -0.0725283    -0.070364    
0.657608   0.996448    -0.0728576    -0.0707217    
0.658607   0.996523    -0.0731764    -0.0710756    
0.659606   0.996603    -0.0734734    -0.0714281    
0.660606   0.996669    -0.0738113    -0.0717776    
0.661605   0.996734    -0.0741406    -0.0721253    
0.662605   0.996788    -0.0744414    -0.0724702    
0.663604   0.996918    -0.0747936    -0.0728187    
0.664603   0.996984    -0.075122    -0.0731608    
0.665603   0.997031    -0.0754341    -0.0734995    
0.666602   0.997093    -0.0757444    -0.0738373    
0.667602   0.997147    -0.0760804    -0.0741727    
0.668601   0.997231    -0.076386    -0.0745082    
0.6696   0.997262    -0.0766858    -0.0748379    
0.6706   0.997337    -0.077017    -0.0751689    
0.671599   0.997385    -0.0773206    -0.0754958    
0.672599   0.997434    -0.0776623    -0.0758208    
0.673598   0.997523    -0.077986    -0.0761468    
0.674598   0.99757    -0.0782506    -0.0764675    
0.675597   0.997646    -0.0785494    -0.0767884    
0.676596   0.997697    -0.078855    -0.0771054    
0.677596   0.997737    -0.07913    -0.0774194    
0.678595   0.997787    -0.0794032    -0.0777321    
0.679595   0.997824    -0.0797135    -0.0780417    
0.680594   0.997873    -0.0799971    -0.0783501    
0.681593   0.997925    -0.0802836    -0.0786566    
0.682593   0.997956    -0.0805778    -0.0789593    
0.683592   0.997996    -0.08083    -0.0792606    
0.684592   0.998022    -0.0810832    -0.0795585    
0.685591   0.998074    -0.081344    -0.0798564    
0.68659   0.998112    -0.081639    -0.0801509    
0.68759   0.998158    -0.0819531    -0.0804439    
0.688589   0.998209    -0.0822644    -0.080735    
0.689589   0.998261    -0.0825118    -0.0810241    
0.690588   0.998303    -0.0827964    -0.0813101    
0.691587   0.998358    -0.0830506    -0.0815948    
0.692587   0.998384    -0.0833057    -0.0818749    
0.693586   0.998423    -0.0835798    -0.0821538    
0.694586   0.998461    -0.0838225    -0.0824303    
0.695585   0.998492    -0.0840776    -0.082704    
0.696584   0.998522    -0.0843393    -0.0829752    
0.697584   0.99858    -0.0845839    -0.0832464    
0.698583   0.998628    -0.08482    -0.0835145    
0.699583   0.998664    -0.0850722    -0.0837792    
