0.40076   0.000881133    -1.047e-05    4.19992e-05    
0.40176   0.00088131    -1.14218e-05    4.16188e-05    
0.402759   0.000883849    -1.14218e-05    4.13477e-05    
0.403759   0.000881662    -1.14218e-05    4.08543e-05    
0.404758   0.000879485    -1.14218e-05    4.03622e-05    
0.405758   0.00088201    -1.23736e-05    4.00849e-05    
0.406757   0.000992163    -1.047e-05    4.46475e-05    
0.407756   0.000989732    -1.047e-05    4.40946e-05    
0.408756   0.00098964    -1.047e-05    4.36459e-05    
0.409755   0.000991872    -1.14218e-05    4.32977e-05    
0.410755   0.00104044    -9.51814e-06    4.49481e-05    
0.411754   0.00104254    -1.047e-05    4.4567e-05    
0.412753   0.00104001    -1.047e-05    4.39874e-05    
0.413753   0.0010375    -1.047e-05    4.34095e-05    
0.414752   0.00104647    -1.14218e-05    4.33082e-05    
0.415752   0.00104396    -1.14218e-05    4.27274e-05    
0.416751   0.00104374    -1.14218e-05    4.22407e-05    
0.41775   0.00105036    -9.51814e-06    4.20268e-05    
0.41875   0.00105012    -9.51814e-06    4.15348e-05    
0.419749   0.00108164    -9.51814e-06    4.2283e-05    
0.420749   0.00125552    -8.56633e-06    4.85008e-05    
0.421748   0.00131122    -9.51814e-06    5.00462e-05    
0.422747   0.00131037    -1.047e-05    4.94065e-05    
0.423747   0.0013522    -1.42772e-05    5.03559e-05    
0.424746   0.00189356    -2.18917e-05    6.96349e-05    
0.425746   0.00189135    -2.18917e-05    6.86719e-05    
0.426745   0.00219918    -2.47472e-05    7.88214e-05    
0.427744   0.00219627    -2.47472e-05    7.76892e-05    
0.428744   0.00222223    -2.47472e-05    7.75657e-05    
0.429743   0.00223035    -2.47472e-05    7.68016e-05    
0.430743   0.0022318    -2.5699e-05    7.58016e-05    
0.431742   0.00222884    -2.66508e-05    7.46504e-05    
0.432741   0.00239305    -2.76026e-05    7.90205e-05    
0.433741   0.00239193    -2.76026e-05    7.7852e-05    
0.43474   0.00238862    -2.76026e-05    7.66126e-05    
0.43574   0.00261687    -2.66508e-05    8.26916e-05    
0.436739   0.00266972    -2.95062e-05    8.30928e-05    
0.437738   0.00269407    -2.95062e-05    8.2568e-05    
0.438738   0.00271397    -2.95062e-05    8.18837e-05    
0.439737   0.00275542    -2.95062e-05    8.18184e-05    
0.440737   0.00275133    -2.95062e-05    8.03811e-05    
0.441736   0.00274941    -2.95062e-05    7.90082e-05    
0.442736   0.00274321    -2.95062e-05    7.75139e-05    
0.443735   0.00291506    -2.66508e-05    8.09697e-05    
0.444734   0.00295988    -2.85544e-05    8.07906e-05    
0.445734   0.00296605    -2.95062e-05    7.95304e-05    
0.446733   0.00296794    -3.14099e-05    7.81493e-05    
0.447733   0.00296982    -3.14099e-05    7.67643e-05    
0.448732   0.00298442    -3.23617e-05    7.56983e-05    
0.449731   0.00349207    -4.75907e-05    8.68837e-05    
0.450731   0.00350967    -4.85425e-05    8.56199e-05    
0.45173   0.00364097    -5.04462e-05    8.70555e-05    
0.45273   0.00380112    -5.33016e-05    8.90374e-05    
0.453729   0.00379904    -5.33016e-05    8.71401e-05    
0.454728   0.00391    -5.33016e-05    8.77805e-05    
0.455728   0.00392023    -5.42534e-05    8.60982e-05    
0.456727   0.00393666    -5.52052e-05    8.45371e-05    
0.457727   0.00398005    -4.47353e-05    8.35237e-05    
0.458726   0.00398382    -4.75907e-05    8.1654e-05    
0.459725   0.00400208    -5.90125e-05    8.00682e-05    
0.460725   0.00437146    -5.99643e-05    8.53153e-05    
0.461724   0.0051206    -5.99643e-05    9.74233e-05    
0.462724   0.0061874    -8.66151e-05    0.000114681    
0.463723   0.0062028    -8.85187e-05    0.000111917    
0.464722   0.00633693    -8.85187e-05    0.000111219    
0.465722   0.00640713    -9.2326e-05    0.000109296    
0.466721   0.00660346    -9.61333e-05    0.000109391    
0.467721   0.00663819    -9.70851e-05    0.000106692    
0.46872   0.00849834    -0.000117073    0.000132394    
0.469719   0.00863426    -0.000119929    0.000130246    
0.470719   0.00863009    -0.00012088    0.000125916    
0.471718   0.010226    -0.00015229    0.000144142    
0.472718   0.0115152    -0.00017323    0.000156613    
0.473717   0.0134157    -0.000197977    0.000175815    
0.474716   0.0141494    -0.00021511    0.000178416    
0.475716   0.0166427    -0.000263653    0.0002016    
0.476715   0.0167555    -0.00026746    0.000194651    
0.477715   0.0169138    -0.000275074    0.00018809    
0.478714   0.017795    -0.000292207    0.000189049    
0.479714   0.0206548    -0.000333135    0.000209162    
0.480713   0.0207584    -0.000339798    0.000199887    
0.481712   0.0297452    -0.000499703    0.000271621    
0.482712   0.0298985    -0.000514932    0.000258138    
0.483711   0.036653    -0.000648186    0.000298201    
0.484711   0.037086    -0.0006558    0.000283247    
0.48571   0.0376191    -0.000664366    0.00026857    
0.486709   0.049917    -0.00087091    0.00033148    
0.487709   0.0713194    -0.00126401    0.000438038    
0.488708   0.0721357    -0.00129161    0.000407065    
0.489708   0.0749486    -0.00136014    0.000385539    
0.490707   0.079201    -0.00147722    0.000367882    
0.491706   0.0799421    -0.00150006    0.000331414    
0.492706   0.107973    -0.00207781    0.000393705    
0.493705   0.194357    -0.0037787    0.000611626    
0.494705   0.258509    -0.00506651    0.000684381    
0.495704   0.360279    -0.00715955    0.000773825    
0.496703   0.366483    -0.00733754    0.00060405    
0.497703   0.377251    -0.00763355    0.000433302    
0.498702   0.542505    -0.0110268    0.000352029    
0.499702   0.569106    -0.011654    8.49088e-05    
0.500701   0.591977    -0.0122194    -0.000207491    
0.5017   0.652244    -0.0136823    -0.000554537    
0.5027   0.719163    -0.0151891    -0.000970777    
0.503699   0.730633    -0.0155945    -0.00135131    
0.504699   0.74005    -0.0159486    -0.00173846    
0.505698   0.744108    -0.0162675    -0.0021197    
0.506697   0.755553    -0.0167072    -0.00252968    
0.507697   0.764698    -0.0170775    -0.00294218    
0.508696   0.773352    -0.0174487    -0.00336161    
0.509696   0.796808    -0.0181644    -0.00386134    
0.510695   0.808178    -0.0186061    -0.00431978    
0.511694   0.819038    -0.019062    -0.00478649    
0.512694   0.827903    -0.0194703    -0.00525126    
0.513693   0.834322    -0.019833    -0.00570802    
0.514693   0.846023    -0.0203146    -0.00620981    
0.515692   0.851273    -0.0206487    -0.00667255    
0.516691   0.853958    -0.0209723    -0.00711897    
0.517691   0.859345    -0.0213406    -0.00759178    
0.51869   0.86422    -0.0216899    -0.00806498    
0.51969   0.870958    -0.0221392    -0.00856115    
0.520689   0.874057    -0.022459    -0.00902625    
0.521689   0.882339    -0.0228835    -0.00955031    
0.522688   0.886031    -0.0232604    -0.0100304    
0.523687   0.889396    -0.0236278    -0.0105101    
0.524687   0.892526    -0.0239857    -0.0109899    
0.525686   0.895321    -0.0243398    -0.0114683    
0.526686   0.898655    -0.0247253    -0.0119564    
0.527685   0.901161    -0.0250508    -0.0124361    
0.528684   0.90386    -0.0254087    -0.0129207    
0.529684   0.909592    -0.0258684    -0.0134525    
0.530683   0.913516    -0.0262177    -0.013962    
0.531683   0.915703    -0.0265908    -0.0144477    
0.532682   0.917146    -0.0269449    -0.014923    
0.533681   0.918534    -0.0272714    -0.0153986    
0.534681   0.920678    -0.0276178    -0.0158881    
0.53568   0.924055    -0.0279672    -0.0164013    
0.53668   0.926221    -0.0283289    -0.0168953    
0.537679   0.928187    -0.0286696    -0.0173873    
0.538678   0.930563    -0.0290608    -0.0178886    
0.539678   0.933751    -0.0294425    -0.0184079    
0.540677   0.935868    -0.0298013    -0.0189083    
0.541677   0.937826    -0.0301725    -0.0194069    
0.542676   0.939409    -0.0305456    -0.0198991    
0.543675   0.94107    -0.0309149    -0.020394    
0.544675   0.942635    -0.0312785    -0.0208879    
0.545674   0.944622    -0.0316488    -0.0213924    
0.546674   0.945625    -0.0320029    -0.0218756    
0.547673   0.947581    -0.0323798    -0.0223817    
0.548672   0.948745    -0.0327377    -0.0228701    
0.549672   0.950267    -0.0330927    -0.0233678    
0.550671   0.951152    -0.0334744    -0.0238505    
0.551671   0.952089    -0.0338199    -0.0243349    
0.55267   0.953748    -0.034192    -0.0248383    
0.553669   0.95476    -0.0345737    -0.0253255    
0.554669   0.955796    -0.0349478    -0.0258138    
0.555668   0.956814    -0.0353152    -0.026302    
0.556668   0.957818    -0.0356645    -0.0267901    
0.557667   0.959184    -0.0360452    -0.0272888    
0.558667   0.960445    -0.0364231    -0.0277851    
0.559666   0.961405    -0.036801    -0.0282731    
0.560665   0.962239    -0.0371921    -0.0287576    
0.561665   0.963167    -0.0375491    -0.029245    
0.562664   0.964016    -0.0379241    -0.0297302    
0.563664   0.964622    -0.0383248    -0.0302078    
0.564663   0.965362    -0.0386751    -0.0306896    
0.565662   0.966047    -0.0390425    -0.0311695    
0.566662   0.966707    -0.0394403    -0.0316485    
0.567661   0.967431    -0.0398173    -0.0321294    
0.568661   0.968047    -0.0401751    -0.0326067    
0.56966   0.969235    -0.0405482    -0.0331032    
0.570659   0.970036    -0.0409328    -0.0335866    
0.571659   0.970904    -0.0413068    -0.0340724    
0.572658   0.971703    -0.0416571    -0.0345556    
0.573658   0.972393    -0.0420502    -0.0350349    
0.574657   0.972944    -0.0424033    -0.0355088    
0.575656   0.973515    -0.042786    -0.0359832    
0.576656   0.974172    -0.0431657    -0.0364604    
0.577655   0.974767    -0.0435284    -0.0369349    
0.578655   0.975383    -0.0439291    -0.0374099    
0.579654   0.975997    -0.0443022    -0.0378845    
0.580653   0.976671    -0.044662    -0.0383611    
0.581653   0.977234    -0.0450218    -0.038833    
0.582652   0.977868    -0.0453892    -0.0393072    
0.583652   0.978276    -0.0457728    -0.0397719    
0.584651   0.978932    -0.0461363    -0.0402462    
0.58565   0.979428    -0.046519    -0.0407134    
0.58665   0.979919    -0.0468978    -0.0411799    
0.587649   0.980465    -0.0473175    -0.0416481    
0.588649   0.980849    -0.0476849    -0.0421088    
0.589648   0.98132    -0.0480571    -0.0425727    
0.590647   0.981684    -0.048474    -0.0430312    
0.591647   0.982313    -0.0488395    -0.0435007    
0.592646   0.982658    -0.0492164    -0.043957    
0.593646   0.983173    -0.0496124    -0.0444201    
0.594645   0.983497    -0.0500359    -0.044874    
0.595644   0.983738    -0.0504128    -0.0453231    
0.596644   0.984132    -0.0507603    -0.0457785    
0.597643   0.984547    -0.05112    -0.0462341    
0.598643   0.984907    -0.0515036    -0.0466862    
0.599642   0.985156    -0.0518425    -0.0471323    
0.600642   0.985486    -0.0522403    -0.0475813    
0.601641   0.985781    -0.0526334    -0.0480276    
0.60264   0.986166    -0.0530218    -0.0484775    
0.60364   0.986515    -0.0534063    -0.0489247    
0.604639   0.986756    -0.0537946    -0.0493656    
0.605639   0.986917    -0.0541754    -0.0498013    
0.606638   0.98723    -0.0545342    -0.0502438    
0.607637   0.987594    -0.0549083    -0.0506878    
0.608637   0.988057    -0.0552823    -0.051136    
0.609636   0.988273    -0.0556583    -0.0515705    
0.610636   0.988529    -0.0560466    -0.0520059    
0.611635   0.988713    -0.0564159    -0.0524364    
0.612634   0.989    -0.05681    -0.0528713    
0.613634   0.989234    -0.057165    -0.0533022    
0.614633   0.98951    -0.0574867    -0.0537342    
0.615633   0.989745    -0.0578589    -0.0541629    
0.616632   0.990036    -0.0582015    -0.0545935    
0.617631   0.990216    -0.0585471    -0.0550167    
0.618631   0.990522    -0.058923    -0.0554458    
0.61963   0.990743    -0.059298    -0.055869    
0.62063   0.990899    -0.059675    -0.0562872    
0.621629   0.991018    -0.0600747    -0.0567019    
0.622628   0.991184    -0.0604307    -0.0571181    
0.623628   0.991337    -0.0607705    -0.0575321    
0.624627   0.991578    -0.0611236    -0.05795    
0.625627   0.991727    -0.0614777    -0.0583612    
0.626626   0.991901    -0.061847    -0.0587725    
0.627625   0.992059    -0.0622115    -0.0591814    
0.628625   0.992293    -0.0625628    -0.0595936    
0.629624   0.992467    -0.0629102    -0.0600007    
0.630624   0.992675    -0.0632757    -0.0604086    
0.631623   0.992853    -0.0635955    -0.0608131    
0.632622   0.993014    -0.06396    -0.0612153    
0.633622   0.993149    -0.064316    -0.0616143    
0.634621   0.993315    -0.0646463    -0.0620139    
0.635621   0.99344    -0.0649975    -0.0624093    
0.63662   0.993546    -0.065323    -0.062802    
0.63762   0.993732    -0.0656676    -0.0631983    
0.638619   0.993928    -0.0660121    -0.0635938    
0.639618   0.994112    -0.0663624    -0.0639869    
0.640618   0.994268    -0.0666946    -0.0643768    
0.641617   0.994455    -0.0670344    -0.064767    
0.642617   0.994577    -0.0673808    -0.0651516    
0.643616   0.994715    -0.0677026    -0.0655354    
0.644615   0.994819    -0.0680804    -0.0659155    
0.645615   0.99492    -0.0684307    -0.0662937    
0.646614   0.995025    -0.0687848    -0.0666706    
0.647614   0.995188    -0.0691236    -0.0670497    
0.648613   0.995304    -0.0694539    -0.0674239    
0.649612   0.995407    -0.0697965    -0.0677955    
0.650612   0.995488    -0.0701459    -0.068164    
0.651611   0.995592    -0.0704714    -0.0685323    
0.652611   0.99569    -0.0708064    -0.0688985    
0.65361   0.995761    -0.0711215    -0.069261    
0.654609   0.995856    -0.0714832    -0.0696234    
0.655609   0.995964    -0.0718039    -0.0699849    
0.656608   0.996034    -0.0721304    -0.070342    
0.657608   0.996177    -0.0724816    -0.0707025    
0.658607   0.99625    -0.0727605    -0.0710561    
0.659606   0.996332    -0.0730679    -0.0714086    
0.660606   0.99643    -0.0733896    -0.0717604    
0.661605   0.996497    -0.0737513    -0.0721081    
0.662605   0.996587    -0.074075    -0.0724556    
0.663604   0.996651    -0.0743767    -0.0727992    
0.664603   0.996768    -0.0747041    -0.0731449    
0.665603   0.996838    -0.0749944    -0.0734853    
0.666602   0.996929    -0.0753095    -0.0738252    
0.667602   0.997005    -0.0756093    -0.074162    
0.668601   0.997047    -0.07593    -0.0744945    
0.6696   0.997093    -0.0762584    -0.0748252    
0.6706   0.99714    -0.0765763    -0.075154    
0.671599   0.997209    -0.0768666    -0.0754825    
0.672599   0.99727    -0.0771331    -0.0758083    
0.673598   0.997314    -0.0773977    -0.0761308    
0.674598   0.997364    -0.0776747    -0.0764518    
0.675597   0.997418    -0.0779945    -0.0767709    
0.676596   0.997462    -0.0783277    -0.0770873    
0.677596   0.997515    -0.0786094    -0.0774022    
0.678595   0.997614    -0.0788959    -0.0777187    
0.679595   0.997674    -0.0791719    -0.07803    
0.680594   0.997744    -0.0794679    -0.07834    
0.681593   0.997798    -0.0797582    -0.0786466    
0.682593   0.997868    -0.0800523    -0.0789524    
0.683592   0.997931    -0.0803046    -0.0792554    
0.684592   0.997984    -0.080592    -0.0795555    
0.685591   0.998034    -0.0808557    -0.0798532    
0.68659   0.998073    -0.0811079    -0.0801478    
0.68759   0.998127    -0.0813982    -0.0804414    
0.688589   0.998199    -0.0816752    -0.0807342    
0.689589   0.99824    -0.0819379    -0.0810224    
0.690588   0.99827    -0.0821892    -0.0813074    
0.691587   0.998309    -0.0824623    -0.0815907    
0.692587   0.998352    -0.0827279    -0.0818723    
0.693586   0.998415    -0.0830211    -0.0821532    
0.694586   0.998475    -0.08326    -0.0824315    
0.695585   0.998521    -0.0835189    -0.0827064    
0.696584   0.998539    -0.0837996    -0.0829766    
0.697584   0.998603    -0.08403    -0.0832483    
0.698583   0.998631    -0.0842546    -0.0835147    
0.699583   0.998652    -0.0844954    -0.0837782    
