0.40076   0.000857382    -9.51814e-06    4.08672e-05    
0.40176   0.000895525    -1.047e-05    4.22901e-05    
0.402759   0.000895666    -3.80726e-06    4.19005e-05    
0.403759   0.000895806    -3.80726e-06    4.15097e-05    
0.404758   0.000893594    -3.80726e-06    4.10098e-05    
0.405758   0.000978187    -7.61452e-06    4.44558e-05    
0.406757   0.000982803    -8.56633e-06    4.42263e-05    
0.407756   0.000980394    -8.56633e-06    4.36786e-05    
0.408756   0.000977997    -8.56633e-06    4.31324e-05    
0.409755   0.000980258    -6.6627e-06    4.27907e-05    
0.410755   0.000977873    -6.6627e-06    4.22452e-05    
0.411754   0.0010957    -8.56633e-06    4.68398e-05    
0.412753   0.00109305    -8.56633e-06    4.62306e-05    
0.413753   0.00109271    -9.51814e-06    4.57195e-05    
0.414752   0.00109008    -9.51814e-06    4.51127e-05    
0.415752   0.00109432    -9.51814e-06    4.47888e-05    
0.416751   0.0010917    -9.51814e-06    4.41818e-05    
0.41775   0.00113694    -9.51814e-06    4.5491e-05    
0.41875   0.00124105    -1.047e-05    4.90866e-05    
0.419749   0.00154422    -1.61808e-05    6.03663e-05    
0.420749   0.00154508    -1.80845e-05    5.96866e-05    
0.421748   0.00154367    -1.80845e-05    5.89184e-05    
0.422747   0.00166611    -1.90363e-05    6.28193e-05    
0.423747   0.00166218    -1.90363e-05    6.18992e-05    
0.424746   0.00166275    -1.99881e-05    6.11468e-05    
0.425746   0.00166108    -1.99881e-05    6.03111e-05    
0.426745   0.00172633    -1.99881e-05    6.1874e-05    
0.427744   0.00172675    -1.99881e-05    6.10809e-05    
0.428744   0.00173383    -1.99881e-05    6.05183e-05    
0.429743   0.0017453    -2.09399e-05    6.0099e-05    
0.430743   0.00174125    -2.09399e-05    5.91402e-05    
0.431742   0.00177249    -2.18917e-05    5.93659e-05    
0.432741   0.00276477    -3.04581e-05    9.12948e-05    
0.433741   0.00276718    -3.04581e-05    9.00655e-05    
0.43474   0.00276301    -3.04581e-05    8.86206e-05    
0.43574   0.00275885    -3.14099e-05    8.71782e-05    
0.436739   0.00275908    -3.04581e-05    8.58739e-05    
0.437738   0.00307459    -3.33135e-05    9.42301e-05    
0.438738   0.00467514    -5.42534e-05    0.000141055    
0.439737   0.00470997    -5.42534e-05    0.000139856    
0.440737   0.00472088    -5.42534e-05    0.000137922    
0.441736   0.00474899    -5.6157e-05    0.000136469    
0.442736   0.00474687    -5.71089e-05    0.000134131    
0.443735   0.00475119    -5.90125e-05    0.00013197    
0.444734   0.00536331    -6.94825e-05    0.000146393    
0.445734   0.00538972    -7.04343e-05    0.000144517    
0.446733   0.00544158    -7.23379e-05    0.000143283    
0.447733   0.00544857    -7.32897e-05    0.000140835    
0.448732   0.00545128    -7.51933e-05    0.000138269    
0.449731   0.00557461    -7.80488e-05    0.000138698    
0.450731   0.00557492    -7.80488e-05    0.000136003    
0.45173   0.00557734    -7.80488e-05    0.000133354    
0.45273   0.00558605    -7.99524e-05    0.000130847    
0.453729   0.00558843    -7.99524e-05    0.000128184    
0.454728   0.00559708    -8.28079e-05    0.000125656    
0.455728   0.00569132    -8.56633e-05    0.000124996    
0.456727   0.00573097    -8.66151e-05    0.000123069    
0.457727   0.00573093    -8.66151e-05    0.000120267    
0.458726   0.00573505    -8.85187e-05    0.000117548    
0.459725   0.00780954    -0.000126591    0.000156243    
0.460725   0.00793102    -0.000130399    0.000154785    
0.461724   0.00840447    -0.00014182    0.000159901    
0.462724   0.0086167    -0.000145628    0.000159707    
0.463723   0.00863302    -0.000149435    0.000155766    
0.464722   0.0103328    -0.000174182    0.000181352    
0.465722   0.0103475    -0.000177037    0.000176512    
0.466721   0.0104803    -0.000182748    0.000173613    
0.467721   0.0118091    -0.000202736    0.000189801    
0.46872   0.0118307    -0.000205592    0.000184307    
0.469719   0.013382    -0.000230339    0.000201864    
0.470719   0.0135497    -0.000237954    0.000197695    
0.471718   0.0137793    -0.000242713    0.000194228    
0.472718   0.0140804    -0.00024652    0.000191501    
0.473717   0.0143259    -0.000251279    0.000187743    
0.474716   0.0155469    -0.000274123    0.000196038    
0.475716   0.0158104    -0.000291255    0.000191517    
0.476715   0.015903    -0.000303629    0.000184747    
0.477715   0.0167325    -0.000321713    0.000186074    
0.478714   0.0191948    -0.000353123    0.000203919    
0.479714   0.0266012    -0.000483522    0.000269379    
0.480713   0.026835    -0.000500654    0.0002584    
0.481712   0.0268406    -0.000508269    0.000245098    
0.482712   0.0269605    -0.000519691    0.000232772    
0.483711   0.0315132    -0.000580607    0.000256385    
0.484711   0.033302    -0.00062439    0.000254347    
0.48571   0.0548913    -0.00100797    0.00039188    
0.486709   0.0550778    -0.00102415    0.000365752    
0.487709   0.0583295    -0.00108697    0.000358255    
0.488708   0.0589133    -0.00111172    0.000332451    
0.489708   0.059419    -0.00113837    0.000305654    
0.490707   0.0844013    -0.00160381    0.000392037    
0.491706   0.13103    -0.00252516    0.000543208    
0.492706   0.133052    -0.00258894    0.000485151    
0.493705   0.139698    -0.00274694    0.000439616    
0.494705   0.143875    -0.00286306    0.000380897    
0.495704   0.247744    -0.0049066    0.000532117    
0.496703   0.26783    -0.00535967    0.000441447    
0.497703   0.284129    -0.00571374    0.000326345    
0.498702   0.352658    -0.0070834    0.000228838    
0.499702   0.370696    -0.00752029    5.53067e-05    
0.500701   0.398881    -0.00819607    -0.00013981    
0.5017   0.694249    -0.0144    -0.000590249    
0.5027   0.705326    -0.0148255    -0.000952099    
0.503699   0.734108    -0.0155964    -0.00135774    
0.504699   0.751969    -0.0161599    -0.00176646    
0.505698   0.771507    -0.0167605    -0.00219775    
0.506697   0.778754    -0.0171212    -0.00260736    
0.507697   0.79084    -0.0175753    -0.00304276    
0.508696   0.799176    -0.0179093    -0.00347387    
0.509696   0.811055    -0.0183519    -0.00393038    
0.510695   0.81773    -0.0187231    -0.00437083    
0.511694   0.826359    -0.0191381    -0.00482927    
0.512694   0.83301    -0.0194932    -0.00528365    
0.513693   0.84181    -0.0199158    -0.00575925    
0.514693   0.846631    -0.0202537    -0.00621427    
0.515692   0.85167    -0.0205944    -0.00667566    
0.516691   0.85738    -0.0209942    -0.0071475    
0.517691   0.862436    -0.021334    -0.00761908    
0.51869   0.869727    -0.0217375    -0.00811638    
0.51969   0.876166    -0.022143    -0.00861235    
0.520689   0.880521    -0.0225076    -0.009093    
0.521689   0.885734    -0.0228731    -0.00958706    
0.522688   0.889398    -0.02321    -0.0100685    
0.523687   0.89394    -0.0235688    -0.0105638    
0.524687   0.897366    -0.0238782    -0.0110495    
0.525686   0.899455    -0.0242113    -0.0115213    
0.526686   0.902588    -0.0245711    -0.0120087    
0.527685   0.905539    -0.0248766    -0.0124965    
0.528684   0.908317    -0.0252564    -0.0129844    
0.529684   0.911649    -0.0256076    -0.0134829    
0.530683   0.91407    -0.0259636    -0.0139705    
0.531683   0.917861    -0.0263434    -0.0144817    
0.532682   0.920089    -0.0267241    -0.0149709    
0.533681   0.922686    -0.0271229    -0.0154682    
0.534681   0.925205    -0.0274884    -0.0159662    
0.53568   0.927129    -0.0278444    -0.0164558    
0.53668   0.928933    -0.0282089    -0.0169448    
0.537679   0.931202    -0.028564    -0.0174438    
0.538678   0.93363    -0.0289304    -0.0179476    
0.539678   0.936294    -0.0293159    -0.0184581    
0.540677   0.93778    -0.0296919    -0.0189469    
0.541677   0.940576    -0.0300421    -0.0194638    
0.542676   0.94281    -0.0304086    -0.0199711    
0.543675   0.944252    -0.0307626    -0.020463    
0.544675   0.945263    -0.0311215    -0.0209462    
0.545674   0.946981    -0.0314908    -0.0214458    
0.546674   0.948181    -0.0318763    -0.0219347    
0.547673   0.949357    -0.0322503    -0.0224236    
0.548672   0.950761    -0.0325863    -0.0229187    
0.549672   0.952646    -0.0329737    -0.0234263    
0.550671   0.953841    -0.0333516    -0.023918    
0.551671   0.954748    -0.0336961    -0.0244028    
0.55267   0.955808    -0.0340988    -0.0248919    
0.553669   0.957148    -0.0344709    -0.0253889    
0.554669   0.958574    -0.0348278    -0.0258888    
0.555668   0.959599    -0.0351886    -0.0263785    
0.556668   0.960629    -0.0355493    -0.0268687    
0.557667   0.961932    -0.0359672    -0.027367    
0.558667   0.962878    -0.0363289    -0.0278555    
0.559666   0.963718    -0.0366953    -0.0283411    
0.560665   0.964738    -0.0370855    -0.0288323    
0.561665   0.965684    -0.0374863    -0.0293214    
0.562664   0.966716    -0.0378584    -0.0298134    
0.563664   0.967621    -0.0382058    -0.0303017    
0.564663   0.968233    -0.0385647    -0.0307808    
0.565662   0.969044    -0.0389406    -0.0312662    
0.566662   0.96992    -0.0393156    -0.0317536    
0.567661   0.970538    -0.0396935    -0.0322326    
0.568661   0.971075    -0.0400742    -0.0327086    
0.56966   0.971729    -0.0404283    -0.0331884    
0.570659   0.972359    -0.0407843    -0.0336671    
0.571659   0.973007    -0.0411526    -0.0341462    
0.572658   0.973546    -0.041481    -0.0346212    
0.573658   0.974224    -0.0418865    -0.0351009    
0.574657   0.974849    -0.0422434    -0.0355783    
0.575656   0.975291    -0.0426194    -0.0360488    
0.576656   0.975743    -0.0430001    -0.0365192    
0.577655   0.976284    -0.0433799    -0.0369924    
0.578655   0.976723    -0.0437482    -0.0374614    
0.579654   0.977204    -0.044129    -0.0379314    
0.580653   0.977936    -0.044503    -0.0384108    
0.581653   0.978388    -0.044878    -0.0388788    
0.582652   0.978786    -0.0452559    -0.0393441    
0.583652   0.979193    -0.0456243    -0.0398092    
0.584651   0.979679    -0.0459964    -0.0402769    
0.58565   0.980158    -0.0463733    -0.0407437    
0.58665   0.980673    -0.0467407    -0.0412116    
0.587649   0.981181    -0.0471186    -0.0416785    
0.588649   0.981762    -0.0474984    -0.0421481    
0.589648   0.982118    -0.0478544    -0.0426073    
0.590647   0.982514    -0.0482256    -0.0430676    
0.591647   0.982782    -0.0486349    -0.0435214    
0.592646   0.98313    -0.0489661    -0.0439781    
0.593646   0.983436    -0.0493383    -0.044432    
0.594645   0.983888    -0.0496828    -0.0448918    
0.595644   0.984316    -0.0500635    -0.0453498    
0.596644   0.984682    -0.0504671    -0.0458041    
0.597643   0.985028    -0.0508269    -0.0462567    
0.598643   0.985315    -0.0512352    -0.0467056    
0.599642   0.985667    -0.0516112    -0.0471567    
0.600642   0.985914    -0.0519453    -0.0476019    
0.601641   0.986157    -0.052345    -0.048046    
0.60264   0.986466    -0.0527162    -0.0484922    
0.60364   0.986772    -0.053096    -0.0489374    
0.604639   0.987079    -0.0534825    -0.0493817    
0.605639   0.987372    -0.0538698    -0.0498243    
0.606638   0.987657    -0.0542391    -0.0502655    
0.607637   0.987959    -0.0546208    -0.0507065    
0.608637   0.988257    -0.0550092    -0.0511464    
0.609636   0.988468    -0.055368    -0.0515807    
0.610636   0.988894    -0.0557373    -0.0520251    
0.611635   0.989153    -0.0561266    -0.0524598    
0.612634   0.989381    -0.0564892    -0.0528916    
0.613634   0.989691    -0.0568785    -0.0533268    
0.614633   0.990053    -0.057264    -0.0537637    
0.615633   0.990237    -0.0576514    -0.0541898    
0.616632   0.990408    -0.0579788    -0.054614    
0.617631   0.99066    -0.0583358    -0.0550414    
0.618631   0.990942    -0.058726    -0.0554693    
0.61963   0.991095    -0.0590639    -0.0558888    
0.62063   0.991252    -0.0594341    -0.0563072    
0.621629   0.991419    -0.0598006    -0.0567249    
0.622628   0.991647    -0.0601537    -0.0571448    
0.623628   0.991856    -0.0605535    -0.0575623    
0.624627   0.992037    -0.0608971    -0.0579768    
0.625627   0.992294    -0.0612845    -0.0583946    
0.626626   0.992525    -0.0616385    -0.0588094    
0.627625   0.992627    -0.0619822    -0.0592153    
0.628625   0.992825    -0.0623448    -0.0596255    
0.629624   0.992999    -0.0626808    -0.0600329    
0.630624   0.993151    -0.0630472    -0.0604375    
0.631623   0.993339    -0.0633899    -0.0608429    
0.632622   0.993431    -0.063763    -0.061241    
0.633622   0.993611    -0.0641513    -0.061643    
0.634621   0.993696    -0.0645283    -0.0620376    
0.635621   0.993804    -0.0649014    -0.0624321    
0.63662   0.993894    -0.0652326    -0.062824    
0.63762   0.994059    -0.0655638    -0.0632191    
0.638619   0.994208    -0.0659522    -0.0636117    
0.639618   0.994341    -0.0663319    -0.0640017    
0.640618   0.9945    -0.0667032    -0.0643918    
0.641617   0.994603    -0.0670477    -0.0647767    
0.642617   0.994675    -0.0673799    -0.065158    
0.643616   0.994808    -0.067734    -0.0655416    
0.644615   0.994929    -0.0680728    -0.0659229    
0.645615   0.995036    -0.0684088    -0.0663015    
0.646614   0.99516    -0.0687457    -0.0666796    
0.647614   0.995245    -0.0690989    -0.0670535    
0.648613   0.995344    -0.069451    -0.0674266    
0.649612   0.995427    -0.0697813    -0.0677969    
0.650612   0.995538    -0.0701268    -0.0681674    
0.651611   0.995603    -0.0704504    -0.0685331    
0.652611   0.995703    -0.0707988    -0.0688994    
0.65361   0.995816    -0.0711253    -0.0692648    
0.654609   0.995913    -0.0714651    -0.0696274    
0.655609   0.995992    -0.0718182    -0.0699869    
0.656608   0.996064    -0.0721542    -0.0703442    
0.657608   0.99614    -0.0724968    -0.0706998    
0.658607   0.996229    -0.0728271    -0.0710547    
0.659606   0.996299    -0.0731488    -0.0714062    
0.660606   0.996394    -0.0734677    -0.0717578    
0.661605   0.996478    -0.0737942    -0.0721067    
0.662605   0.99658    -0.0741187    -0.072455    
0.663604   0.996668    -0.0744357    -0.0728005    
0.664603   0.99677    -0.0747631    -0.0731451    
0.665603   0.99682    -0.0750658    -0.0734839    
0.666602   0.996903    -0.0753913    -0.0738233    
0.667602   0.996973    -0.0756873    -0.0741597    
0.668601   0.997039    -0.0760014    -0.0744939    
0.6696   0.997112    -0.0762584    -0.0748266    
0.6706   0.997168    -0.076543    -0.0751561    
0.671599   0.997215    -0.0768647    -0.0754829    
0.672599   0.997274    -0.0771912    -0.0758086    
0.673598   0.997328    -0.0775043    -0.0761319    
0.674598   0.99739    -0.0778299    -0.0764537    
0.675597   0.997436    -0.0781287    -0.0767723    
0.676596   0.997472    -0.0784181    -0.077088    
0.677596   0.997543    -0.0787084    -0.0774044    
0.678595   0.997631    -0.0790015    -0.07772    
0.679595   0.997706    -0.0792728    -0.0780325    
0.680594   0.997757    -0.079545    -0.078341    
0.681593   0.997815    -0.079823    -0.0786479    
0.682593   0.997861    -0.0800723    -0.0789518    
0.683592   0.997899    -0.0803617    -0.0792529    
0.684592   0.997928    -0.0806415    -0.0795511    
0.685591   0.997988    -0.0809242    -0.0798495    
0.68659   0.998048    -0.0811736    -0.0801458    
0.68759   0.998088    -0.0814249    -0.0804383    
0.688589   0.998137    -0.0817133    -0.0807292    
0.689589   0.998173    -0.0820064    -0.0810169    
0.690588   0.99823    -0.0822739    -0.0813041    
0.691587   0.998278    -0.0825299    -0.0815883    
0.692587   0.998311    -0.0827898    -0.0818689    
0.693586   0.998381    -0.0830049    -0.0821503    
0.694586   0.998425    -0.0832666    -0.0824274    
0.695585   0.998465    -0.0835379    -0.0827017    
0.696584   0.998519    -0.0837977    -0.0829749    
0.697584   0.99855    -0.084029    -0.0832439    
0.698583   0.998594    -0.084286    -0.0835116    
0.699583   0.998639    -0.0845135    -0.0837771    
