0.40076   0.000814632    -1.42772e-05    3.88295e-05    
0.40176   0.000838666    -7.61452e-06    3.9605e-05    
0.402759   0.00087676    -2.85544e-06    4.1016e-05    
0.403759   0.00087459    -2.85544e-06    4.05265e-05    
0.404758   0.00107231    -8.56633e-06    4.92117e-05    
0.405758   0.00107202    -8.56633e-06    4.87202e-05    
0.406757   0.00107172    -8.56633e-06    4.82277e-05    
0.407756   0.00112045    -8.56633e-06    4.99184e-05    
0.408756   0.00111771    -8.56633e-06    4.92942e-05    
0.409755   0.00129385    -1.047e-05    5.64797e-05    
0.410755   0.00129533    -1.047e-05    5.59598e-05    
0.411754   0.0012945    -1.14218e-05    5.53381e-05    
0.412753   0.00129367    -1.14218e-05    5.4716e-05    
0.413753   0.00129745    -1.14218e-05    5.42859e-05    
0.414752   0.00129891    -1.14218e-05    5.37554e-05    
0.415752   0.00140339    -5.71089e-06    5.74384e-05    
0.416751   0.00140003    -5.71089e-06    5.66599e-05    
0.41775   0.00147186    -1.23736e-05    5.88922e-05    
0.41875   0.00146835    -1.23736e-05    5.80768e-05    
0.419749   0.00146486    -1.23736e-05    5.72638e-05    
0.420749   0.0014659    -1.23736e-05    5.6628e-05    
0.421748   0.0014692    -1.23736e-05    5.60758e-05    
0.422747   0.00147473    -1.33254e-05    5.56035e-05    
0.423747   0.00149596    -1.33254e-05    5.57093e-05    
0.424746   0.0015014    -1.33254e-05    5.52134e-05    
0.425746   0.00162755    -2.09399e-05    5.90935e-05    
0.426745   0.00169957    -1.90363e-05    6.09147e-05    
0.427744   0.00170005    -1.99881e-05    6.01363e-05    
0.428744   0.00180709    -1.047e-05    6.30754e-05    
0.429743   0.0018051    -1.14218e-05    6.21582e-05    
0.430743   0.00187383    -1.14218e-05    6.36433e-05    
0.431742   0.0018739    -1.14218e-05    6.27625e-05    
0.432741   0.00187837    -2.37954e-05    6.20253e-05    
0.433741   0.0022471    -2.5699e-05    7.3138e-05    
0.43474   0.00228791    -2.5699e-05    7.33824e-05    
0.43574   0.00228266    -2.5699e-05    7.21308e-05    
0.436739   0.00229051    -2.5699e-05    7.12902e-05    
0.437738   0.00252664    -2.66508e-05    7.74366e-05    
0.438738   0.00252739    -2.76026e-05    7.62546e-05    
0.439737   0.00252814    -2.95062e-05    7.50698e-05    
0.440737   0.00257208    -3.14099e-05    7.51443e-05    
0.441736   0.00256842    -3.14099e-05    7.3807e-05    
0.442736   0.0028335    -3.52171e-05    8.00653e-05    
0.443735   0.00285071    -3.52171e-05    7.91823e-05    
0.444734   0.00285287    -3.61689e-05    7.78697e-05    
0.445734   0.00285501    -3.80726e-05    7.6553e-05    
0.446733   0.00285076    -3.80726e-05    7.50637e-05    
0.447733   0.00284439    -3.80726e-05    7.35223e-05    
0.448732   0.00286988    -3.90244e-05    7.2793e-05    
0.449731   0.0028635    -3.90244e-05    7.12446e-05    
0.450731   0.00332384    -5.04462e-05    8.10864e-05    
0.45173   0.00375686    -5.99643e-05    8.98264e-05    
0.45273   0.00392516    -6.28198e-05    9.19429e-05    
0.453729   0.0039354    -6.28198e-05    9.02677e-05    
0.454728   0.00397698    -6.37716e-05    8.92842e-05    
0.455728   0.00403092    -6.47234e-05    8.85293e-05    
0.456727   0.00523498    -6.09161e-05    0.000112418    
0.457727   0.00522771    -6.18679e-05    0.000109707    
0.458726   0.00569562    -6.6627e-05    0.00011674    
0.459725   0.00614908    -7.13861e-05    0.000123022    
0.460725   0.00614607    -7.23379e-05    0.000119949    
0.461724   0.00615338    -7.23379e-05    0.000117073    
0.462724   0.00616272    -7.32897e-05    0.000114224    
0.463723   0.00633622    -7.61452e-05    0.000114324    
0.464722   0.00647416    -7.99524e-05    0.000113628    
0.465722   0.00677295    -8.09042e-05    0.000115537    
0.466721   0.00744776    -9.70851e-05    0.000123377    
0.467721   0.00763941    -9.99405e-05    0.000122784    
0.46872   0.00767186    -0.0001047    0.000119518    
0.469719   0.00766364    -0.000105651    0.000115604    
0.470719   0.0105065    -0.000164664    0.000153294    
0.471718   0.0105408    -0.000168471    0.000148579    
0.472718   0.0120528    -0.000217965    0.000163924    
0.473717   0.0151718    -0.00026746    0.000198829    
0.474716   0.0156191    -0.000278882    0.000196948    
0.475716   0.0158344    -0.000285544    0.000191808    
0.476715   0.0160388    -0.000290303    0.000186324    
0.477715   0.0162284    -0.000294111    0.000180468    
0.478714   0.0162263    -0.000296966    0.000172383    
0.479714   0.0162957    -0.000279833    0.000165019    
0.480713   0.0254787    -0.000426413    0.00024534    
0.481712   0.0261372    -0.000441642    0.000238675    
0.482712   0.0274949    -0.000464485    0.000237385    
0.483711   0.0275522    -0.000469244    0.000224159    
0.484711   0.0285067    -0.000495895    0.000217722    
0.48571   0.033739    -0.000598691    0.00024087    
0.486709   0.0339494    -0.000611065    0.000225446    
0.487709   0.0348537    -0.000641523    0.000214068    
0.488708   0.0534347    -0.000995598    0.000301535    
0.489708   0.0546726    -0.00103557    0.000281238    
0.490707   0.0688625    -0.00132207    0.000319861    
0.491706   0.0689877    -0.00133825    0.000286001    
0.492706   0.0737662    -0.00144295    0.000268977    
0.493705   0.0748604    -0.00148198    0.000235579    
0.494705   0.0759059    -0.00151814    0.000200954    
0.495704   0.0811349    -0.00162475    0.000174266    
0.496703   0.125517    -0.00252326    0.000206882    
0.497703   0.125883    -0.002568    0.000144586    
0.498702   0.137918    -0.00282689    8.94943e-05    
0.499702   0.296696    -0.0061135    4.42661e-05    
0.500701   0.325314    -0.00677121    -0.000114024    
0.5017   0.330731    -0.00695776    -0.000281187    
0.5027   0.334182    -0.00710054    -0.000451103    
0.503699   0.427605    -0.0091022    -0.00079086    
0.504699   0.660037    -0.014163    -0.0015505    
0.505698   0.728915    -0.0158525    -0.00207642    
0.506697   0.757308    -0.0166453    -0.00253556    
0.507697   0.783144    -0.017362    -0.00301315    
0.508696   0.791971    -0.0177304    -0.00344255    
0.509696   0.798453    -0.0180911    -0.00386931    
0.510695   0.804486    -0.0184233    -0.00430004    
0.511694   0.812887    -0.0188316    -0.00475054    
0.512694   0.826052    -0.0193637    -0.00523952    
0.513693   0.831413    -0.0197178    -0.00568812    
0.514693   0.840379    -0.0201385    -0.00616838    
0.515692   0.845109    -0.0205068    -0.00662423    
0.516691   0.857354    -0.0210018    -0.00714729    
0.517691   0.862193    -0.0213387    -0.00761694    
0.51869   0.869766    -0.0217404    -0.00811674    
0.51969   0.873478    -0.0220497    -0.00858593    
0.520689   0.876289    -0.0223772    -0.0090493    
0.521689   0.881058    -0.0227112    -0.00953644    
0.522688   0.885618    -0.0230729    -0.0100257    
0.523687   0.889436    -0.0234213    -0.0105105    
0.524687   0.893233    -0.0237649    -0.0109986    
0.525686   0.897708    -0.0241009    -0.0114989    
0.526686   0.901655    -0.0244769    -0.0119963    
0.527685   0.90524    -0.0248052    -0.0124923    
0.528684   0.907685    -0.0251498    -0.0129753    
0.529684   0.90895    -0.0254829    -0.013443    
0.530683   0.913541    -0.0258627    -0.0139624    
0.531683   0.916561    -0.0262349    -0.0144612    
0.532682   0.918962    -0.0266156    -0.0149526    
0.533681   0.921971    -0.0270125    -0.0154562    
0.534681   0.924066    -0.027319    -0.0159466    
0.53568   0.925556    -0.0276293    -0.0164279    
0.53668   0.927651    -0.0279995    -0.0169214    
0.537679   0.929331    -0.0283403    -0.0174087    
0.538678   0.930882    -0.0286943    -0.0178948    
0.539678   0.933388    -0.0290941    -0.0184008    
0.540677   0.935108    -0.0294701    -0.0188929    
0.541677   0.93751    -0.0298299    -0.0194004    
0.542676   0.938493    -0.0301716    -0.0198797    
0.543675   0.940425    -0.0305523    -0.02038    
0.544675   0.942191    -0.0309197    -0.0208781    
0.545674   0.943632    -0.0312776    -0.02137    
0.546674   0.944925    -0.0316326    -0.0218594    
0.547673   0.946408    -0.0320219    -0.022354    
0.548672   0.947662    -0.0323864    -0.022844    
0.549672   0.949032    -0.0327462    -0.0233375    
0.550671   0.950521    -0.0331079    -0.0238347    
0.551671   0.951577    -0.0334772    -0.0243218    
0.55267   0.953528    -0.0338303    -0.0248325    
0.553669   0.954657    -0.0341996    -0.0253228    
0.554669   0.955607    -0.034567    -0.0258087    
0.555668   0.956428    -0.0349316    -0.0262914    
0.556668   0.957852    -0.0353047    -0.026791    
0.557667   0.958766    -0.0356683    -0.0272769    
0.558667   0.959504    -0.0360224    -0.0277579    
0.559666   0.96057    -0.0363822    -0.0282486    
0.560665   0.961855    -0.0367248    -0.0287461    
0.561665   0.96313    -0.0371036    -0.0292439    
0.562664   0.964219    -0.0374844    -0.0297364    
0.563664   0.965187    -0.0378422    -0.0302255    
0.564663   0.965772    -0.0382173    -0.0307026    
0.565662   0.966789    -0.0386075    -0.0311934    
0.566662   0.967572    -0.0389692    -0.0316768    
0.567661   0.968503    -0.0393195    -0.032165    
0.568661   0.969053    -0.0396954    -0.0326405    
0.56966   0.969878    -0.0400562    -0.0331251    
0.570659   0.970685    -0.040434    -0.0336091    
0.571659   0.971345    -0.0407891    -0.0340879    
0.572658   0.972053    -0.041145    -0.0345681    
0.573658   0.972621    -0.0415515    -0.0350431    
0.574657   0.97337    -0.0419122    -0.0355244    
0.575656   0.974001    -0.0422996    -0.0360011    
0.576656   0.974512    -0.042706    -0.0364731    
0.577655   0.975236    -0.0431096    -0.0369527    
0.578655   0.975866    -0.0434675    -0.0374285    
0.579654   0.976384    -0.0438587    -0.0378996    
0.580653   0.976958    -0.044267    -0.0383724    
0.581653   0.977603    -0.0446506    -0.0388476    
0.582652   0.978022    -0.0450513    -0.0393134    
0.583652   0.978522    -0.0454111    -0.0397819    
0.584651   0.978976    -0.0457651    -0.040248    
0.58565   0.979356    -0.0461316    -0.0407104    
0.58665   0.979916    -0.0465095    -0.0411797    
0.587649   0.980395    -0.046894    -0.0416451    
0.588649   0.980881    -0.0472861    -0.0421102    
0.589648   0.98129    -0.0476583    -0.0425714    
0.590647   0.981961    -0.0480457    -0.0430433    
0.591647   0.982394    -0.0484121    -0.0435043    
0.592646   0.982884    -0.0487833    -0.0439671    
0.593646   0.983226    -0.0491507    -0.0444225    
0.594645   0.983593    -0.04954    -0.0448784    
0.595644   0.984064    -0.0499008    -0.0453381    
0.596644   0.98451    -0.0502853    -0.0457961    
0.597643   0.984849    -0.0506527    -0.0462483    
0.598643   0.985328    -0.0510049    -0.0467062    
0.599642   0.985676    -0.0513732    -0.0471572    
0.600642   0.98595    -0.0517521    -0.0476037    
0.601641   0.986217    -0.0521033    -0.0480489    
0.60264   0.986629    -0.0525011    -0.0485002    
0.60364   0.987099    -0.0528581    -0.0489536    
0.604639   0.987359    -0.0532331    -0.0493957    
0.605639   0.987726    -0.0535748    -0.0498422    
0.606638   0.98797    -0.0539507    -0.0502815    
0.607637   0.988236    -0.0543324    -0.0507208    
0.608637   0.98842    -0.0547046    -0.0511548    
0.609636   0.988732    -0.0550234    -0.0515944    
0.610636   0.989075    -0.0553918    -0.0520346    
0.611635   0.9893    -0.0557678    -0.0524675    
0.612634   0.989693    -0.056158    -0.0529083    
0.613634   0.990022    -0.0564902    -0.0533446    
0.614633   0.990314    -0.0568585    -0.0537779    
0.615633   0.990501    -0.0572421    -0.0542042    
0.616632   0.990705    -0.0575933    -0.0546303    
0.617631   0.990888    -0.0579788    -0.0550541    
0.618631   0.991035    -0.0583691    -0.0554745    
0.61963   0.991209    -0.0587498    -0.0558952    
0.62063   0.99136    -0.0591058    -0.0563133    
0.621629   0.991597    -0.0594694    -0.0567351    
0.622628   0.991802    -0.0598358    -0.0571537    
0.623628   0.991981    -0.0602394    -0.0575695    
0.624627   0.992224    -0.0605877    -0.0579878    
0.625627   0.992384    -0.0609466    -0.0583998    
0.626626   0.992528    -0.0612854    -0.0588096    
0.627625   0.992645    -0.0616347    -0.0592164    
0.628625   0.992862    -0.0619831    -0.0596277    
0.629624   0.993076    -0.0623191    -0.0600375    
0.630624   0.993305    -0.0626646    -0.0604469    
0.631623   0.993463    -0.063012    -0.0608505    
0.632622   0.993625    -0.0633423    -0.0612529    
0.633622   0.993773    -0.0637306    -0.0616531    
0.634621   0.9939    -0.0640733    -0.0620504    
0.635621   0.994064    -0.0644369    -0.0624485    
0.63662   0.994181    -0.0648338    -0.0628422    
0.63762   0.994304    -0.0652259    -0.0632347    
0.638619   0.994414    -0.0656257    -0.0636249    
0.639618   0.994521    -0.0659931    -0.0640133    
0.640618   0.994619    -0.0663386    -0.0643995    
0.641617   0.994769    -0.0666679    -0.0647875    
0.642617   0.994843    -0.0670106    -0.0651689    
0.643616   0.994939    -0.0673761    -0.0655502    
0.644615   0.995037    -0.067733    -0.06593    
0.645615   0.995133    -0.0680766    -0.066308    
0.646614   0.995245    -0.0684098    -0.0666854    
0.647614   0.995379    -0.0687477    -0.0670625    
0.648613   0.995486    -0.0690789    -0.0674362    
0.649612   0.99556    -0.0694206    -0.067806    
0.650612   0.995648    -0.0697832    -0.0681749    
0.651611   0.995762    -0.070104    -0.068544    
0.652611   0.995871    -0.0704638    -0.068911    
0.65361   0.995963    -0.0707769    -0.069275    
0.654609   0.996063    -0.071112    -0.0696378    
0.655609   0.996125    -0.0714384    -0.0699963    
0.656608   0.996248    -0.0717525    -0.0703572    
0.657608   0.996308    -0.0720866    -0.0707118    
0.658607   0.996388    -0.072415    -0.071066    
0.659606   0.996482    -0.0727462    -0.0714194    
0.660606   0.996543    -0.0730708    -0.0717686    
0.661605   0.996638    -0.0733592    -0.0721183    
0.662605   0.996728    -0.0736876    -0.0724658    
0.663604   0.996781    -0.0740274    -0.0728088    
0.664603   0.996832    -0.0743567    -0.0731496    
0.665603   0.996977    -0.0746575    -0.0734955    
0.666602   0.997016    -0.0749782    -0.0738316    
0.667602   0.997094    -0.0753057    -0.0741687    
0.668601   0.997177    -0.0755902    -0.0745042    
0.6696   0.997228    -0.0759205    -0.0748353    
0.6706   0.997292    -0.0762422    -0.0751654    
0.671599   0.997346    -0.076562    -0.0754928    
0.672599   0.997407    -0.0768733    -0.0758187    
0.673598   0.997455    -0.0771703    -0.0761416    
0.674598   0.997521    -0.0774663    -0.0764638    
0.675597   0.997618    -0.0777518    -0.0767863    
0.676596   0.997687    -0.0780374    -0.0771047    
0.677596   0.997762    -0.0783353    -0.0774214    
0.678595   0.997822    -0.0786332    -0.0777348    
0.679595   0.997866    -0.0789111    -0.078045    
0.680594   0.997883    -0.0791967    -0.0783509    
0.681593   0.997942    -0.0795146    -0.0786579    
0.682593   0.997998    -0.0797935    -0.0789626    
0.683592   0.998044    -0.0801066    -0.0792644    
0.684592   0.998094    -0.0803826    -0.0795643    
0.685591   0.998135    -0.0806529    -0.0798613    
0.68659   0.998185    -0.0809423    -0.0801568    
0.68759   0.998221    -0.081225    -0.080449    
0.688589   0.998257    -0.0814943    -0.0807389    
0.689589   0.998311    -0.0818008    -0.0810281    
0.690588   0.998358    -0.0820512    -0.0813145    
0.691587   0.998386    -0.0823434    -0.081597    
0.692587   0.998433    -0.0826308    -0.081879    
0.693586   0.99847    -0.0828869    -0.0821577    
0.694586   0.998512    -0.0831391    -0.0824345    
0.695585   0.998533    -0.0834084    -0.0827074    
0.696584   0.998567    -0.0836807    -0.0829789    
0.697584   0.998604    -0.0839462    -0.0832485    
0.698583   0.998644    -0.0842261    -0.0835159    
0.699583   0.998664    -0.0844545    -0.0837792    
