0.000976562   0    1.52588e-05    0    0.000973703   0     6.09375  1023   
0.00196838   0    1.52588e-05    0    0.00195678    0    6.02326  507.031   
0.00296021   0.0103093    1.52588e-05    3.02471e-05    0.00293397    4    5.93814  336.814   
0.00395203   0.00772201    1.52588e-05    3.01567e-05    0.00390529    4    5.90347  252.035   
0.00494385   0.00617284    1.52588e-05    3.00664e-05    0.00487076    4    5.89815  201.272   
0.00593567   0.00514139    1.52588e-05    2.99763e-05    0.00583039    4    5.86889  167.473   
0.00692749   0.00440529    1.52588e-05    2.98863e-05    0.00678418    4    5.837  143.352   
0.00791931   0.00385356    1.52588e-05    2.97964e-05    0.00773216    4    5.82852  125.274   
0.00891113   0.00342466    1.52588e-05    2.97066e-05    0.00867432    4    5.81849  111.219   
0.00990295   0.0046225    1.52588e-05    4.44254e-05    0.00961069    3.33333    5.79507  99.98   
0.0108948   0.00420168    1.52588e-05    4.42911e-05    0.0105413    3.33333    5.78151  90.7871   
0.0118866   0.00385109    1.52588e-05    4.41569e-05    0.0114661    3.33333    5.74968  83.1284   
0.0128784   0.0035545    1.52588e-05    4.4023e-05    0.0123851    3.33333    5.73815  76.6493   
0.0138702   0.00330033    1.52588e-05    4.38892e-05    0.0132984    3.33333    5.69857  71.0968   
0.0148621   0.00308008    1.52588e-05    4.37556e-05    0.014206    3.33333    5.70637  66.2854   
0.0158539   0.00288739    1.52588e-05    4.36222e-05    0.0151078    3.33333    5.69201  62.076   
0.0168457   0.00271739    1.52588e-05    4.34889e-05    0.0160039    3.33333    5.69203  58.3623   
0.0178375   0.0025663    1.52588e-05    4.33559e-05    0.0168943    3.33333    5.66809  55.0616   
0.0188293   0.00243112    1.52588e-05    4.3223e-05    0.0177791    3.33333    5.64587  52.1086   
0.0198212   0.00230947    1.52588e-05    4.30903e-05    0.0186581    3.33333    5.63125  49.4511   
0.020813   0.00219941    1.52588e-05    4.29578e-05    0.0195315    3.33333    5.61804  47.0469   
0.0218048   0.00209937    1.52588e-05    4.28255e-05    0.0203992    3.33333    5.60042  44.8614   
0.0227966   0.00200803    1.52588e-05    4.26933e-05    0.0212613    3.33333    5.57363  42.8661   
0.0237885   0.00192431    1.52588e-05    4.25613e-05    0.0221177    3.33333    5.54201  41.0372   
0.0247803   0.00184729    1.52588e-05    4.24295e-05    0.0229685    3.33333    5.53756  39.3547   
0.0257721   0.0017762    1.52588e-05    4.22979e-05    0.0238137    3.33333    5.53227  37.8017   
0.0267639   0.00171038    1.52588e-05    4.21665e-05    0.0246533    3.33333    5.52166  36.3637   
0.0277557   0.00164926    1.52588e-05    4.20352e-05    0.0254874    3.33333    5.49918  35.0286   
0.0287476   0.00212314    1.52588e-05    5.58722e-05    0.0263158    2.75    5.47983  33.7856   
0.0297394   0.00205233    1.52588e-05    5.56977e-05    0.0271387    2.75    5.46434  32.6254   
0.0307312   0.0019861    1.52588e-05    5.55234e-05    0.027956    2.75    5.43744  31.5402   
0.031723   0.001924    1.52588e-05    5.53493e-05    0.0287678    2.75    5.41703  30.5228   
0.0327148   0.00186567    1.52588e-05    5.51755e-05    0.0295741    2.75    5.39832  29.5672   
0.0337067   0.00181077    1.52588e-05    5.5002e-05    0.0303748    2.75    5.38072  28.6677   
0.0346985   0.00175901    1.52588e-05    5.48286e-05    0.0311701    2.75    5.3584  27.8197   
0.0356903   0.00171013    1.52588e-05    5.46556e-05    0.0319598    2.75    5.33604  27.0188   
0.0366821   0.00166389    1.52588e-05    5.44827e-05    0.0327441    2.75    5.31406  26.2612   
0.037674   0.00162009    1.52588e-05    5.43101e-05    0.0335229    2.75    5.2904  25.5435   
0.0386658   0.00157853    1.52588e-05    5.41377e-05    0.0342963    2.75    5.26204  24.8627   
0.0396576   0.00153905    1.52588e-05    5.39656e-05    0.0350642    2.75    5.24625  24.2159   
0.0406494   0.0015015    1.52588e-05    5.37937e-05    0.0358266    2.75    5.23348  23.6006   
0.0416412   0.00146574    1.52588e-05    5.36221e-05    0.0365837    2.75    5.214  23.0147   
0.0426331   0.00143164    1.52588e-05    5.34507e-05    0.0373353    2.75    5.19578  22.456   
0.0436249   0.00139909    1.52588e-05    5.32795e-05    0.0380815    2.75    5.17594  21.9227   
0.0446167   0.00136799    1.52588e-05    5.31086e-05    0.0388224    2.75    5.16313  21.4131   
0.0456085   0.00133824    1.52588e-05    5.29379e-05    0.0395579    2.75    5.14118  20.9257   
0.0466003   0.0016372    1.52588e-05    6.59593e-05    0.040288    2.8    5.11526  20.4591   
0.0475922   0.00160308    1.52588e-05    6.57466e-05    0.0410127    2.8    5.09715  20.0119   
0.048584   0.00157035    1.52588e-05    6.55341e-05    0.0417321    2.8    5.07569  19.5829   
0.0495758   0.00153894    1.52588e-05    6.5322e-05    0.0424462    2.8    5.05663  19.1711   
0.0505676   0.00150875    1.52588e-05    6.51101e-05    0.043155    2.8    5.04134  18.7755   
0.0515594   0.00147973    1.52588e-05    6.48986e-05    0.0438584    2.8    5.02338  18.3951   
0.0525513   0.0014518    1.52588e-05    6.46873e-05    0.0445566    2.8    5.00436  18.029   
0.0535431   0.00142491    1.52588e-05    6.44764e-05    0.0452495    2.8    4.98433  17.6765   
0.0545349   0.00139899    1.52588e-05    6.42657e-05    0.0459371    2.8    4.96894  17.3369   
0.0555267   0.001374    1.52588e-05    6.40553e-05    0.0466195    2.8    4.95631  17.0093   
0.0565186   0.00161987    1.52588e-05    7.66144e-05    0.0472966    2.33333    4.93898  16.6933   
0.0575104   0.00159193    1.52588e-05    7.63626e-05    0.0479685    2.33333    4.91934  16.3882   
0.0585022   0.00156495    1.52588e-05    7.61113e-05    0.0486351    2.33333    4.90141  16.0934   
0.059494   0.00153886    1.52588e-05    7.58603e-05    0.0492966    2.33333    4.88023  15.8084   
0.0604858   0.00151362    1.52588e-05    7.56097e-05    0.0499528    2.33333    4.86756  15.5328   
0.0614777   0.0014892    1.52588e-05    7.53594e-05    0.0506039    2.33333    4.85108  15.2661   
0.0624695   0.00146556    1.52588e-05    7.51095e-05    0.0512497    2.33333    4.83341  15.0078   
0.0634613   0.00144265    1.52588e-05    7.486e-05    0.0518905    2.33333    4.80957  14.7576   
0.0644531   0.00142045    1.52588e-05    7.46108e-05    0.052526    2.33333    4.79096  14.5152   
0.0654449   0.00139893    1.52588e-05    7.4362e-05    0.0531564    2.33333    4.77897  14.28   
0.0664368   0.00137804    1.52588e-05    7.41135e-05    0.0537817    2.33333    4.76114  14.0519   
0.0674286   0.00135777    1.52588e-05    7.38654e-05    0.0544019    2.33333    4.74836  13.8305   
0.0684204   0.00133809    1.52588e-05    7.36177e-05    0.055017    2.33333    4.7326  13.6155   
0.0694122   0.00131897    1.52588e-05    7.33703e-05    0.0556269    2.33333    4.71488  13.4067   
0.0704041   0.00130039    1.52588e-05    7.31233e-05    0.0562318    2.33333    4.70286  13.2037   
0.0713959   0.00128233    1.52588e-05    7.28766e-05    0.0568316    2.33333    4.6854  13.0064   
0.0723877   0.00126476    1.52588e-05    7.26303e-05    0.0574264    2.33333    4.66568  12.8145   
0.0733795   0.00124766    1.52588e-05    7.23844e-05    0.0580161    2.33333    4.65253  12.6278   
0.0743713   0.00123102    1.52588e-05    7.21388e-05    0.0586008    2.33333    4.63952  12.446   
0.0753632   0.00121482    1.52588e-05    7.18936e-05    0.0591804    2.33333    4.61875  12.2691   
0.076355   0.00119904    1.52588e-05    7.16487e-05    0.059755    2.33333    4.59992  12.0967   
0.0773468   0.00118367    1.52588e-05    7.14042e-05    0.0603247    2.33333    4.58848  11.9288   
0.0783386   0.00116868    1.52588e-05    7.11601e-05    0.0608893    2.33333    4.57986  11.7651   
0.0793304   0.00115407    1.52588e-05    7.09163e-05    0.061449    2.33333    4.56453  11.6055   
0.0803223   0.00113982    1.52588e-05    7.06729e-05    0.0620037    2.33333    4.55243  11.4498   
0.0813141   0.00112591    1.52588e-05    7.04298e-05    0.0625534    2.33333    4.53725  11.298   
0.0823059   0.00111235    1.52588e-05    7.01871e-05    0.0630982    2.33333    4.5178  11.1498   
0.0832977   0.0010991    1.52588e-05    6.99448e-05    0.0636381    2.33333    4.50174  11.0051   
0.0842896   0.00108617    1.52588e-05    6.97028e-05    0.0641731    2.33333    4.49113  10.8639   
0.0852814   0.00107354    1.52588e-05    6.94612e-05    0.0647031    2.33333    4.47504  10.7259   
0.0862732   0.0010612    1.52588e-05    6.922e-05    0.0652283    2.33333    4.45985  10.5911   
0.087265   0.00104913    1.52588e-05    6.89791e-05    0.0657485    2.33333    4.44343  10.4593   
0.0882568   0.00103734    1.52588e-05    6.87385e-05    0.0662639    2.33333    4.4279  10.3306   
0.0892487   0.00102582    1.52588e-05    6.84984e-05    0.0667745    2.33333    4.4081  10.2047   
0.0902405   0.00101454    1.52588e-05    6.82585e-05    0.0672802    2.33333    4.39499  10.0815   
0.0912323   0.00100351    1.52588e-05    6.80191e-05    0.067781    2.33333    4.37816  9.96103   
0.0922241   0.00099272    1.52588e-05    6.778e-05    0.068277    2.33333    4.36135  9.84315   
0.0932159   0.000982157    1.52588e-05    6.75413e-05    0.0687683    2.33333    4.3467  9.72778   
0.0942078   0.000971817    1.52588e-05    6.73029e-05    0.0692547    2.33333    4.33058  9.61484   
0.0951996   0.000961693    1.52588e-05    6.70649e-05    0.0697363    2.33333    4.31544  9.50425   
0.0961914   0.000951777    1.52588e-05    6.68272e-05    0.0702131    2.33333    4.30092  9.39594   
0.0971832   0.00125608    1.52588e-05    8.87866e-05    0.0706852    2.25    4.28639  9.28984   
0.098175   0.00124339    1.52588e-05    8.84706e-05    0.0711525    2.25    4.26609  9.18589   
0.0991669   0.00123096    1.52588e-05    8.81552e-05    0.0716151    2.25    4.25327  9.08401   
0.100159   0.00121877    1.52588e-05    8.78403e-05    0.0720729    2.25    4.23857  8.98416   
0.101151   0.00120682    1.52588e-05    8.75258e-05    0.0725261    2.25    4.2219  8.88626   
0.102142   0.0011951    1.52588e-05    8.72118e-05    0.0729745    2.25    4.21661  8.79026   
0.103134   0.00118361    1.52588e-05    8.68983e-05    0.0734182    2.25    4.19914  8.69611   
0.104126   0.00117233    1.52588e-05    8.65853e-05    0.0738572    2.25    4.18699  8.60375   
0.105118   0.00116127    1.52588e-05    8.62727e-05    0.0742916    2.25    4.16998  8.51314   
0.10611   0.00115042    1.52588e-05    8.59607e-05    0.0747213    2.25    4.15171  8.42422   
0.107101   0.00113976    1.52588e-05    8.56491e-05    0.0751463    2.25    4.13691  8.33694   
0.108093   0.00112931    1.52588e-05    8.5338e-05    0.0755668    2.25    4.12352  8.25127   
0.109085   0.00111904    1.52588e-05    8.50273e-05    0.0759825    2.25    4.10897  8.16716   
0.110077   0.00110895    1.52588e-05    8.47172e-05    0.0763937    2.25    4.09592  8.08456   
0.111069   0.00109905    1.52588e-05    8.44075e-05    0.0768003    2.25    4.08779  8.00343   
0.112061   0.00108932    1.52588e-05    8.40983e-05    0.0772023    2.25    4.07217  7.92375   
0.113052   0.00107977    1.52588e-05    8.37896e-05    0.0775997    2.25    4.05804  7.84546   
0.114044   0.00107038    1.52588e-05    8.34814e-05    0.0779925    2.25    4.04188  7.76853   
0.115036   0.00106115    1.52588e-05    8.31736e-05    0.0783808    2.25    4.02414  7.69293   
0.116028   0.00118359    1.52588e-05    9.32247e-05    0.0787645    2.11111    4.01065  7.61862   
0.11702   0.00117356    1.52588e-05    9.28795e-05    0.0791437    2.11111    3.99791  7.54557   
0.118011   0.00129299    1.52588e-05    0.000102817    0.0795184    1.9    3.98035  7.47375   
0.119003   0.00128222    1.52588e-05    0.000102434    0.0798885    1.9    3.96435  7.40313   
0.119995   0.00127162    1.52588e-05    0.000102053    0.0802542    1.9    3.94812  7.33367   
0.120987   0.00126119    1.52588e-05    0.000101672    0.0806154    1.9    3.93391  7.26536   
0.121979   0.00137603    1.52588e-05    0.00011142    0.0809721    2.09091    3.91706  7.19815   
0.122971   0.00136493    1.52588e-05    0.000111002    0.0813244    2.09091    3.90197  7.13203   
0.123962   0.00135401    1.52588e-05    0.000110585    0.0816722    2.09091    3.88516  7.06696   
0.124954   0.00134327    1.52588e-05    0.000110169    0.0820155    2.09091    3.87056  7.00293   
0.125946   0.00133269    1.52588e-05    0.000109753    0.0823544    2.09091    3.85607  6.93991   
0.126938   0.00132227    1.52588e-05    0.000109337    0.082689    2.09091    3.84229  6.87787   
0.12793   0.00131202    1.52588e-05    0.000108923    0.0830191    2.09091    3.82669  6.81679   
0.128922   0.00130193    1.52588e-05    0.000108509    0.0833448    2.09091    3.81158  6.75666   
0.129913   0.00129199    1.52588e-05    0.000108096    0.0836661    2.09091    3.80256  6.69744   
0.130905   0.0012822    1.52588e-05    0.000107683    0.0839831    2.09091    3.7868  6.63912   
0.131897   0.00127256    1.52588e-05    0.000107271    0.0842957    2.09091    3.77325  6.58168   
0.132889   0.00137788    1.52588e-05    0.000116575    0.084604    2.08333    3.76082  6.52509   
0.133881   0.00136768    1.52588e-05    0.000116127    0.0849079    2.08333    3.74869  6.46934   
0.134872   0.00135762    1.52588e-05    0.000115679    0.0852075    2.08333    3.7313  6.41441   
0.135864   0.00134771    1.52588e-05    0.000115233    0.0855028    2.08333    3.71642  6.36029   
0.136856   0.00133794    1.52588e-05    0.000114787    0.0857938    2.08333    3.70443  6.30695   
0.137848   0.00132832    1.52588e-05    0.000114342    0.0860806    2.08333    3.69095  6.25437   
0.13884   0.00131883    1.52588e-05    0.000113898    0.086363    2.08333    3.67535  6.20255   
0.139832   0.00130947    1.52588e-05    0.000113454    0.0866412    2.08333    3.66478  6.15146   
0.140823   0.00130025    1.52588e-05    0.000113011    0.0869151    2.08333    3.65056  6.10109   
0.141815   0.00129116    1.52588e-05    0.000112569    0.0871848    2.08333    3.63719  6.05143   
0.142807   0.00128219    1.52588e-05    0.000112128    0.0874503    2.08333    3.6224  6.00246   
0.143799   0.00127334    1.52588e-05    0.000111687    0.0877115    2.08333    3.61057  5.95416   
0.144791   0.00126462    1.52588e-05    0.000111247    0.0879685    2.08333    3.60017  5.90652   
0.145782   0.00125602    1.52588e-05    0.000110808    0.0882214    2.08333    3.58844  5.85954   
0.146774   0.00124753    1.52588e-05    0.000110369    0.08847    2.08333    3.5749  5.81318   
0.147766   0.00175547    1.52588e-05    0.000155736    0.0887145    2    3.56196  5.76745   
0.148758   0.00174377    1.52588e-05    0.000155117    0.0889549    2    3.55103  5.72233   
0.14975   0.00173222    1.52588e-05    0.000154498    0.0891911    2    3.53994  5.67781   
0.150742   0.00172082    1.52588e-05    0.000153881    0.0894231    2    3.52688  5.63387   
0.151733   0.00170957    1.52588e-05    0.000153265    0.089651    2    3.51398  5.59051   
0.152725   0.00169847    1.52588e-05    0.00015265    0.0898749    2    3.50005  5.54771   
0.153717   0.00168751    1.52588e-05    0.000152036    0.0900946    2    3.4866  5.50546   
0.154709   0.00167669    1.52588e-05    0.000151423    0.0903102    2    3.47431  5.46375   
0.155701   0.00166601    1.52588e-05    0.000150811    0.0905218    2    3.46276  5.42258   
0.156693   0.00165547    1.52588e-05    0.000150199    0.0907293    2    3.44912  5.38193   
0.157684   0.00164506    1.52588e-05    0.000149589    0.0909327    2    3.43817  5.34178   
0.158676   0.00163477    1.52588e-05    0.00014898    0.0911321    2    3.42552  5.30214   
0.159668   0.00162462    1.52588e-05    0.000148372    0.0913275    2    3.41284  5.263   
0.16066   0.00161459    1.52588e-05    0.000147765    0.0915188    2    3.39918  5.22433   
0.161652   0.00160468    1.52588e-05    0.000147159    0.0917062    2    3.38796  5.18614   
0.162643   0.0015949    1.52588e-05    0.000146554    0.0918896    2    3.37827  5.14842   
0.163635   0.00158523    1.52588e-05    0.00014595    0.0920689    2    3.36404  5.11115   
0.164627   0.00157568    1.52588e-05    0.000145347    0.0922443    2    3.34915  5.07433   
0.165619   0.00156624    1.52588e-05    0.000144746    0.0924158    2    3.33601  5.03796   
0.166611   0.00155692    1.52588e-05    0.000144145    0.0925833    2    3.32668  5.00201   
0.167603   0.00154771    1.52588e-05    0.000143545    0.0927468    2    3.31428  4.9665   
0.168594   0.0015386    1.52588e-05    0.000142946    0.0929065    2    3.30138  4.9314   
0.169586   0.0015296    1.52588e-05    0.000142348    0.0930622    2    3.28954  4.89671   
0.170578   0.00152071    1.52588e-05    0.000141751    0.093214    2    3.27909  4.86242   
0.17157   0.00151192    1.52588e-05    0.000141156    0.0933619    2    3.26716  4.82853   
0.172562   0.00150323    1.52588e-05    0.000140561    0.093506    2    3.25617  4.79503   
0.173553   0.00149464    1.52588e-05    0.000139967    0.0936462    2    3.24327  4.76191   
0.174545   0.00148614    1.52588e-05    0.000139374    0.0937825    2    3.23254  4.72917   
0.175537   0.00147775    1.52588e-05    0.000138783    0.093915    2    3.22175  4.6968   
0.176529   0.00146944    1.52588e-05    0.000138192    0.0940437    2    3.21134  4.66479   
0.177521   0.00146123    1.52588e-05    0.000137602    0.0941685    2    3.20268  4.63314   
0.178513   0.00145312    1.52588e-05    0.000137014    0.0942896    2    3.19044  4.60185   
0.179504   0.00144509    1.52588e-05    0.000136426    0.0944068    2    3.17749  4.57089   
0.180496   0.00143715    1.52588e-05    0.000135839    0.0945203    2    3.16612  4.54028   
0.181488   0.00142929    1.52588e-05    0.000135254    0.09463    2    3.15344  4.51001   
0.18248   0.00142152    1.52588e-05    0.000134669    0.0947359    2    3.1419  4.48006   
0.183472   0.00141384    1.52588e-05    0.000134086    0.0948381    2    3.1309  4.45043   
0.184464   0.00140624    1.52588e-05    0.000133503    0.0949366    2    3.12185  4.42113   
0.185455   0.00139872    1.52588e-05    0.000132922    0.0950313    2    3.11124  4.39213   
0.186447   0.00139128    1.52588e-05    0.000132341    0.0951223    2    3.09944  4.36345   
0.187439   0.00138391    1.52588e-05    0.000131762    0.0952096    2    3.08841  4.33507   
0.188431   0.00137663    1.52588e-05    0.000131183    0.0952932    2    3.07733  4.30699   
0.189423   0.00136942    1.52588e-05    0.000130606    0.0953732    2    3.06968  4.2792   
0.190414   0.00144242    1.52588e-05    0.000137678    0.0954494    1.83333    3.05882  4.2517   
0.191406   0.00143495    1.52588e-05    0.000137069    0.095522    1.83333    3.04775  4.22449   
0.192398   0.00142755    1.52588e-05    0.000136461    0.095591    1.83333    3.03505  4.19756   
0.19339   0.00142023    1.52588e-05    0.000135854    0.0956564    1.83333    3.02454  4.1709   
0.194382   0.00141298    1.52588e-05    0.000135248    0.0957181    1.83333    3.01633  4.14452   
0.195374   0.00140581    1.52588e-05    0.000134643    0.0957762    1.83333    3.00609  4.1184   
0.196365   0.00139871    1.52588e-05    0.000134039    0.0958307    1.83333    2.99402  4.09255   
0.197357   0.00139168    1.52588e-05    0.000133437    0.0958817    1.83333    2.98601  4.06696   
0.198349   0.00138472    1.52588e-05    0.000132835    0.095929    1.83333    2.97531  4.04162   
0.199341   0.00137783    1.52588e-05    0.000132234    0.0959729    1.83333    2.9654  4.01653   
0.200333   0.00137101    1.52588e-05    0.000131635    0.0960131    1.83333    2.95407  3.9917   
0.201324   0.00136426    1.52588e-05    0.000131037    0.0960498    1.83333    2.943  3.96711   
0.202316   0.00135757    1.52588e-05    0.000130439    0.096083    1.83333    2.93318  3.94276   
0.203308   0.00135095    1.52588e-05    0.000129843    0.0961127    1.83333    2.92172  3.91864   
0.2043   0.00134439    1.52588e-05    0.000129248    0.0961389    1.83333    2.91075  3.89476   
0.205292   0.00133789    1.52588e-05    0.000128654    0.0961616    1.83333    2.90025  3.87112   
0.206284   0.00133146    1.52588e-05    0.000128061    0.0961808    1.83333    2.89008  3.8477   
0.207275   0.00132509    1.52588e-05    0.000127469    0.0961965    1.83333    2.87927  3.8245   
0.208267   0.00131878    1.52588e-05    0.000126878    0.0962088    1.83333    2.87091  3.80152   
0.209259   0.00131253    1.52588e-05    0.000126288    0.0962176    1.83333    2.86102  3.77877   
0.210251   0.00130634    1.52588e-05    0.0001257    0.096223    1.83333    2.85224  3.75622   
0.211243   0.0013002    1.52588e-05    0.000125112    0.096225    1.83333    2.84253  3.73389   
0.212234   0.00129413    1.52588e-05    0.000124525    0.0962236    1.83333    2.83356  3.71177   
0.213226   0.00128811    1.52588e-05    0.00012394    0.0962188    1.83333    2.8231  3.68985   
0.214218   0.00128214    1.52588e-05    0.000123356    0.0962106    1.83333    2.81323  3.66814   
0.21521   0.00127623    1.52588e-05    0.000122772    0.096199    1.83333    2.8036  3.64663   
0.216202   0.00127038    1.52588e-05    0.00012219    0.0961841    1.83333    2.79243  3.62531   
0.217194   0.00133483    1.52588e-05    0.000128365    0.0961658    1.84211    2.78355  3.60419   
0.218185   0.00132876    1.52588e-05    0.000127753    0.0961442    1.84211    2.7739  3.58326   
0.219177   0.00132275    1.52588e-05    0.000127142    0.0961192    1.84211    2.76399  3.56252   
0.220169   0.00131679    1.52588e-05    0.000126532    0.0960909    1.84211    2.75459  3.54196   
0.221161   0.00179385    1.52588e-05    0.000172316    0.0960594    1.61538    2.74472  3.5216   
0.222153   0.00178584    1.52588e-05    0.000171484    0.0960245    1.61538    2.73425  3.50141   
0.223145   0.00184628    1.52588e-05    0.000177218    0.0959864    1.51852    2.72354  3.4814   
0.224136   0.00183811    1.52588e-05    0.000176357    0.095945    1.51852    2.71285  3.46157   
0.225128   0.00183001    1.52588e-05    0.000175499    0.0959003    1.51852    2.70266  3.44191   
0.22612   0.00182199    1.52588e-05    0.000174642    0.0958524    1.51852    2.69337  3.42243   
0.227112   0.00181403    1.52588e-05    0.000173786    0.0958012    1.51852    2.68422  3.40312   
0.228104   0.00180614    1.52588e-05    0.000172932    0.0957469    1.51852    2.67389  3.38397   
0.229095   0.00206474    1.52588e-05    0.000197573    0.0956893    1.64516    2.66478  3.36499   
0.230087   0.00205584    1.52588e-05    0.000196597    0.0956285    1.64516    2.65714  3.34618   
0.231079   0.00204702    1.52588e-05    0.000195622    0.0955646    1.64516    2.64778  3.32752   
0.232071   0.00216977    1.52588e-05    0.000207207    0.0954974    1.60606    2.63791  3.30903   
0.233063   0.00216053    1.52588e-05    0.000206174    0.0954271    1.60606    2.62773  3.29069   
0.234055   0.00215138    1.52588e-05    0.000205142    0.0953537    1.60606    2.61751  3.27251   
0.235046   0.0021423    1.52588e-05    0.000204112    0.0952771    1.60606    2.60893  3.25448   
0.236038   0.0021333    1.52588e-05    0.000203084    0.0951974    1.60606    2.60146  3.2366   
0.23703   0.00212437    1.52588e-05    0.000202059    0.0951146    1.60606    2.59347  3.21887   
0.238022   0.00211552    1.52588e-05    0.000201035    0.0950286    1.60606    2.58292  3.20129   
0.239014   0.00217058    1.52588e-05    0.000206074    0.0949396    1.55882    2.57393  3.18386   
0.240005   0.00216161    1.52588e-05    0.000205023    0.0948475    1.55882    2.5652  3.16657   
0.240997   0.00215272    1.52588e-05    0.000203975    0.0947523    1.55882    2.55584  3.14942   
0.241989   0.00214389    1.52588e-05    0.000202928    0.0946541    1.55882    2.54732  3.13242   
0.242981   0.00213514    1.52588e-05    0.000201884    0.0945528    1.55882    2.53812  3.11555   
0.243973   0.00212646    1.52588e-05    0.000200841    0.0944485    1.55882    2.52999  3.09882   
0.244965   0.00211785    1.52588e-05    0.000199801    0.0943411    1.55882    2.52043  3.08222   
0.245956   0.00210931    1.52588e-05    0.000198762    0.0942308    1.55882    2.5107  3.06576   
0.246948   0.00210084    1.52588e-05    0.000197726    0.0941174    1.55882    2.50167  3.04943   
0.24794   0.00209244    1.52588e-05    0.000196691    0.0940011    1.55882    2.49172  3.03323   
0.248932   0.0020841    1.52588e-05    0.000195659    0.0938818    1.55882    2.48345  3.01716   
0.249924   0.00207583    1.52588e-05    0.000194629    0.0937595    1.55882    2.47323  3.00122   
0.250916   0.00206762    1.52588e-05    0.0001936    0.0936343    1.55882    2.46522  2.98541   
0.251907   0.00205948    1.52588e-05    0.000192574    0.0935061    1.55882    2.45684  2.96971   
0.252899   0.00205141    1.52588e-05    0.00019155    0.093375    1.55882    2.44715  2.95415   
0.253891   0.00204339    1.52588e-05    0.000190528    0.093241    1.55882    2.43999  2.9387   
0.254883   0.00203544    1.52588e-05    0.000189508    0.0931041    1.55882    2.4302  2.92337   
0.255875   0.00202755    1.52588e-05    0.00018849    0.0929643    1.55882    2.42191  2.90816   
0.256866   0.00201972    1.52588e-05    0.000187474    0.0928216    1.55882    2.41392  2.89307   
0.257858   0.00207113    0    0.000191944    0.0926761    1.48571    2.40535  2.8781   
0.25885   0.00206319    0    0.000190902    0.0925276    1.48571    2.39772  2.86324   
0.259842   0.00229021    0    0.000211561    0.0923764    1.46154    2.38881  2.84849   
0.260834   0.0022815    0    0.000210405    0.0922223    1.46154    2.3806  2.83386   
0.261826   0.00227286    0    0.000209252    0.0920653    1.46154    2.37182  2.81934   
0.262817   0.00226428    0    0.0002081    0.0919056    1.46154    2.36345  2.80492   
0.263809   0.00225577    0    0.000206951    0.0917431    1.46154    2.35479  2.79062   
0.264801   0.00224732    0    0.000205805    0.0915778    1.46154    2.34517  2.77642   
0.265793   0.00258339    1.52588e-05    0.000236146    0.0914097    1.71111    2.33647  2.76233   
0.266785   0.00257378    1.52588e-05    0.000234829    0.0912388    1.71111    2.32864  2.74834   
0.267776   0.00256425    1.52588e-05    0.000233514    0.0910652    1.71111    2.31968  2.73446   
0.268768   0.00266833    1.52588e-05    0.000242522    0.0908888    1.65957    2.31129  2.72068   
0.26976   0.00265852    1.52588e-05    0.000241154    0.0907097    1.65957    2.30341  2.707   
0.270752   0.00264878    1.52588e-05    0.000239789    0.0905279    1.65957    2.29418  2.69342   
0.271744   0.00269527    1.52588e-05    0.0002435    0.0903434    1.60417    2.28581  2.67994   
0.272736   0.00268546    1.52588e-05    0.000242111    0.0901562    1.60417    2.27677  2.66655   
0.273727   0.00267573    1.52588e-05    0.000240726    0.0899663    1.60417    2.26819  2.65327   
0.274719   0.00266607    1.52588e-05    0.000239343    0.0897737    1.60417    2.25928  2.64008   
0.275711   0.00265648    1.52588e-05    0.000237964    0.0895785    1.60417    2.25148  2.62699   
0.276703   0.00264696    1.52588e-05    0.000236587    0.0893807    1.60417    2.24396  2.61398   
0.277695   0.00263751    1.52588e-05    0.000235213    0.0891802    1.60417    2.23562  2.60108   
0.278687   0.00262812    1.52588e-05    0.000233842    0.088977    1.60417    2.22673  2.58826   
0.279678   0.0026188    1.52588e-05    0.000232474    0.0887713    1.60417    2.21889  2.57554   
0.28067   0.00271828    0    0.000240739    0.0885629    1.44    2.21121  2.5629   
0.281662   0.00276288    0    0.000244106    0.088352    1.43137    2.20261  2.55035   
0.282654   0.00275319    0    0.000242662    0.0881385    1.43137    2.1951  2.5379   
0.283646   0.00274356    0    0.00024122    0.0879224    1.43137    2.18726  2.52553   
0.284637   0.002734    0    0.000239782    0.0877038    1.43137    2.17948  2.51324   
0.285629   0.0027245    0    0.000238347    0.0874826    1.43137    2.17239  2.50104   
0.286621   0.00271508    0    0.000236915    0.0872589    1.43137    2.16557  2.48893   
0.287613   0.00270571    0    0.000235486    0.0870327    1.43137    2.15757  2.4769   
0.288605   0.00269642    0    0.00023406    0.086804    1.43137    2.15052  2.46495   
0.289597   0.00268718    0    0.000232637    0.0865728    1.43137    2.14232  2.45308   
0.290588   0.00267801    0    0.000231217    0.0863391    1.43137    2.13453  2.44129   
0.29158   0.0026689    0    0.0002298    0.0861029    1.43137    2.12628  2.42959   
0.292572   0.00271201    0    0.000232864    0.0858642    1.40385    2.11855  2.41796   
0.293564   0.00275482    0    0.000235876    0.0856232    1.39623    2.11092  2.40641   
0.294556   0.00274554    0    0.000234414    0.0853796    1.39623    2.10371  2.39494   
0.295547   0.00273633    0    0.000232954    0.0851337    1.39623    2.09696  2.38355   
0.296539   0.00272718    0    0.000231497    0.0848853    1.39623    2.08923  2.37223   
0.297531   0.00271809    0    0.000230044    0.0846346    1.39623    2.08144  2.36099   
0.298523   0.00276017    0    0.000232907    0.0843814    1.53704    2.07355  2.34983   
0.299515   0.00275103    0    0.000231433    0.0841259    1.53704    2.06633  2.33873   
0.300507   0.00274195    0    0.000229962    0.083868    1.53704    2.05844  2.32771   
0.301498   0.00318842    1.52588e-05    0.000266577    0.0836077    1.63492    2.05081  2.31677   
0.30249   0.00322841    1.52588e-05    0.000269072    0.0833451    1.59375    2.04313  2.30589   
0.303482   0.00326814    1.52588e-05    0.000271518    0.0830802    1.55385    2.0364  2.29509   
0.304474   0.00325749    1.52588e-05    0.000269763    0.082813    1.55385    2.02922  2.28435   
0.305466   0.00324692    1.52588e-05    0.000268011    0.0825434    1.55385    2.02193  2.27369   
0.306458   0.00323641    1.52588e-05    0.000266264    0.0822715    1.55385    2.01548  2.2631   
0.307449   0.00322597    1.52588e-05    0.000264521    0.0819974    1.55385    2.00759  2.25257   
0.308441   0.00321559    1.52588e-05    0.000262781    0.081721    1.55385    1.99975  2.24211   
0.309433   0.00320529    1.52588e-05    0.000261046    0.0814423    1.55385    1.99226  2.23172   
0.310425   0.00319505    1.52588e-05    0.000259314    0.0811614    1.55385    1.98565  2.22139   
0.311417   0.00323387    -1.52588e-05    0.00026155    0.0808782    1.43939    1.97918  2.21113   
0.312408   0.0032236    -1.52588e-05    0.000259799    0.0805929    1.43939    1.97206  2.20094   
0.3134   0.0032134    -1.52588e-05    0.000258053    0.0803053    1.43939    1.96446  2.19081   
0.314392   0.00417395    -1.52588e-05    0.00033398    0.0800155    1.46512    1.9568  2.18074   
0.315384   0.00416082    -1.52588e-05    0.000331715    0.0797235    1.46512    1.94963  2.17074   
0.316376   0.00414778    -1.52588e-05    0.000329455    0.0794293    1.46512    1.94265  2.1608   
0.317368   0.00413481    -1.52588e-05    0.0003272    0.079133    1.46512    1.93634  2.15092   
0.318359   0.00412193    -1.52588e-05    0.00032495    0.0788345    1.46512    1.93007  2.1411   
0.319351   0.00410913    -1.52588e-05    0.000322706    0.0785338    1.46512    1.92317  2.13135   
0.320343   0.00409641    -1.52588e-05    0.000320466    0.078231    1.46512    1.91693  2.12165   
0.321335   0.00408376    -1.52588e-05    0.000318232    0.0779262    1.46512    1.90921  2.11202   
0.322327   0.0040712    -1.52588e-05    0.000316003    0.0776192    1.46512    1.90224  2.10244   
0.323318   0.00405871    -1.52588e-05    0.000313779    0.0773101    1.46512    1.89523  2.09293   
0.32431   0.0040463    -1.52588e-05    0.00031156    0.0769989    1.46512    1.88783  2.08347   
0.325302   0.00403396    -1.52588e-05    0.000309347    0.0766856    1.46512    1.881  2.07407   
0.326294   0.0040217    -1.52588e-05    0.000307138    0.0763703    1.46512    1.8743  2.06472   
0.327286   0.00400951    -1.52588e-05    0.000304935    0.0760529    1.46512    1.86745  2.05543   
0.328278   0.0039974    -1.52588e-05    0.000302737    0.0757335    1.46512    1.86079  2.0462   
0.329269   0.0040317    -1.52588e-05    0.000304039    0.0754121    1.43678    1.85379  2.03703   
0.330261   0.00401959    -1.52588e-05    0.000301825    0.0750886    1.43678    1.84642  2.02791   
0.331253   0.00405362    -1.52588e-05    0.000303061    0.0747632    1.43182    1.83938  2.01884   
0.332245   0.00404152    -1.52588e-05    0.000300833    0.0744357    1.43182    1.83269  2.00983   
0.333237   0.00402949    -1.52588e-05    0.00029861    0.0741063    1.43182    1.82609  2.00087   
0.334229   0.00401753    -1.52588e-05    0.000296393    0.0737749    1.43182    1.81949  1.99196   
0.33522   0.00400564    -1.52588e-05    0.000294181    0.0734415    1.43182    1.81283  1.98311   
0.336212   0.00399383    -1.52588e-05    0.000291974    0.0731062    1.43182    1.80585  1.97431   
0.337204   0.00411783    -1.52588e-05    0.000299651    0.072769    1.43956    1.79967  1.96556   
0.338196   0.00410576    -1.52588e-05    0.000297379    0.0724298    1.43956    1.7934  1.95687   
0.339188   0.00409375    -1.52588e-05    0.000295114    0.0720888    1.43956    1.78699  1.94822   
0.340179   0.00408182    -1.52588e-05    0.000292853    0.0717458    1.43956    1.78052  1.93963   
0.341171   0.00406995    -1.52588e-05    0.000290598    0.071401    1.43956    1.77414  1.93108   
0.342163   0.00405815    -1.52588e-05    0.000288349    0.0710542    1.43956    1.76842  1.92258   
0.343155   0.00404642    -1.52588e-05    0.000286105    0.0707056    1.43956    1.76224  1.91414   
0.344147   0.00403476    -1.52588e-05    0.000283866    0.0703552    1.43956    1.75596  1.90574   
0.345139   0.00402317    -1.52588e-05    0.000281633    0.0700029    1.43956    1.74919  1.89739   
0.34613   0.00401164    -1.52588e-05    0.000279406    0.0696488    1.43956    1.74242  1.88908   
0.347122   0.00487934    0    0.000338103    0.0692929    1.36937    1.73625  1.88083   
0.348114   0.00486543    0    0.000335399    0.0689352    1.36937    1.7299  1.87262   
0.349106   0.00511386    0    0.000350686    0.0685756    1.35897    1.72368  1.86446   
0.350098   0.00509937    0    0.00034785    0.0682143    1.35897    1.71696  1.85635   
0.351089   0.00508497    0    0.000345021    0.0678513    1.35897    1.71042  1.84828   
0.352081   0.00507064    0    0.0003422    0.0674864    1.35897    1.70495  1.84025   
0.353073   0.00509962    -1.52588e-05    0.000342286    0.0671199    1.33898    1.69899  1.83227   
0.354065   0.00508533    -1.52588e-05    0.000339454    0.0667516    1.33898    1.6932  1.82434   
0.355057   0.00507112    -1.52588e-05    0.000336629    0.0663815    1.33898    1.6874  1.81645   
0.356049   0.00535699    -1.52588e-05    0.000353614    0.0660098    1.36    1.68171  1.80861   
0.35704   0.00534211    -1.52588e-05    0.000350636    0.0656363    1.36    1.6752  1.8008   
0.358032   0.00532731    -1.52588e-05    0.000347667    0.0652612    1.36    1.66911  1.79304   
0.359024   0.00531259    -1.52588e-05    0.000344704    0.0648844    1.36    1.66301  1.78533   
0.360016   0.00529796    -1.52588e-05    0.00034175    0.0645059    1.36    1.65673  1.77766   
0.361008   0.0052834    -1.52588e-05    0.000338802    0.0641258    1.36    1.65049  1.77002   
0.362   0.00526893    -1.52588e-05    0.000335863    0.063744    1.36    1.64538  1.76243   
0.362991   0.00538064    -1.52588e-05    0.000340921    0.0633607    1.40625    1.63971  1.75489   
0.363983   0.00536598    -1.52588e-05    0.000337926    0.0629756    1.40625    1.63373  1.74738   
0.364975   0.00535139    -1.52588e-05    0.000334939    0.062589    1.40625    1.62733  1.73991   
0.365967   0.0067545    -1.52588e-05    0.000420136    0.0622008    1.40741    1.62183  1.73249   
0.366959   0.00677783    -1.52588e-05    0.000418945    0.061811    1.39877    1.61578  1.7251   
0.36795   0.00675956    -1.52588e-05    0.00041517    0.0614197    1.39877    1.6101  1.71776   
0.368942   0.00860251    -6.10352e-05    0.000524983    0.0610267    1.36058    1.604  1.71045   
0.369934   0.00857944    -6.10352e-05    0.000520191    0.0606323    1.36058    1.59813  1.70318   
0.370926   0.00863878    -6.10352e-05    0.000520368    0.0602363    1.34286    1.59221  1.69596   
0.371918   0.00955937    -7.62939e-05    0.00057202    0.0598387    1.3133    1.58587  1.68877   
0.37291   0.00953394    -7.62939e-05    0.000566695    0.0594397    1.3133    1.58022  1.68162   
0.373901   0.0115491    -7.62939e-05    0.000681851    0.0590392    1.31802    1.57456  1.6745   
0.374893   0.0115186    -7.62939e-05    0.000675417    0.0586371    1.31802    1.5686  1.66743   
0.375885   0.0115288    -7.62939e-05    0.000671363    0.0582336    1.30986    1.56284  1.66039   
0.376877   0.0114984    -7.62939e-05    0.000664939    0.0578287    1.30986    1.55727  1.65339   
0.377869   0.0114683    -7.62939e-05    0.000658533    0.0574222    1.30986    1.55181  1.64642   
0.37886   0.0114785    -7.62939e-05    0.00065444    0.0570144    1.30175    1.5461  1.63949   
0.379852   0.0115691    -7.62939e-05    0.000654867    0.0566051    1.30903    1.54049  1.6326   
0.380844   0.0123002    -9.15527e-05    0.0006912    0.0561944    1.30293    1.535  1.62575   
0.381836   0.0152254    -9.15527e-05    0.000849306    0.0557822    1.32283    1.52909  1.61893   
0.382828   0.0153055    -9.15527e-05    0.000847447    0.0553687    1.32292    1.52362  1.61214   
0.38382   0.0153455    -9.15527e-05    0.000843292    0.0549538    1.32383    1.51841  1.60539   
0.384811   0.0153852    -0.000106812    0.000839073    0.0545376    1.31443    1.51342  1.59868   
0.385803   0.0153852    -0.000106812    0.000832647    0.0541199    1.31105    1.50823  1.59199   
0.386795   0.0154247    -0.000106812    0.00082832    0.053701    1.30691    1.50239  1.58535   
0.387787   0.0153852    -0.000106812    0.000819734    0.0532806    1.30691    1.49673  1.57874   
0.388779   0.015346    -0.000106812    0.000811173    0.052859    1.30691    1.49146  1.57216   
0.389771   0.0153461    -0.000106812    0.000804687    0.0524361    1.30357    1.48606  1.56561   
0.390762   0.0153071    -0.000106812    0.000796151    0.0520118    1.30357    1.48092  1.5591   
0.391754   0.0153463    -0.00012207    0.000791656    0.0515863    1.29188    1.47577  1.55262   
0.392746   0.0153075    -0.00012207    0.000783124    0.0511594    1.29188    1.47041  1.54618   
0.393738   0.0153465    -0.000137329    0.000778547    0.0507314    1.28535    1.46547  1.53976   
0.39473   0.0154239    -0.000137329    0.000775851    0.050302    1.2782    1.46028  1.53338   
0.395721   0.0159636    -0.000137329    0.000796128    0.0498714    1.28502    1.45496  1.52703   
0.396713   0.0159237    -0.000137329    0.000787261    0.0494396    1.28502    1.44956  1.52071   
0.397705   0.0161525    -0.000137329    0.000791581    0.0490066    1.26603    1.44391  1.51443   
0.398697   0.0161124    -0.000137329    0.000782615    0.0485723    1.26603    1.43871  1.50817   
0.399689   0.0161106    -0.000137329    0.000775512    0.0481369    1.2654    1.43292  1.50195   
0.400681   0.0160707    -0.000137329    0.000766576    0.0477003    1.2654    1.42762  1.49575   
0.401672   0.016145    -0.000137329    0.000763051    0.0472625    1.24941    1.42216  1.48959   
0.402664   0.0161431    -0.000137329    0.000755877    0.0468235    1.24648    1.41695  1.48346   
0.403656   0.0161034    -0.000137329    0.000746932    0.0463834    1.24648    1.41185  1.47736   
0.404648   0.016064    -0.000137329    0.000738013    0.0459422    1.24648    1.4065  1.47128   
0.40564   0.0164761    -0.000137329    0.000749659    0.0454998    1.23516    1.40141  1.46524   
0.406631   0.0164734    -0.000137329    0.000742232    0.0450564    1.23007    1.39649  1.45923   
0.407623   0.0164708    -0.000152588    0.00073479    0.0446118    1.22727    1.39133  1.45325   
0.408615   0.0164308    -0.000152588    0.000725684    0.0441661    1.22727    1.3862  1.44729   
0.409607   0.0164655    -0.000152588    0.000719861    0.0437193    1.21946    1.38105  1.44136   
0.410599   0.0164629    -0.000152588    0.000712375    0.0432715    1.22122    1.37631  1.43547   
0.411591   0.0164232    -0.000152588    0.000703286    0.0428227    1.22122    1.37099  1.4296   
0.412582   0.0164207    -0.000152588    0.000695791    0.0423727    1.21622    1.36603  1.42376   
0.413574   0.0164182    -0.000152588    0.000688282    0.0419218    1.21124    1.36098  1.41795   
0.414566   0.0164158    -0.000167847    0.000680759    0.0414698    1.20628    1.35581  1.41216   
0.415558   0.0164133    -0.000167847    0.000673222    0.0410168    1.20134    1.35107  1.4064   
0.41655   0.0164109    -0.000183105    0.000665671    0.0405629    1.19643    1.3465  1.40067   
0.417542   0.0186742    -0.000152588    0.000748982    0.0401079    1.18787    1.34154  1.39497   
0.418533   0.0186664    -0.000152588    0.000740159    0.039652    1.18359    1.3364  1.3893   
0.419525   0.0186586    -0.000152588    0.000731326    0.0391951    1.18324    1.3316  1.38365   
0.420517   0.0186146    -0.000152588    0.000721079    0.0387372    1.18324    1.32643  1.37803   
0.421509   0.0185708    -0.000152588    0.000710862    0.0382785    1.18324    1.32164  1.37243   
0.422501   0.0185272    -0.000152588    0.000700676    0.0378187    1.18324    1.31688  1.36686   
0.423492   0.0185199    -0.000152588    0.000691867    0.0373581    1.18093    1.31221  1.36132   
0.424484   0.0184766    -0.000152588    0.000681723    0.0368966    1.18093    1.30738  1.3558   
0.425476   0.0184694    -0.000152588    0.000672916    0.0364342    1.1767    1.30286  1.35031   
0.426468   0.0184622    -0.000152588    0.000664102    0.0359709    1.17248    1.29822  1.34484   
0.42746   0.0184551    -0.000152588    0.000655278    0.0355067    1.16828    1.29342  1.3394   
0.428452   0.0184123    -0.000152588    0.000645199    0.0350417    1.16828    1.28851  1.33399   
0.429443   0.0183698    -0.000152588    0.000635151    0.0345758    1.16828    1.28379  1.3286   
0.430435   0.0196746    -0.000183105    0.000671082    0.0341091    1.16216    1.27913  1.32323   
0.431427   0.0200184    -0.000198364    0.000673451    0.0336416    1.15194    1.27424  1.31789   
0.432419   0.0200078    -0.000198364    0.000663723    0.0331733    1.14815    1.26942  1.31257   
0.433411   0.0199972    -0.000198364    0.000653991    0.0327041    1.14437    1.26472  1.30728   
0.434402   0.0204433    -0.000198364    0.000658974    0.0322342    1.14777    1.26004  1.30201   
0.435394   0.0209575    -0.000198364    0.000665683    0.0317635    1.1388    1.2551  1.29677   
0.436386   0.0209098    -0.000198364    0.000654312    0.0312921    1.1388    1.25043  1.29155   
0.437378   0.0256419    -0.000167847    0.000790281    0.0308199    1.2585    1.24595  1.28635   
0.43837   0.0255839    -0.000167847    0.000776393    0.0303469    1.2585    1.24136  1.28118   
0.439362   0.0256303    -0.000183105    0.000765662    0.0298733    1.25068    1.23724  1.27603   
0.440353   0.0255726    -0.000183105    0.000751806    0.0293989    1.25068    1.23251  1.2709   
0.441345   0.0255497    -0.000183105    0.000738995    0.0289238    1.25034    1.22801  1.2658   
0.442337   0.0255269    -0.000183105    0.00072619    0.028448    1.2473    1.22333  1.26072   
0.443329   0.0255731    -0.000198364    0.000715319    0.0279716    1.24092    1.21883  1.25566   
0.444321   0.0256877    -0.000198364    0.000706268    0.0274944    1.23396    1.21433  1.25063   
0.445312   0.025699    -0.000213623    0.000694301    0.0270166    1.22933    1.20994  1.24561   
0.446304   0.026018    -0.000228882    0.000690471    0.0265382    1.22733    1.20568  1.24062   
0.447296   0.0259603    -0.000228882    0.000676503    0.0260591    1.22733    1.20141  1.23566   
0.448288   0.0259029    -0.000228882    0.000662581    0.0255794    1.22733    1.19711  1.23071   
0.44928   0.0260494    -0.000228882    0.000653819    0.0250991    1.22816    1.19267  1.22578   
0.450272   0.0260598    -0.000244141    0.000641548    0.0246182    1.22237    1.18808  1.22088   
0.451263   0.0297221    -0.000335693    0.000717394    0.0241368    1.12969    1.18364  1.216   
0.452255   0.0296906    -0.000335693    0.000702323    0.0236547    1.12841    1.17916  1.21114   
0.453247   0.0307703    -0.000350952    0.000713011    0.0231721    1.12691    1.17479  1.2063   
0.454239   0.0307367    -0.000366211    0.000697381    0.0226889    1.12459    1.17048  1.20148   
0.455231   0.0306697    -0.000366211    0.000681026    0.0222052    1.12459    1.16609  1.19669   
0.456223   0.039901    -0.000396729    0.000866687    0.0217209    1.18273    1.16195  1.19191   
0.457214   0.0675811    -0.000717163    0.00143516    0.0212362    1.17679    1.15769  1.18716   
0.458206   0.0688002    -0.000747681    0.00142767    0.0207509    1.1757    1.15358  1.18242   
0.459198   0.0697481    -0.000747681    0.00141346    0.0202651    1.17342    1.1494  1.17771   
0.46019   0.0696641    -0.000747681    0.00137788    0.0197789    1.17182    1.1451  1.17302   
0.461182   0.0744442    -0.000869751    0.00143619    0.0192922    1.16267    1.14085  1.16834   
0.462173   0.0744165    -0.00088501    0.0013994    0.018805    1.15927    1.13672  1.16369   
0.463165   0.0746854    -0.000900269    0.00136804    0.0183174    1.15483    1.1325  1.15906   
0.464157   0.0759394    -0.000930786    0.00135395    0.0178294    1.14978    1.12847  1.15444   
0.465149   0.0758759    -0.000946045    0.00131575    0.0173409    1.147    1.12436  1.14985   
0.466141   0.0770893    -0.000976562    0.00129911    0.016852    1.14013    1.1203  1.14527   
0.467133   0.0772522    -0.000991821    0.00126406    0.0163627    1.13827    1.11596  1.14072   
0.468124   0.0788813    -0.00105286    0.00125209    0.015873    1.13099    1.11157  1.13618   
0.469116   0.0819672    -0.00108337    0.0012609    0.015383    1.13016    1.10724  1.13167   
0.470108   0.0821513    -0.00109863    0.00122344    0.0148926    1.12841    1.10305  1.12717   
0.4711   0.0824642    -0.00117493    0.00118763    0.0144018    1.12097    1.09918  1.12269   
0.472092   0.0828727    -0.00125122    0.00115282    0.0139107    1.11544    1.09486  1.11823   
0.473083   0.0852471    -0.00128174    0.00114395    0.0134193    1.10821    1.09067  1.11379   
0.474075   0.0853906    -0.00128174    0.00110389    0.0129275    1.10403    1.08665  1.10937   
0.475067   0.0860795    -0.00128174    0.00107044    0.0124354    1.10037    1.08248  1.10497   
0.476059   0.0884323    -0.001297    0.00105615    0.0119431    1.09569    1.07853  1.10058   
0.477051   0.0884404    -0.00131226    0.00101268    0.0114504    1.09259    1.07443  1.09621   
0.478043   0.0884165    -0.00131226    0.000968826    0.0109575    1.09061    1.07041  1.09186   
0.479034   0.0886475    -0.00135803    0.000927639    0.0104644    1.08768    1.06645  1.08753   
0.480026   0.088814    -0.00135803    0.000885559    0.00997094    1.08697    1.06253  1.08322   
0.481018   0.126887    -0.00239563    0.00120255    0.00947729    1.0465    1.0585  1.07892   
0.48201   0.213144    -0.00376892    0.00191476    0.00898341    1.05926    1.05458  1.07465   
0.483002   0.264801    -0.00471497    0.00224798    0.00848932    1.05762    1.05077  1.07039   
0.483994   0.281251    -0.00512695    0.00224861    0.00799503    1.04809    1.04688  1.06614   
0.484985   0.281746    -0.00526428    0.00211325    0.00750055    1.04567    1.04285  1.06192   
0.485977   0.285755    -0.00544739    0.00200197    0.0070059    1.04131    1.0389  1.05771   
0.486969   0.286708    -0.00550842    0.00186678    0.00651108    1.03716    1.03487  1.05352   
0.487961   0.302448    -0.00588989    0.00181956    0.0060161    1.03536    1.03099  1.04934   
0.488953   0.303458    -0.00596619    0.00167539    0.00552099    1.0327    1.02715  1.04519   
0.489944   0.305117    -0.00604248    0.00153344    0.00502574    1.03134    1.02317  1.04105   
0.490936   0.305371    -0.00616455    0.00138344    0.00453037    1.0286    1.01921  1.03692   
0.491928   0.307454    -0.00634766    0.00124054    0.0040349    1.02633    1.01539  1.03282   
0.49292   0.3329    -0.00694275    0.00117824    0.00353933    1.02529    1.01173  1.02873   
0.493912   0.602119    -0.0118561    0.00183266    0.00304368    1.02299    1.00782  1.02465   
0.494904   0.639576    -0.0125275    0.00162961    0.00254795    1.0216    1.00398  1.0206   
0.495895   0.65482    -0.01297    0.0013438    0.00205217    1.01739    1.00025  1.01655   
0.496887   0.66377    -0.0133362    0.00103305    0.00155634    1.01369    0.996407  1.01253   
0.497879   0.668792    -0.0135498    0.000709231    0.00106047    1.01008    0.992737  1.00852   
0.498871   0.670796    -0.0137787    0.000378713    0.000564572    1.00684    0.988989  1.00453   
0.499863   0.671968    -0.0141144    4.61404e-05    6.86645e-05    1.00273    0.985378  1.00055   
0.500854   0.676883    -0.0143585    -0.000289195    -0.000427245    0.99928    0.98169  0.996588   
0.501846   0.678008    -0.0145264    -0.000625899    -0.000923144    0.996009    0.977926  0.992642   
0.502838   0.681404    -0.0147247    -0.000966928    -0.00141902    0.992875    0.974176  0.988712   
0.50383   0.682486    -0.0150146    -0.00130687    -0.00191487    0.989306    0.97035  0.984797   
0.504822   0.685256    -0.0151367    -0.00165192    -0.00241066    0.986017    0.966782  0.980897   
0.505814   0.696311    -0.0154266    -0.00202376    -0.00290641    0.981761    0.963136  0.977013   
0.506805   0.787018    -0.0175934    -0.0026775    -0.00340208    0.972877    0.959445  0.973144   
0.507797   0.790829    -0.0178223    -0.00308239    -0.00389767    0.969033    0.955798  0.96929   
0.508789   0.845489    -0.0189819    -0.00371438    -0.00439317    0.964813    0.952255  0.965451   
0.509781   0.847676    -0.0192413    -0.00414392    -0.00488857    0.961299    0.948607  0.961627   
0.510773   0.851975    -0.0195923    -0.00458691    -0.00538385    0.957502    0.944972  0.957818   
0.511765   0.853573    -0.0197449    -0.00501816    -0.00587901    0.953821    0.941382  0.954024   
0.512756   0.85966    -0.019989    -0.00547949    -0.00637402    0.950014    0.937865  0.950244   
0.513748   0.863792    -0.0204163    -0.00593329    -0.00686889    0.945879    0.934272  0.946479   
0.51474   0.875408    -0.0210724    -0.00644614    -0.00736359    0.941011    0.930604  0.942728   
0.515732   0.878132    -0.0213776    -0.00690047    -0.00785812    0.9375    0.927069  0.938992   
0.516724   0.879134    -0.021759    -0.00734293    -0.00835246    0.933761    0.923518  0.93527   
0.517715   0.881134    -0.0221405    -0.00779505    -0.00884661    0.929389    0.920009  0.931563   
0.518707   0.882891    -0.0223694    -0.00824668    -0.00934054    0.925799    0.916485  0.92787   
0.519699   0.884406    -0.0226746    -0.00869748    -0.00983426    0.922648    0.912945  0.92419   
0.520691   0.885389    -0.022995    -0.00914407    -0.0103277    0.919008    0.90936  0.920525   
0.521683   0.891837    -0.0233917    -0.00965055    -0.010821    0.915188    0.905818  0.916874   
0.522675   0.893823    -0.0236816    -0.0101127    -0.011314    0.911781    0.902318  0.913236   
0.523666   0.89449    -0.0239258    -0.010561    -0.0118067    0.908691    0.898919  0.909613   
0.524658   0.894748    -0.0243073    -0.0110046    -0.0122991    0.905119    0.895358  0.906003   
0.52565   0.897733    -0.0245972    -0.0114831    -0.0127913    0.902024    0.89184  0.902406   
0.526642   0.89949    -0.0249481    -0.011948    -0.0132831    0.898953    0.888306  0.898824   
0.527634   0.912317    -0.025528    -0.0125668    -0.0137746    0.89495    0.885046  0.895254   
0.528625   0.914906    -0.0259247    -0.0130519    -0.0142658    0.892037    0.881711  0.891698   
0.529617   0.920741    -0.0261536    -0.0135871    -0.0147567    0.887915    0.878245  0.888156   
0.530609   0.922183    -0.0264282    -0.0140607    -0.0152472    0.884651    0.87482  0.884626   
0.531601   0.923304    -0.0267334    -0.0145304    -0.0157374    0.881245    0.871638  0.88111   
0.532593   0.925768    -0.0271454    -0.0150226    -0.0162271    0.877789    0.868267  0.877607   
0.533585   0.927364    -0.0273895    -0.0155023    -0.0167165    0.874649    0.86488  0.874117   
0.534576   0.931324    -0.0279236    -0.0160239    -0.0172055    0.870479    0.861734  0.87064   
0.535568   0.933559    -0.0282135    -0.0165185    -0.0176941    0.867031    0.858287  0.867176   
0.53656   0.934052    -0.0285339    -0.0169832    -0.0181823    0.86351    0.854994  0.863724   
0.537552   0.936161    -0.0288696    -0.0174781    -0.01867    0.860158    0.851741  0.860286   
0.538544   0.936845    -0.0292206    -0.0179474    -0.0191573    0.856676    0.848473  0.85686   
0.539536   0.938064    -0.0296021    -0.0184275    -0.0196442    0.853116    0.845131  0.853446   
0.540527   0.941791    -0.0300446    -0.0189588    -0.0201305    0.8489    0.841915  0.850045   
0.541519   0.942123    -0.0304565    -0.0194232    -0.0206164    0.845581    0.838711  0.846657   
0.542511   0.942847    -0.0309448    -0.0198958    -0.0211018    0.842104    0.835405  0.843281   
0.543503   0.943794    -0.0312653    -0.0203734    -0.0215867    0.839099    0.832224  0.839917   
0.544495   0.944961    -0.031601    -0.0208564    -0.0220711    0.835884    0.829027  0.836565   
0.545486   0.945817    -0.0320435    -0.0213329    -0.022555    0.832722    0.825841  0.833226   
0.546478   0.947283    -0.0324402    -0.0218238    -0.0230383    0.829099    0.822611  0.829899   
0.54747   0.948939    -0.0328217    -0.0223201    -0.0235211    0.825946    0.819393  0.826584   
0.548462   0.951675    -0.0331116    -0.0228434    -0.0240033    0.822639    0.816214  0.823281   
0.549454   0.952512    -0.0333405    -0.0233222    -0.024485    0.819557    0.812991  0.819989   
0.550446   0.952902    -0.0335846    -0.0237902    -0.024966    0.816553    0.809808  0.81671   
0.551437   0.953873    -0.033844    -0.0242727    -0.0254465    0.812979    0.806552  0.813443   
0.552429   0.955254    -0.0341492    -0.0247663    -0.0259264    0.809363    0.803364  0.810187   
0.553421   0.95572    -0.0345001    -0.0252364    -0.0264056    0.806104    0.800187  0.806943   
0.554413   0.956735    -0.0348511    -0.0257211    -0.0268842    0.80309    0.797187  0.80371   
0.555405   0.958488    -0.035141    -0.0262263    -0.0273622    0.799587    0.79406  0.800489   
0.556396   0.958754    -0.0355072    -0.0266912    -0.0278395    0.796539    0.791027  0.79728   
0.557388   0.959566    -0.0358582    -0.0271712    -0.0283161    0.792936    0.78784  0.794081   
0.55838   0.962289    -0.0362396    -0.0277063    -0.0287921    0.789487    0.784719  0.790895   
0.559372   0.962738    -0.0366364    -0.0281768    -0.0292674    0.786473    0.781691  0.787719   
0.560364   0.96313    -0.0370636    -0.0286454    -0.029742    0.783404    0.778701  0.784555   
0.561356   0.96325    -0.0374603    -0.0291054    -0.0302158    0.780681    0.775667  0.781402   
0.562347   0.963885    -0.0378571    -0.0295806    -0.030689    0.777524    0.772616  0.77826   
0.563339   0.965925    -0.0381317    -0.0300996    -0.0311614    0.774459    0.769631  0.775129   
0.564331   0.966634    -0.0385742    -0.0305776    -0.0316331    0.771441    0.766602  0.77201   
0.565323   0.967476    -0.0389404    -0.0310598    -0.032104    0.76819    0.763583  0.768901   
0.566315   0.968961    -0.0392914    -0.031563    -0.0325741    0.764891    0.760495  0.765803   
0.567307   0.970091    -0.0396423    -0.0320551    -0.0330434    0.762193    0.757524  0.762716   
0.568298   0.971512    -0.0400696    -0.0325573    -0.033512    0.758782    0.754538  0.759639   
0.56929   0.971696    -0.0405426    -0.033018    -0.0339797    0.7558    0.751561  0.756573   
0.570282   0.971799    -0.0408936    -0.0334752    -0.0344467    0.753001    0.748622  0.753518   
0.571274   0.972275    -0.0412598    -0.0339448    -0.0349128    0.750227    0.745773  0.750474   
0.572266   0.972403    -0.0415955    -0.0344017    -0.035378    0.747429    0.742881  0.74744   
0.573257   0.972584    -0.0419464    -0.0348598    -0.0358424    0.744602    0.739945  0.744417   
0.574249   0.973721    -0.0421753    -0.0353519    -0.036306    0.741711    0.73702  0.741404   
0.575241   0.973872    -0.0424652    -0.0358079    -0.0367686    0.738873    0.734051  0.738402   
0.576233   0.977359    -0.0428162    -0.0363875    -0.0372304    0.735701    0.731173  0.735409   
0.577225   0.977901    -0.0432281    -0.0368583    -0.0376913    0.732787    0.728224  0.732428   
0.578217   0.978493    -0.0435944    -0.0373307    -0.0381512    0.729685    0.725286  0.729456   
0.579208   0.978767    -0.0439911    -0.0377905    -0.0386103    0.726886    0.722385  0.726494   
0.5802   0.979303    -0.0444183    -0.0382598    -0.0390684    0.723877    0.719519  0.723543   
0.581192   0.979417    -0.0448151    -0.038712    -0.0395255    0.720949    0.716637  0.720602   
0.582184   0.980107    -0.045166    -0.0391864    -0.0399817    0.717957    0.71387  0.71767   
0.583176   0.980219    -0.0453796    -0.0396371    -0.040437    0.715292    0.710981  0.714749   
0.584167   0.98041    -0.0457306    -0.0400902    -0.0408912    0.712447    0.708076  0.711838   
0.585159   0.980782    -0.0463104    -0.0405499    -0.0413445    0.709481    0.705286  0.708936   
0.586151   0.98209    -0.0465546    -0.0410481    -0.0417967    0.706383    0.702452  0.706045   
0.587143   0.982874    -0.046875    -0.0415244    -0.042248    0.703543    0.699654  0.703163   
0.588135   0.983785    -0.0471802    -0.0420058    -0.0426982    0.700493    0.696814  0.700291   
0.589127   0.984252    -0.0475922    -0.0424679    -0.0431473    0.697745    0.694061  0.697428   
0.590118   0.984201    -0.0480804    -0.0429067    -0.0435954    0.695084    0.691265  0.694575   
0.59111   0.984538    -0.0484772    -0.0433615    -0.0440425    0.692239    0.688453  0.691732   
0.592102   0.984873    -0.0487671    -0.0438155    -0.0444885    0.689274    0.685651  0.688898   
0.593094   0.98531    -0.0490875    -0.0442733    -0.0449333    0.68638    0.682832  0.686074   
0.594086   0.986053    -0.04953    -0.0447443    -0.0453771    0.683441    0.680074  0.683259   
0.595078   0.986282    -0.0498962    -0.0451912    -0.0458198    0.680584    0.677325  0.680453   
0.596069   0.986586    -0.0501709    -0.0456408    -0.0462614    0.677634    0.67456  0.677657   
0.597061   0.98666    -0.0504761    -0.0460788    -0.0467018    0.674904    0.671855  0.67487   
0.598053   0.987013    -0.0508881    -0.0465288    -0.0471411    0.672095    0.669108  0.672093   
0.599045   0.987366    -0.0512695    -0.046978    -0.0475792    0.669324    0.666344  0.669324   
0.600037   0.987616    -0.0516815    -0.0474215    -0.0480161    0.666581    0.663641  0.666565   
0.601028   0.987712    -0.0521851    -0.0478565    -0.0484519    0.663822    0.660946  0.663815   
0.60202   0.987935    -0.0524902    -0.0482967    -0.0488865    0.661117    0.658311  0.661074   
0.603012   0.988006    -0.0527954    -0.0487283    -0.0493198    0.658394    0.655609  0.658342   
0.604004   0.988127    -0.0530701    -0.0491612    -0.049752    0.655673    0.65289  0.655618   
0.604996   0.988524    -0.0533752    -0.049607    -0.0501829    0.653008    0.650231  0.652904   
0.605988   0.988921    -0.0536194    -0.0500518    -0.0506126    0.650405    0.647605  0.650199   
0.606979   0.988989    -0.0541229    -0.050479    -0.051041    0.647747    0.644938  0.647502   
0.607971   0.989082    -0.0543976    -0.0509063    -0.0514682    0.645056    0.64228  0.644815   
0.608963   0.989175    -0.0548859    -0.0513324    -0.0518941    0.642374    0.63963  0.642136   
0.609955   0.989393    -0.0553131    -0.0517638    -0.0523187    0.639697    0.636989  0.639466   
0.610947   0.98961    -0.0556946    -0.052194    -0.052742    0.637054    0.634357  0.636804   
0.611938   0.989851    -0.0559387    -0.0526245    -0.053164    0.634305    0.631732  0.634151   
0.61293   0.990191    -0.0562592    -0.0530591    -0.0535847    0.631603    0.629142  0.631507   
0.613922   0.99058    -0.0567017    -0.0534953    -0.054004    0.628804    0.626535  0.628871   
0.614914   0.991092    -0.0570221    -0.0539372    -0.054422    0.626164    0.624011  0.626244   
0.615906   0.991378    -0.0575256    -0.0543659    -0.0548387    0.623551    0.62142  0.623625   
0.616898   0.991442    -0.0579681    -0.0547811    -0.055254    0.620986    0.618838  0.621015   
0.617889   0.991678    -0.0582428    -0.0552046    -0.0556679    0.618348    0.616289  0.618413   
0.618881   0.991888    -0.058548    -0.0556255    -0.0560804    0.615685    0.613748  0.615819   
0.619873   0.991901    -0.0588837    -0.056034    -0.0564915    0.613103    0.61119  0.613234   
0.620865   0.99216    -0.0593109    -0.0564551    -0.0569012    0.610528    0.608617  0.610656   
0.621857   0.992393    -0.0596313    -0.0568735    -0.0573094    0.607927    0.6061  0.608088   
0.622849   0.99243    -0.0601044    -0.0572793    -0.0577163    0.605381    0.603567  0.605527   
0.62384   0.992491    -0.0603638    -0.0576852    -0.0581216    0.602829    0.601042  0.602974   
0.624832   0.992698    -0.0606232    -0.0580982    -0.0585255    0.600246    0.598549  0.60043   
0.625824   0.992929    -0.0609894    -0.0585113    -0.058928    0.597657    0.596065  0.597893   
0.626816   0.992989    -0.0614471    -0.058913    -0.0593289    0.595254    0.59371  0.595365   
0.627808   0.993097    -0.0617371    -0.0593161    -0.0597284    0.592805    0.591289  0.592845   
0.628799   0.993133    -0.062149    -0.0597134    -0.0601263    0.590309    0.588779  0.590332   
0.629791   0.993168    -0.0626373    -0.0601092    -0.0605228    0.587944    0.58635  0.587828   
0.630783   0.993275    -0.0630035    -0.060508    -0.0609177    0.585397    0.583855  0.585331   
0.631775   0.993334    -0.0633392    -0.0609023    -0.061311    0.582985    0.581441  0.582842   
0.632767   0.993393    -0.0637512    -0.0612951    -0.0617028    0.580532    0.578987  0.580361   
0.633759   0.993499    -0.0640411    -0.0616894    -0.062093    0.578034    0.576516  0.577888   
0.63475   0.993822    -0.0643768    -0.0620957    -0.0624817    0.57542    0.574076  0.575422   
0.635742   0.99412    -0.0646973    -0.062499    -0.0628687    0.572974    0.571645  0.572965   
0.636734   0.994201    -0.0650177    -0.0628874    -0.0632542    0.570516    0.56922  0.570515   
0.637726   0.994281    -0.0653687    -0.0632741    -0.063638    0.568066    0.566804  0.568072   
0.638718   0.994434    -0.0656586    -0.0636639    -0.0640203    0.565584    0.564371  0.565637   
0.639709   0.994585    -0.0659943    -0.0640521    -0.0644008    0.563182    0.561969  0.56321   
0.640701   0.994594    -0.0663605    -0.0644296    -0.0647798    0.560773    0.559575  0.56079   
0.641693   0.994745    -0.0666809    -0.0648146    -0.065157    0.558291    0.557165  0.558377   
0.642685   0.994777    -0.0669861    -0.0651903    -0.0655326    0.555908    0.554809  0.555972   
0.643677   0.994832    -0.0671844    -0.0655659    -0.0659065    0.553591    0.552484  0.553575   
0.644669   0.995077    -0.0676422    -0.0659524    -0.0662788    0.5512    0.55012  0.551185   
0.64566   0.995273    -0.0679626    -0.0663342    -0.0666493    0.548796    0.547738  0.548802   
0.646652   0.995399    -0.0683289    -0.0667097    -0.067018    0.546392    0.545412  0.546426   
0.647644   0.995453    -0.0686035    -0.0670787    -0.0673851    0.544034    0.543069  0.544058   
0.648636   0.995554    -0.0689697    -0.0674492    -0.0677504    0.541635    0.540733  0.541697   
0.649628   0.995678    -0.0691681    -0.0678196    -0.068114    0.539255    0.538404  0.539343   
0.65062   0.995732    -0.0696106    -0.0681835    -0.0684758    0.536943    0.536082  0.536997   
0.651611   0.995879    -0.0698395    -0.0685521    -0.0688358    0.534565    0.533744  0.534657   
0.652603   0.995932    -0.0701599    -0.0689125    -0.069194    0.532222    0.531436  0.532325   
0.653595   0.995868    -0.0704346    -0.069263    -0.0695504    0.529995    0.529182  0.53   
0.654587   0.995874    -0.0707703    -0.0696166    -0.0699051    0.527667    0.526865  0.527681   
0.655579   0.99602    -0.0711517    -0.0699782    -0.0702578    0.525273    0.524555  0.52537   
0.65657   0.996119    -0.0714111    -0.0703347    -0.0706088    0.522981    0.522252  0.523066   
0.657562   0.996125    -0.0717468    -0.0706829    -0.0709579    0.520675    0.519956  0.520769   
0.658554   0.996107    -0.072113    -0.0710276    -0.0713051    0.518434    0.51769  0.518478   
0.659546   0.996206    -0.0723419    -0.0713786    -0.0716505    0.516163    0.515408  0.516195   
0.660538   0.996396    -0.0725861    -0.0717345    -0.071994    0.513899    0.513156  0.513918   
0.66153   0.996402    -0.0730133    -0.0720753    -0.0723356    0.511644    0.51091  0.511648   
0.662521   0.996407    -0.073349    -0.0724142    -0.0726753    0.509396    0.508671  0.509385   
0.663513   0.99655    -0.0737457    -0.0727612    -0.073013    0.507131    0.506439  0.507129   
0.664505   0.996762    -0.0741272    -0.0731114    -0.0733489    0.504861    0.504191  0.50488   
0.665497   0.996928    -0.0746613    -0.0734564    -0.0736828    0.502599    0.501995  0.502637   
0.666489   0.997001    -0.0748749    -0.0737927    -0.0740147    0.500344    0.49976  0.500401   
0.66748   0.997005    -0.0750885    -0.074122    -0.0743447    0.498108    0.497531  0.498171   
0.668472   0.997055    -0.0754089    -0.0744528    -0.0746727    0.495879    0.495309  0.495948   
0.669464   0.99706    -0.0758057    -0.0747782    -0.0749987    0.493679    0.493117  0.493732   
0.670456   0.997292    -0.0762482    -0.0751187    -0.0753227    0.491442    0.490908  0.491522   
0.671448   0.997318    -0.0764771    -0.0754418    -0.0756447    0.489222    0.488706  0.489319   
0.67244   0.997504    -0.0766296    -0.0757751    -0.0759647    0.487022    0.48651  0.487122   
0.673431   0.997576    -0.0769043    -0.0760977    -0.0762826    0.484907    0.484343  0.484932   
0.674423   0.997647    -0.0771484    -0.0764183    -0.0765985    0.482708    0.48216  0.482748   
0.675415   0.997718    -0.0776062    -0.0767368    -0.0769123    0.480515    0.479984  0.480571   
0.676407   0.997722    -0.0778503    -0.0770481    -0.0772241    0.47834    0.477814  0.4784   
0.677399   0.997747    -0.0781555    -0.0773591    -0.0775338    0.476159    0.47565  0.476236   
0.678391   0.997773    -0.0786133    -0.077668    -0.0778413    0.473986    0.473492  0.474077   
0.679382   0.997821    -0.0789032    -0.0779766    -0.0781468    0.471875    0.471386  0.471925   
0.680374   0.997847    -0.0792389    -0.0782813    -0.0784502    0.469759    0.469264  0.46978   
0.681366   0.997895    -0.0795441    -0.0785856    -0.0787514    0.467617    0.467125  0.46764   
0.682358   0.997987    -0.0797882    -0.0788914    -0.0790505    0.46546    0.465015  0.465507   
0.68335   0.998013    -0.0800781    -0.0791898    -0.0793474    0.463318    0.462889  0.46338   
0.684341   0.998127    -0.080246    -0.0794931    -0.0796422    0.461209    0.460768  0.461259   
0.685333   0.99813    -0.0805359    -0.0797853    -0.0799348    0.459112    0.458677  0.459144   
0.686325   0.998155    -0.0808868    -0.0800772    -0.0802252    0.456989    0.456569  0.457036   
0.687317   0.998224    -0.0811768    -0.0803704    -0.0805134    0.454853    0.454467  0.454933   
0.688309   0.998271    -0.0814056    -0.0806597    -0.0807994    0.452755    0.452371  0.452836   
0.689301   0.99834    -0.081665    -0.0809486    -0.0810832    0.450653    0.450281  0.450746   
0.690292   0.998386    -0.082016    -0.0812335    -0.0813648    0.448568    0.448197  0.448662   
0.691284   0.998543    -0.0822601    -0.0815251    -0.0816441    0.446439    0.44612  0.446583   
0.692276   0.998611    -0.0824432    -0.0818073    -0.0819211    0.444334    0.444048  0.444511   
0.693268   0.998679    -0.0828552    -0.0820873    -0.0821959    0.44228    0.442004  0.442444   
0.69426   0.998659    -0.0831451    -0.0823578    -0.0824683    0.440248    0.439966  0.440383   
0.695251   0.998683    -0.083313    -0.0826296    -0.0827385    0.438203    0.437933  0.438329   
0.696243   0.998685    -0.0835724    -0.0828973    -0.0830064    0.436218    0.435951  0.43628   
0.697235   0.998709    -0.0837097    -0.0831645    -0.083272    0.434206    0.43393  0.434236   
0.698227   0.998711    -0.0839081    -0.0834275    -0.0835352    0.432166    0.431893  0.432199   
0.699219   0.998887    -0.0841675    -0.0837029    -0.0837961    0.430144    0.429862  0.430168   
0.700211   0.998867    -0.0844727    -0.0839594    -0.0840547    0.428148    0.427837  0.428142   
0.701202   0.998868    -0.0847168    -0.0842155    -0.0843109    0.426147    0.425839  0.426122   
0.702194   0.998913    -0.0848541    -0.0844728    -0.0845647    0.424112    0.423825  0.424107   
0.703186   0.999024    -0.0852814    -0.0847333    -0.0848161    0.422099    0.42186  0.422099   
0.704178   0.999025    -0.0854034    -0.0849822    -0.0850652    0.420094    0.419857  0.420096   
0.70517   0.999026    -0.0856628    -0.0852287    -0.0853118    0.418094    0.41786  0.418098   
0.706161   0.999028    -0.0859222    -0.0854728    -0.085556    0.416101    0.415869  0.416107   
0.707153   0.999029    -0.0861359    -0.0857144    -0.0857977    0.414113    0.413883  0.41412   
0.708145   0.99903    -0.0864563    -0.0859536    -0.086037    0.41213    0.411903  0.41214   
0.709137   0.999053    -0.0867615    -0.0861922    -0.0862739    0.410144    0.409928  0.410165   
0.710129   0.999055    -0.0870361    -0.0864265    -0.0865083    0.408173    0.407959  0.408195   
0.711121   0.999077    -0.0871887    -0.0866602    -0.0867402    0.406198    0.405995  0.406231   
0.712112   0.999079    -0.0873413    -0.0868895    -0.0869696    0.404238    0.404037  0.404273   
0.713104   0.999144    -0.0875397    -0.0871219    -0.0871965    0.402257    0.402084  0.40232   
0.714096   0.999167    -0.0876465    -0.0873481    -0.0874209    0.400299    0.400137  0.400372   
0.715088   0.999189    -0.0877533    -0.0875717    -0.0876428    0.398347    0.398195  0.398429   
0.71608   0.99919    -0.088089    -0.087791    -0.0878621    0.396409    0.396258  0.396493   
0.717072   0.999234    -0.0884857    -0.0880115    -0.0880789    0.394459    0.394327  0.394561   
0.718063   0.999235    -0.0886841    -0.0882256    -0.0882931    0.392531    0.392401  0.392635   
0.719055   0.999278    -0.0887909    -0.0884409    -0.0885048    0.390614    0.39048  0.390714   
0.720047   0.999322    -0.0890045    -0.0886537    -0.0887138    0.38868    0.388565  0.388798   
0.721039   0.999302    -0.0892029    -0.0888582    -0.0889203    0.386798    0.386655  0.386888   
0.722031   0.999303    -0.0894775    -0.089062    -0.0891242    0.384892    0.38475  0.384983   
0.723022   0.999325    -0.0895996    -0.0892651    -0.0893254    0.382983    0.382851  0.383083   
0.724014   0.999326    -0.0897064    -0.0894636    -0.089524    0.381087    0.380956  0.381188   
0.725006   0.999327    -0.0897827    -0.0896595    -0.0897199    0.379196    0.379067  0.379299   
0.725998   0.999348    -0.0900116    -0.0898547    -0.0899132    0.377303    0.377183  0.377414   
0.72699   0.99937    -0.0901184    -0.0900471    -0.0901039    0.375415    0.375304  0.375535   
0.727982   0.999392    -0.0904388    -0.0902369    -0.0902918    0.373553    0.373452  0.373661   
0.728973   0.999372    -0.0907288    -0.0904203    -0.0904771    0.371712    0.371604  0.371792   
0.729965   0.999373    -0.0909576    -0.0906028    -0.0906596    0.369847    0.36974  0.369928   
0.730957   0.999374    -0.0911102    -0.0907826    -0.0908395    0.367987    0.367882  0.368069   
0.731949   0.999395    -0.091217    -0.0909616    -0.0910166    0.366124    0.366028  0.366216   
0.732941   0.999396    -0.0914001    -0.0911359    -0.091191    0.364295    0.3642  0.364367   
0.733932   0.999397    -0.0915985    -0.0913075    -0.0913626    0.362451    0.362357  0.362523   
0.734924   0.999398    -0.0916901    -0.0914764    -0.0915315    0.360611    0.360518  0.360684   
0.735916   0.999399    -0.0919495    -0.0916424    -0.0916976    0.358776    0.358685  0.35885   
0.736908   0.9994    -0.0919647    -0.0918057    -0.0918609    0.356946    0.356856  0.357022   
0.7379   0.9994    -0.0922394    -0.0919662    -0.0920214    0.355121    0.355032  0.355198   
0.738892   0.999401    -0.0924072    -0.0921239    -0.0921791    0.353322    0.353234  0.353378   
0.739883   0.999402    -0.0926666    -0.0922788    -0.092334    0.351506    0.35142  0.351564   
0.740875   0.999403    -0.0928192    -0.0924308    -0.092486    0.349696    0.349611  0.349755   
0.741867   0.999404    -0.0930023    -0.09258    -0.0926352    0.347891    0.347806  0.34795   
0.742859   0.999445    -0.0931396    -0.0927301    -0.0927816    0.346096    0.346007  0.346151   
0.743851   0.999487    -0.093277    -0.0928774    -0.0929251    0.344286    0.344212  0.344356   
0.744843   0.999488    -0.0933838    -0.093018    -0.0930657    0.342495    0.342422  0.342566   
0.745834   0.999734    -0.0935364    -0.0931786    -0.0932034    0.340687    0.340637  0.34078   
0.746826   0.999734    -0.0935974    -0.0933134    -0.0933382    0.338926    0.338877  0.339   
0.747818   0.999735    -0.093689    -0.0934453    -0.0934701    0.33715    0.337101  0.337224   
0.74881   0.999837    -0.09375    -0.0935838    -0.0935991    0.335385    0.33533  0.335453   
0.749802   0.999837    -0.0938873    -0.0937099    -0.0937251    0.333618    0.333564  0.333686   
0.750793   0.999837    -0.0940552    -0.093833    -0.0938482    0.331856    0.331802  0.331924   
0.751785   0.999838    -0.0941772    -0.0939531    -0.0939684    0.330099    0.330045  0.330167   
0.752777   0.999838    -0.0942688    -0.0940703    -0.0940855    0.328346    0.328293  0.328414   
0.753769   0.999838    -0.0942841    -0.0941844    -0.0941997    0.326598    0.326545  0.326667   
0.754761   0.999838    -0.0943451    -0.0942956    -0.0943109    0.324875    0.324822  0.324923   
0.755753   0.999838    -0.0943604    -0.0944038    -0.0944191    0.323136    0.323083  0.323184   
0.756744   0.999839    -0.0944977    -0.094509    -0.0945242    0.321401    0.321349  0.32145   
0.757736   0.999839    -0.0944061    -0.0946111    -0.0946263    0.319671    0.31962  0.31972   
0.758728   0.999839    -0.0945435    -0.0947102    -0.0947254    0.317946    0.317895  0.317995   
0.75972   0.999839    -0.0945435    -0.0948062    -0.0948214    0.316225    0.316174  0.316275   
0.760712   0.99984    -0.0947571    -0.0948992    -0.0949144    0.314509    0.314458  0.314559   
0.761703   0.99984    -0.0949249    -0.094989    -0.0950043    0.312797    0.312747  0.312847   
0.762695   0.99984    -0.0950165    -0.0950758    -0.0950911    0.311089    0.31104  0.31114   
0.763687   0.99984    -0.0952148    -0.0951595    -0.0951748    0.309386    0.309337  0.309437   
0.764679   0.99984    -0.0952454    -0.0952401    -0.0952553    0.307688    0.307639  0.307738   
0.765671   0.999841    -0.0953217    -0.0953176    -0.0953328    0.305994    0.305945  0.306044   
0.766663   0.999861    -0.09552    -0.0953938    -0.0954071    0.304298    0.304255  0.304355   
0.767654   0.999861    -0.0956116    -0.095465    -0.0954783    0.302612    0.30257  0.30267   
0.768646   0.999861    -0.0955811    -0.095533    -0.0955463    0.300931    0.300889  0.300989   
0.769638   0.999861    -0.0957031    -0.0955979    -0.0956111    0.299254    0.299213  0.299312   
0.77063   0.999861    -0.0957794    -0.0956595    -0.0956728    0.297582    0.297541  0.29764   
0.771622   0.999862    -0.0957489    -0.095718    -0.0957312    0.295914    0.295873  0.295972   
0.772614   0.999862    -0.0957489    -0.0957733    -0.0957865    0.29425    0.294209  0.294308   
0.773605   0.999882    -0.0958405    -0.0958272    -0.0958385    0.292585    0.29255  0.292649   
0.774597   0.999882    -0.0959625    -0.095876    -0.0958874    0.29093    0.290895  0.290994   
0.775589   0.999882    -0.0961914    -0.0959216    -0.0959329    0.289278    0.289244  0.289343   
0.776581   0.999882    -0.0962372    -0.0959639    -0.0959752    0.287632    0.287598  0.287696   
0.777573   0.999902    -0.0964355    -0.0960049    -0.0960143    0.285983    0.285955  0.286053   
0.778564   0.999902    -0.0964203    -0.0960406    -0.0960501    0.284345    0.284317  0.284415   
0.779556   0.999902    -0.0965424    -0.0960731    -0.0960825    0.282711    0.282683  0.282781   
0.780548   0.999902    -0.0966644    -0.0961023    -0.0961117    0.281081    0.281053  0.281151   
0.78154   0.999902    -0.0967255    -0.0961282    -0.0961376    0.279455    0.279428  0.279525   
0.782532   0.999903    -0.0969086    -0.0961508    -0.0961601    0.277833    0.277806  0.277903   
0.783524   0.999922    -0.0967712    -0.0961719    -0.0961794    0.27621    0.276188  0.276286   
0.784515   0.999922    -0.096817    -0.0961877    -0.0961952    0.274596    0.274575  0.274672   
0.785507   0.999922    -0.0968018    -0.0962003    -0.0962077    0.272987    0.272966  0.273063   
0.786499   0.999922    -0.0967255    -0.0962094    -0.0962169    0.271381    0.27136  0.271457   
0.787491   0.999942    -0.0966644    -0.096217    -0.0962226    0.269775    0.269759  0.269856   
0.788483   0.999942    -0.0967407    -0.0962194    -0.096225    0.268178    0.268162  0.268259   
0.789474   0.999942    -0.0965424    -0.0962184    -0.0962239    0.266584    0.266569  0.266665   
0.790466   0.999961    -0.0966492    -0.0962158    -0.0962195    0.26499    0.26498  0.265076   
0.791458   0.999961    -0.0965576    -0.0962079    -0.0962116    0.263424    0.263414  0.263491   
0.79245   0.999961    -0.0966492    -0.0961966    -0.0962003    0.261842    0.261832  0.261909   
0.793442   0.999962    -0.0966339    -0.0961818    -0.0961855    0.260265    0.260255  0.260332   
0.794434   0.999962    -0.096756    -0.0961635    -0.0961672    0.258692    0.258682  0.258758   
0.795425   0.999962    -0.0967255    -0.0961418    -0.0961455    0.257122    0.257112  0.257189   
0.796417   0.999962    -0.0966492    -0.0961166    -0.0961203    0.255556    0.255547  0.255623   
0.797409   0.999962    -0.0965424    -0.0960879    -0.0960916    0.253995    0.253985  0.254062   
0.798401   0.999962    -0.0964508    -0.0960557    -0.0960594    0.252437    0.252427  0.252504   
0.799393   0.999962    -0.0965118    -0.09602    -0.0960236    0.250883    0.250873  0.25095   
0.800385   0.999962    -0.0964813    -0.0959807    -0.0959844    0.249333    0.249323  0.249399   
0.801376   0.999962    -0.096344    -0.0959379    -0.0959415    0.247786    0.247777  0.247853   
0.802368   0.999962    -0.0962677    -0.0958915    -0.0958952    0.246244    0.246235  0.246311   
0.80336   0.999962    -0.0960388    -0.0958416    -0.0958452    0.244724    0.244715  0.244772   
0.804352   0.999962    -0.0960236    -0.095788    -0.0957917    0.243189    0.24318  0.243237   
0.805344   0.999962    -0.0962219    -0.0957309    -0.0957346    0.241658    0.241649  0.241706   
0.806335   0.999962    -0.0961914    -0.0956702    -0.0956738    0.24015    0.240141  0.240179   
0.807327   0.999962    -0.0961761    -0.0956059    -0.0956095    0.238626    0.238617  0.238655   
0.808319   0.999962    -0.0961761    -0.0955379    -0.0955415    0.237106    0.237097  0.237135   
0.809311   0.999962    -0.0960846    -0.0954663    -0.0954699    0.23559    0.235581  0.235619   
0.810303   0.999962    -0.0960083    -0.095391    -0.0953946    0.234078    0.234069  0.234107   
0.811295   0.999981    -0.095993    -0.0953139    -0.0953157    0.232565    0.23256  0.232598   
0.812286   0.999981    -0.095993    -0.0952313    -0.0952331    0.23106    0.231055  0.231093   
0.813278   0.999981    -0.0958862    -0.095145    -0.0951468    0.229558    0.229554  0.229592   
0.81427   0.999981    -0.0959015    -0.0950551    -0.0950568    0.228061    0.228056  0.228094   
0.815262   0.999981    -0.0958252    -0.0949614    -0.0949632    0.226567    0.226562  0.2266   
0.816254   0.999981    -0.0957947    -0.094864    -0.0948657    0.225076    0.225072  0.225109   
0.817245   0.999981    -0.0957794    -0.0947628    -0.0947646    0.223589    0.223585  0.223623   
0.818237   0.999981    -0.0957489    -0.0946579    -0.0946597    0.222106    0.222102  0.222139   
0.819229   0.999981    -0.0956573    -0.0945493    -0.094551    0.220627    0.220622  0.22066   
0.820221   0.999981    -0.0956116    -0.0944369    -0.0944386    0.219151    0.219146  0.219184   
0.821213   0.999981    -0.0954285    -0.0943207    -0.0943224    0.217678    0.217674  0.217711   
0.822205   0.999981    -0.0953827    -0.0942007    -0.0942024    0.216209    0.216205  0.216242   
0.823196   0.999981    -0.0952454    -0.0940769    -0.0940786    0.214744    0.21474  0.214777   
0.824188   0.999981    -0.0951691    -0.0939493    -0.093951    0.213282    0.213278  0.213315   
0.82518   0.999982    -0.0950623    -0.0938179    -0.0938196    0.211824    0.21182  0.211857   
0.826172   0.999982    -0.0949402    -0.0936826    -0.0936843    0.210369    0.210365  0.210402   
0.827164   0.999982    -0.0948029    -0.0935435    -0.0935452    0.208918    0.208914  0.208951   
0.828156   0.999982    -0.0945587    -0.0934005    -0.0934022    0.20747    0.207466  0.207503   
0.829147   0.999982    -0.0944214    -0.0932536    -0.0932554    0.206025    0.206021  0.206058   
0.830139   0.999982    -0.0941772    -0.0931029    -0.0931046    0.204584    0.204581  0.204617   
0.831131   0.999982    -0.0940704    -0.0929483    -0.09295    0.203147    0.203143  0.20318   
0.832123   0.999982    -0.09375    -0.0927897    -0.0927914    0.201713    0.201709  0.201746   
0.833115   0.999982    -0.0935211    -0.0926273    -0.0926289    0.200282    0.200278  0.200315   
0.834106   0.999982    -0.0933075    -0.0924609    -0.0924625    0.198855    0.198851  0.198888   
0.835098   0.999982    -0.0932007    -0.0922905    -0.0922922    0.197431    0.197427  0.197464   
0.83609   0.999982    -0.0929108    -0.0921162    -0.0921179    0.19601    0.196007  0.196043   
0.837082   0.999982    -0.0927277    -0.0919379    -0.0919396    0.194593    0.19459  0.194626   
0.838074   0.999982    -0.0925598    -0.0917557    -0.0917574    0.19318    0.193176  0.193212   
0.839066   0.999982    -0.0924072    -0.0915695    -0.0915711    0.191787    0.191784  0.191802   
0.840057   0.999982    -0.0923157    -0.0913792    -0.0913809    0.19038    0.190377  0.190395   
0.841049   0.999982    -0.0920715    -0.091185    -0.0911866    0.188976    0.188973  0.188991   
0.842041   0.999982    -0.0920105    -0.0909867    -0.0909883    0.187576    0.187572  0.187591   
0.843033   0.999982    -0.0918121    -0.0907844    -0.090786    0.186179    0.186175  0.186193   
0.844025   1.00002    -0.0916138    -0.0905813    -0.0905797    0.184778    0.184781  0.1848   
0.845016   1.00002    -0.0912933    -0.0903709    -0.0903692    0.183388    0.183391  0.183409   
0.846008   1.00002    -0.0909882    -0.0901563    -0.0901547    0.182    0.182003  0.182021   
0.847   1.00002    -0.0908966    -0.0899377    -0.0899361    0.180616    0.180619  0.180637   
0.847992   1.00002    -0.0905609    -0.0897151    -0.0897134    0.179235    0.179238  0.179256   
0.848984   1.00002    -0.0903625    -0.0894883    -0.0894866    0.177858    0.177861  0.177879   
0.849976   1.00002    -0.0900269    -0.0892573    -0.0892557    0.176483    0.176486  0.176504   
0.850967   1.00002    -0.0897522    -0.0890223    -0.0890207    0.175112    0.175115  0.175133   
0.851959   1.00002    -0.0896301    -0.0887831    -0.0887815    0.173744    0.173747  0.173765   
0.852951   1.00002    -0.0894318    -0.0885397    -0.0885382    0.172379    0.172382  0.1724   
0.853943   1.00002    -0.0890961    -0.0882922    -0.0882907    0.171018    0.171021  0.171039   
0.854935   1.00002    -0.0887756    -0.0880405    -0.088039    0.169659    0.169662  0.16968   
0.855927   1.00002    -0.0884705    -0.0877847    -0.0877831    0.168304    0.168307  0.168325   
0.856918   1.00002    -0.08815    -0.0875246    -0.087523    0.166952    0.166955  0.166972   
0.85791   1.00002    -0.0879822    -0.0872603    -0.0872587    0.165602    0.165605  0.165623   
0.858902   1.00002    -0.0878143    -0.0869918    -0.0869902    0.164257    0.164259  0.164277   
0.859894   1.00002    -0.0874786    -0.086719    -0.0867175    0.162914    0.162917  0.162934   
0.860886   1.00002    -0.087204    -0.086442    -0.0864405    0.161574    0.161577  0.161594   
0.861877   1.00002    -0.0868378    -0.0861607    -0.0861592    0.160237    0.16024  0.160258   
0.862869   1.00002    -0.0865173    -0.0858752    -0.0858737    0.158904    0.158906  0.158924   
0.863861   1.00002    -0.0861206    -0.0855854    -0.0855838    0.157573    0.157576  0.157594   
0.864853   1.00002    -0.0858612    -0.0852912    -0.0852897    0.156246    0.156248  0.156266   
0.865845   1.00002    -0.0856323    -0.0849928    -0.0849913    0.154921    0.154924  0.154941   
0.866837   1.00002    -0.0853882    -0.0846901    -0.0846886    0.1536    0.153602  0.15362   
0.867828   1.00002    -0.0851135    -0.084383    -0.0843815    0.152281    0.152284  0.152302   
0.86882   1.00002    -0.0848236    -0.0840716    -0.0840701    0.150966    0.150969  0.150986   
0.869812   1.00002    -0.0845184    -0.0837558    -0.0837543    0.149654    0.149656  0.149674   
0.870804   1.00002    -0.0842285    -0.0834357    -0.0834342    0.148344    0.148347  0.148364   
0.871796   1.00002    -0.0838165    -0.0831112    -0.0831097    0.147038    0.14704  0.147058   
0.872787   1.00002    -0.0834808    -0.0827823    -0.0827808    0.145734    0.145737  0.145754   
0.873779   1.00002    -0.0831604    -0.082449    -0.0824475    0.144434    0.144436  0.144454   
0.874771   1.00002    -0.0828857    -0.0821112    -0.0821098    0.143136    0.143139  0.143156   
0.875763   1.00002    -0.0825348    -0.0817691    -0.0817677    0.141842    0.141844  0.141862   
0.876755   1.00002    -0.0821838    -0.0814225    -0.0814211    0.14055    0.140552  0.14057   
0.877747   1.00002    -0.0816803    -0.0810715    -0.0810701    0.139261    0.139264  0.139281   
0.878738   1.00002    -0.0812531    -0.080716    -0.0807146    0.137975    0.137978  0.137995   
0.87973   1.00002    -0.0807343    -0.0803561    -0.0803547    0.136692    0.136695  0.136712   
0.880722   1.00002    -0.0803986    -0.0799916    -0.0799903    0.135412    0.135415  0.135432   
0.881714   1.00002    -0.0799561    -0.0796227    -0.0796213    0.134135    0.134137  0.134155   
0.882706   1.00002    -0.0795898    -0.0792493    -0.0792479    0.132861    0.132863  0.13288   
0.883698   1.00002    -0.0792236    -0.0788713    -0.07887    0.131589    0.131592  0.131609   
0.884689   1.00002    -0.0788879    -0.0784888    -0.0784875    0.130321    0.130323  0.13034   
0.885681   1.00002    -0.0785522    -0.0781018    -0.0781005    0.129055    0.129057  0.129074   
0.886673   1.00002    -0.0781403    -0.0777102    -0.0777089    0.127792    0.127794  0.127812   
0.887665   1.00002    -0.0776367    -0.0773141    -0.0773128    0.126532    0.126534  0.126551   
0.888657   1.00002    -0.0772552    -0.0769134    -0.0769121    0.125275    0.125277  0.125294   
0.889648   1.00002    -0.0769958    -0.0765081    -0.0765068    0.12402    0.124022  0.12404   
0.89064   1.00002    -0.0765381    -0.0760982    -0.0760969    0.122769    0.122771  0.122788   
0.891632   1.00002    -0.0760498    -0.0756837    -0.0756824    0.12152    0.121522  0.121539   
0.892624   1.00002    -0.0756226    -0.0752645    -0.0752632    0.120274    0.120276  0.120293   
0.893616   1.00002    -0.0752106    -0.0748407    -0.0748395    0.11903    0.119032  0.119049   
0.894608   1.00002    -0.0747528    -0.0744123    -0.0744111    0.11779    0.117792  0.117809   
0.895599   1.00002    -0.0741577    -0.0739792    -0.073978    0.116552    0.116554  0.116571   
0.896591   1.00002    -0.0737152    -0.0735415    -0.0735402    0.115317    0.115319  0.115336   
0.897583   1.00002    -0.0732727    -0.0730991    -0.0730978    0.114084    0.114086  0.114103   
0.898575   1.00002    -0.0729065    -0.0726519    -0.0726507    0.112854    0.112856  0.112873   
0.899567   1.00002    -0.0724487    -0.0722001    -0.0721989    0.111628    0.111629  0.111646   
0.900558   1.00002    -0.071991    -0.0717436    -0.0717424    0.110403    0.110405  0.110422   
0.90155   1.00002    -0.0715637    -0.0712823    -0.0712811    0.109182    0.109184  0.1092   
0.902542   1.00002    -0.0711517    -0.0708163    -0.0708151    0.107963    0.107965  0.107982   
0.903534   1.00002    -0.070694    -0.0703455    -0.0703443    0.106747    0.106748  0.106765   
0.904526   1.00002    -0.0702667    -0.06987    -0.0698688    0.105533    0.105535  0.105552   
0.905518   1.00002    -0.0697021    -0.0693897    -0.0693885    0.104322    0.104324  0.104341   
0.906509   1.00002    -0.0693207    -0.0689046    -0.0689034    0.103114    0.103116  0.103133   
0.907501   1.00002    -0.0688171    -0.0684147    -0.0684136    0.101908    0.10191  0.101927   
0.908493   1.00002    -0.0682678    -0.06792    -0.0679189    0.100705    0.100707  0.100724   
0.909485   1.00002    -0.0677795    -0.0674205    -0.0674193    0.0995051    0.0995067  0.0995235   
0.910477   1.00002    -0.0673523    -0.0669161    -0.066915    0.0983074    0.098309  0.0983258   
0.911469   1.00002    -0.066803    -0.0664069    -0.0664058    0.0971122    0.0971139  0.0971306   
0.91246   1.00002    -0.0662689    -0.0658929    -0.0658918    0.0959197    0.0959213  0.0959381   
0.913452   1.00002    -0.0657654    -0.0653739    -0.0653728    0.0947298    0.0947314  0.0947481   
0.914444   1.00002    -0.0651855    -0.0648501    -0.064849    0.0935425    0.093544  0.0935607   
0.915436   1.00002    -0.0646057    -0.0643214    -0.0643203    0.0923577    0.0923592  0.0923759   
0.916428   1.00002    -0.0641479    -0.0637878    -0.0637868    0.0911755    0.091177  0.0911937   
0.917419   1.00002    -0.0635071    -0.0632493    -0.0632482    0.0899958    0.0899973  0.090014   
0.918411   1.00002    -0.0628967    -0.0627058    -0.0627048    0.0888187    0.0888202  0.0888368   
0.919403   1.00002    -0.0622864    -0.0621575    -0.0621564    0.0876442    0.0876456  0.0876622   
0.920395   1.00002    -0.0617065    -0.0616041    -0.0616031    0.0864721    0.0864736  0.0864902   
0.921387   1.00002    -0.0610657    -0.0610458    -0.0610448    0.0853026    0.0853041  0.0853206   
0.922379   1.00002    -0.0604858    -0.0604825    -0.0604815    0.0841356    0.084137  0.0841536   
0.92337   1.00002    -0.0600128    -0.0599143    -0.0599133    0.0829712    0.0829725  0.0829891   
0.924362   1.00002    -0.0594177    -0.059341    -0.05934    0.0818092    0.0818105  0.081827   
0.925354   1.00002    -0.0588684    -0.0587627    -0.0587618    0.0806497    0.080651  0.0806675   
0.926346   1.00002    -0.0582275    -0.0581795    -0.0581785    0.0794927    0.079494  0.0795105   
0.927338   1.00002    -0.0576019    -0.0575911    -0.0575902    0.0783381    0.0783394  0.0783559   
0.928329   1.00002    -0.0569763    -0.0569978    -0.0569968    0.0771861    0.0771873  0.0772038   
0.929321   1.00002    -0.0564117    -0.0563993    -0.0563984    0.0760365    0.0760377  0.0760541   
0.930313   1.00002    -0.0558929    -0.0557959    -0.0557949    0.0748893    0.0748905  0.0749069   
0.931305   1.00002    -0.0552216    -0.0551873    -0.0551864    0.0737446    0.0737458  0.0737622   
0.932297   1.00002    -0.0546112    -0.0545736    -0.0545727    0.0726023    0.0726035  0.0726198   
0.933289   1.00002    -0.0540771    -0.0539549    -0.053954    0.0714624    0.0714636  0.07148   
0.93428   1.00002    -0.0533905    -0.053331    -0.0533301    0.070325    0.0703262  0.0703425   
0.935272   1.00002    -0.0527191    -0.052702    -0.0527011    0.06919    0.0691911  0.0692074   
0.936264   1.00002    -0.052124    -0.0520678    -0.052067    0.0680574    0.0680585  0.0680748   
0.937256   1.00002    -0.0515137    -0.0514285    -0.0514277    0.0669271    0.0669282  0.0669445   
0.938248   1.00002    -0.0509796    -0.0507841    -0.0507832    0.0657993    0.0658004  0.0658167   
0.93924   1.00002    -0.050293    -0.0501344    -0.0501336    0.0646739    0.0646749  0.0646912   
0.940231   1.00002    -0.049469    -0.0494796    -0.0494788    0.0635508    0.0635518  0.0635681   
0.941223   1.00002    -0.0488129    -0.0488196    -0.0488188    0.0624301    0.0624311  0.0624473   
0.942215   1.00002    -0.0482025    -0.0481544    -0.0481536    0.0613117    0.0613127  0.0613289   
0.943207   1.00002    -0.0474396    -0.0474839    -0.0474832    0.0601957    0.0601967  0.0602129   
0.944199   1.00002    -0.0467377    -0.0468083    -0.0468075    0.0590821    0.059083  0.0590992   
0.94519   1.00002    -0.0461121    -0.0461274    -0.0461266    0.0579708    0.0579717  0.0579879   
0.946182   1.00002    -0.0454102    -0.0454412    -0.0454404    0.0568618    0.0568627  0.0568788   
0.947174   1.00002    -0.0447083    -0.0447497    -0.044749    0.0557551    0.055756  0.0557721   
0.948166   1.00002    -0.0439911    -0.044053    -0.0440523    0.0546508    0.0546517  0.0546678   
0.949158   1.00002    -0.0432892    -0.043351    -0.0433503    0.0535488    0.0535496  0.0535657   
0.95015   1.00002    -0.0425415    -0.0426437    -0.042643    0.052449    0.0524499  0.0524659   
0.951141   1.00002    -0.0418701    -0.0419311    -0.0419304    0.0513516    0.0513524  0.0513684   
0.952133   1.00002    -0.0411682    -0.0412131    -0.0412125    0.0502564    0.0502572  0.0502732   
0.953125   1.00002    -0.0405273    -0.0404898    -0.0404892    0.0491635    0.0491643  0.0491803   
0.954117   1.00002    -0.0397644    -0.0397612    -0.0397606    0.0480729    0.0480737  0.0480897   
0.955109   1.00002    -0.0389404    -0.0390272    -0.0390266    0.0469846    0.0469853  0.0470013   
0.9561   1.00002    -0.0382233    -0.0382878    -0.0382872    0.0458985    0.0458992  0.0459152   
0.957092   1.00002    -0.0375366    -0.0375431    -0.0375425    0.0448147    0.0448154  0.0448313   
0.958084   1.00002    -0.036911    -0.0367929    -0.0367924    0.0437331    0.0437338  0.0437497   
0.959076   1.00002    -0.0361023    -0.0360374    -0.0360368    0.0426537    0.0426544  0.0426703   
0.960068   1.00002    -0.0352783    -0.0352764    -0.0352758    0.0415766    0.0415773  0.0415932   
0.96106   1.00002    -0.0344086    -0.03451    -0.0345095    0.0405017    0.0405023  0.0405182   
0.962051   1.00002    -0.0336609    -0.0337382    -0.0337376    0.039429    0.0394296  0.0394455   
0.963043   1.00002    -0.032959    -0.0329608    -0.0329603    0.0383586    0.0383592  0.038375   
0.964035   1.00002    -0.032135    -0.0321781    -0.0321776    0.0372903    0.0372909  0.0373067   
0.965027   1.00002    -0.0312805    -0.0313898    -0.0313893    0.0362242    0.0362248  0.0362406   
0.966019   1.00002    -0.0304871    -0.0305961    -0.0305956    0.0351603    0.0351609  0.0351767   
0.96701   1.00002    -0.0297546    -0.0297969    -0.0297964    0.0340986    0.0340992  0.0341149   
0.968002   1.00002    -0.029007    -0.0289921    -0.0289916    0.0330391    0.0330396  0.0330554   
0.968994   1.00002    -0.0281372    -0.0281818    -0.0281814    0.0319817    0.0319822  0.031998   
0.969986   1.00002    -0.0272827    -0.027366    -0.0273656    0.0309265    0.030927  0.0309428   
0.970978   1.00002    -0.0264893    -0.0265447    -0.0265442    0.0298735    0.029874  0.0298897   
0.97197   1.00002    -0.0257263    -0.0257177    -0.0257173    0.0288226    0.0288231  0.0288388   
0.972961   1.00002    -0.0249176    -0.0248852    -0.0248849    0.0277739    0.0277743  0.02779   
0.973953   1.00002    -0.0240936    -0.0240472    -0.0240468    0.0267272    0.0267277  0.0267433   
0.974945   1.00002    -0.0231781    -0.0232035    -0.0232031    0.0256828    0.0256832  0.0256988   
0.975937   1.00002    -0.0222778    -0.0223542    -0.0223539    0.0246404    0.0246408  0.0246564   
0.976929   1.00002    -0.0214233    -0.0214993    -0.021499    0.0236002    0.0236005  0.0236161   
0.977921   1.00002    -0.0206146    -0.0206388    -0.0206385    0.022562    0.0225624  0.022578   
0.978912   1.00002    -0.0197144    -0.0197726    -0.0197723    0.021526    0.0215263  0.0215419   
0.979904   1.00002    -0.0188446    -0.0189008    -0.0189005    0.0204921    0.0204924  0.0205079   
0.980896   1.00002    -0.017868    -0.0180233    -0.0180231    0.0194602    0.0194605  0.0194761   
0.981888   1.00002    -0.0169373    -0.0171402    -0.0171399    0.0184305    0.0184307  0.0184463   
0.98288   1.00002    -0.0161133    -0.0162513    -0.0162511    0.0174028    0.017403  0.0174186   
0.983871   1.00002    -0.0153046    -0.0153568    -0.0153565    0.0163772    0.0163774  0.0163929   
0.984863   1.00002    -0.014389    -0.0144565    -0.0144563    0.0153536    0.0153539  0.0153694   
0.985855   1.00002    -0.013504    -0.0135505    -0.0135503    0.0143321    0.0143324  0.0143478   
0.986847   1.00002    -0.0125732    -0.0126388    -0.0126386    0.0133127    0.0133129  0.0133284   
0.987839   1.00002    -0.0116119    -0.0117213    -0.0117212    0.0122953    0.0122955  0.012311   
0.988831   1.00002    -0.0107727    -0.0107981    -0.010798    0.01128    0.0112802  0.0112956   
0.989822   1.00002    -0.00984192    -0.00986912    -0.00986897    0.0102667    0.0102668  0.0102823   
0.990814   1.00002    -0.00889587    -0.00893434    -0.0089342    0.00925541    0.00925555  0.00927095   
0.991806   1.00002    -0.00793457    -0.00799377    -0.00799365    0.00824615    0.00824628  0.00826167   
0.992798   1.00002    -0.00700378    -0.00704739    -0.00704728    0.00723891    0.00723903  0.0072544   
0.99379   1.00002    -0.006073    -0.0060952    -0.0060951    0.00623369    0.00623378  0.00624914   
0.994781   1.00002    -0.00509644    -0.00513717    -0.00513709    0.00523046    0.00523054  0.00524588   
0.995773   1.00002    -0.00415039    -0.0041733    -0.00417324    0.00422924    0.0042293  0.00424463   
0.996765   1.00002    -0.00317383    -0.00320359    -0.00320354    0.00323    0.00323005  0.00324536   
0.997757   1.00002    -0.00218201    -0.002228    -0.00222797    0.00223276    0.00223279  0.00224808   
0.998749   1.00002    -0.0012207    -0.00124655    -0.00124653    0.00123749    0.00123751  0.00125279   
0.999741   1.00002    -0.000244141    -0.000259202    -0.000259198    0.0002442    0.000244204  0.000259467   
